2026-01-09T16:49:58.361393Z  INFO tailwindcss_oxide::scanner: Provided sources:
2026-01-09T16:49:58.361549Z  INFO tailwindcss_oxide::scanner: Source: PublicSourceEntry { base: "C:\\Users\\Lenovo\\Documents\\GitHub\\NON", pattern: "**/*", negated: false }
2026-01-09T16:49:58.361858Z  INFO tailwindcss_oxide::scanner: Optimized sources:
2026-01-09T16:49:58.361887Z  INFO tailwindcss_oxide::scanner: Source: Auto { base: "C:\\Users\\Lenovo\\Documents\\GitHub\\NON" }
2026-01-09T16:49:58.363860Z  INFO scan_sources: tailwindcss_oxide::scanner: enter
2026-01-09T16:49:58.366276Z  INFO scan_sources: tailwindcss_oxide::scanner: Discovering "C:\\Users\\Lenovo\\Documents\\GitHub\\NON\\.htaccess"
2026-01-09T16:49:58.366819Z  INFO scan_sources: tailwindcss_oxide::scanner: Discovering "C:\\Users\\Lenovo\\Documents\\GitHub\\NON\\app"
2026-01-09T16:49:58.367279Z  INFO scan_sources: tailwindcss_oxide::scanner: Discovering "C:\\Users\\Lenovo\\Documents\\GitHub\\NON\\app\\api"
2026-01-09T16:49:58.367540Z  INFO scan_sources: tailwindcss_oxide::scanner: Discovering "C:\\Users\\Lenovo\\Documents\\GitHub\\NON\\app\\components"
2026-01-09T16:49:58.367735Z  INFO scan_sources: tailwindcss_oxide::scanner: Discovering "C:\\Users\\Lenovo\\Documents\\GitHub\\NON\\app\\components\\FilterBar.tsx"
2026-01-09T16:49:58.367822Z  INFO scan_sources: tailwindcss_oxide::scanner: Discovering "C:\\Users\\Lenovo\\Documents\\GitHub\\NON\\app\\components\\Navbar.tsx"
2026-01-09T16:49:58.367910Z  INFO scan_sources: tailwindcss_oxide::scanner: Discovering "C:\\Users\\Lenovo\\Documents\\GitHub\\NON\\app\\components\\SheetData.tsx"
2026-01-09T16:49:58.367994Z  INFO scan_sources: tailwindcss_oxide::scanner: Discovering "C:\\Users\\Lenovo\\Documents\\GitHub\\NON\\app\\components\\SheetData2.tsx"
2026-01-09T16:49:58.368076Z  INFO scan_sources: tailwindcss_oxide::scanner: Discovering "C:\\Users\\Lenovo\\Documents\\GitHub\\NON\\app\\components\\SheetData3.tsx"
2026-01-09T16:49:58.368160Z  INFO scan_sources: tailwindcss_oxide::scanner: Discovering "C:\\Users\\Lenovo\\Documents\\GitHub\\NON\\app\\components\\TrailingSlashHandler.tsx"
2026-01-09T16:49:58.368290Z  INFO scan_sources: tailwindcss_oxide::scanner: Discovering "C:\\Users\\Lenovo\\Documents\\GitHub\\NON\\app\\globals.css"
2026-01-09T16:49:58.368377Z  INFO scan_sources: tailwindcss_oxide::scanner: Discovering "C:\\Users\\Lenovo\\Documents\\GitHub\\NON\\app\\layout.tsx"
2026-01-09T16:49:58.368517Z  INFO scan_sources: tailwindcss_oxide::scanner: Discovering "C:\\Users\\Lenovo\\Documents\\GitHub\\NON\\app\\lib"
2026-01-09T16:49:58.368703Z  INFO scan_sources: tailwindcss_oxide::scanner: Discovering "C:\\Users\\Lenovo\\Documents\\GitHub\\NON\\app\\lib\\sheetsApi.ts"
2026-01-09T16:49:58.368819Z  INFO scan_sources: tailwindcss_oxide::scanner: Discovering "C:\\Users\\Lenovo\\Documents\\GitHub\\NON\\app\\page.tsx"
2026-01-09T16:49:58.368958Z  INFO scan_sources: tailwindcss_oxide::scanner: Discovering "C:\\Users\\Lenovo\\Documents\\GitHub\\NON\\app\\pages"
2026-01-09T16:49:58.369212Z  INFO scan_sources: tailwindcss_oxide::scanner: Discovering "C:\\Users\\Lenovo\\Documents\\GitHub\\NON\\app\\pages\\after"
2026-01-09T16:49:58.369391Z  INFO scan_sources: tailwindcss_oxide::scanner: Discovering "C:\\Users\\Lenovo\\Documents\\GitHub\\NON\\app\\pages\\after\\page.tsx"
2026-01-09T16:49:58.369557Z  INFO scan_sources: tailwindcss_oxide::scanner: Discovering "C:\\Users\\Lenovo\\Documents\\GitHub\\NON\\app\\pages\\alert"
2026-01-09T16:49:58.369735Z  INFO scan_sources: tailwindcss_oxide::scanner: Discovering "C:\\Users\\Lenovo\\Documents\\GitHub\\NON\\app\\pages\\alert\\page.tsx"
2026-01-09T16:49:58.369907Z  INFO scan_sources: tailwindcss_oxide::scanner: Discovering "C:\\Users\\Lenovo\\Documents\\GitHub\\NON\\app\\pages\\before"
2026-01-09T16:49:58.370281Z  INFO scan_sources: tailwindcss_oxide::scanner: Discovering "C:\\Users\\Lenovo\\Documents\\GitHub\\NON\\app\\pages\\before\\page.tsx"
2026-01-09T16:49:58.370691Z  INFO scan_sources: tailwindcss_oxide::scanner: Discovering "C:\\Users\\Lenovo\\Documents\\GitHub\\NON\\DEPLOYMENT_FIX.md"
2026-01-09T16:49:58.370798Z  INFO scan_sources: tailwindcss_oxide::scanner: Discovering "C:\\Users\\Lenovo\\Documents\\GitHub\\NON\\DEPLOYMENT_NGINX.md"
2026-01-09T16:49:58.370966Z  INFO scan_sources: tailwindcss_oxide::scanner: Discovering "C:\\Users\\Lenovo\\Documents\\GitHub\\NON\\eslint.config.mjs"
2026-01-09T16:49:58.371073Z  INFO scan_sources: tailwindcss_oxide::scanner: Discovering "C:\\Users\\Lenovo\\Documents\\GitHub\\NON\\google-apps-script-code.gs"
2026-01-09T16:49:58.371172Z  INFO scan_sources: tailwindcss_oxide::scanner: Discovering "C:\\Users\\Lenovo\\Documents\\GitHub\\NON\\next.config.ts"
2026-01-09T16:49:58.371274Z  INFO scan_sources: tailwindcss_oxide::scanner: Discovering "C:\\Users\\Lenovo\\Documents\\GitHub\\NON\\nginx.conf"
2026-01-09T16:49:58.371871Z  INFO scan_sources: tailwindcss_oxide::scanner: Discovering "C:\\Users\\Lenovo\\Documents\\GitHub\\NON\\package.json"
2026-01-09T16:49:58.371970Z  INFO scan_sources: tailwindcss_oxide::scanner: Discovering "C:\\Users\\Lenovo\\Documents\\GitHub\\NON\\postcss.config.mjs"
2026-01-09T16:49:58.372133Z  INFO scan_sources: tailwindcss_oxide::scanner: Discovering "C:\\Users\\Lenovo\\Documents\\GitHub\\NON\\public"
2026-01-09T16:49:58.372344Z  INFO scan_sources: tailwindcss_oxide::scanner: Discovering "C:\\Users\\Lenovo\\Documents\\GitHub\\NON\\public\\file.svg"
2026-01-09T16:49:58.372430Z  INFO scan_sources: tailwindcss_oxide::scanner: Discovering "C:\\Users\\Lenovo\\Documents\\GitHub\\NON\\public\\globe.svg"
2026-01-09T16:49:58.372535Z  INFO scan_sources: tailwindcss_oxide::scanner: Discovering "C:\\Users\\Lenovo\\Documents\\GitHub\\NON\\public\\next.svg"
2026-01-09T16:49:58.372627Z  INFO scan_sources: tailwindcss_oxide::scanner: Discovering "C:\\Users\\Lenovo\\Documents\\GitHub\\NON\\public\\People-party.svg"
2026-01-09T16:49:58.372728Z  INFO scan_sources: tailwindcss_oxide::scanner: Discovering "C:\\Users\\Lenovo\\Documents\\GitHub\\NON\\public\\vercel.svg"
2026-01-09T16:49:58.372818Z  INFO scan_sources: tailwindcss_oxide::scanner: Discovering "C:\\Users\\Lenovo\\Documents\\GitHub\\NON\\public\\window.svg"
2026-01-09T16:49:58.372945Z  INFO scan_sources: tailwindcss_oxide::scanner: Discovering "C:\\Users\\Lenovo\\Documents\\GitHub\\NON\\README.md"
2026-01-09T16:49:58.373105Z  INFO scan_sources: tailwindcss_oxide::scanner: Discovering "C:\\Users\\Lenovo\\Documents\\GitHub\\NON\\scripts"
2026-01-09T16:49:58.373313Z  INFO scan_sources: tailwindcss_oxide::scanner: Discovering "C:\\Users\\Lenovo\\Documents\\GitHub\\NON\\scripts\\create-redirect-files.js"
2026-01-09T16:49:58.373400Z  INFO scan_sources: tailwindcss_oxide::scanner: Discovering "C:\\Users\\Lenovo\\Documents\\GitHub\\NON\\scripts\\fix-html-urls.js"
2026-01-09T16:49:58.373674Z  INFO scan_sources: tailwindcss_oxide::scanner: Discovering "C:\\Users\\Lenovo\\Documents\\GitHub\\NON\\tsconfig.json"
2026-01-09T16:49:58.373828Z  INFO scan_sources: tailwindcss_oxide::scanner: exit
2026-01-09T16:49:58.373841Z  INFO extract_candidates: tailwindcss_oxide::scanner: enter
2026-01-09T16:49:58.373849Z  INFO extract_candidates:read_all_files: tailwindcss_oxide::scanner: enter
2026-01-09T16:49:58.373854Z  INFO extract_candidates:read_all_files: tailwindcss_oxide::scanner: Reading 31 file(s)
2026-01-09T16:49:58.374468Z  INFO tailwindcss_oxide::scanner: Reading "C:\\Users\\Lenovo\\Documents\\GitHub\\NON\\public\\next.svg"
2026-01-09T16:49:58.374478Z  INFO tailwindcss_oxide::scanner: Reading "C:\\Users\\Lenovo\\Documents\\GitHub\\NON\\eslint.config.mjs"
2026-01-09T16:49:58.374492Z  INFO tailwindcss_oxide::scanner: Reading "C:\\Users\\Lenovo\\Documents\\GitHub\\NON\\.htaccess"
2026-01-09T16:49:58.374507Z  INFO tailwindcss_oxide::scanner: Reading "C:\\Users\\Lenovo\\Documents\\GitHub\\NON\\package.json"
2026-01-09T16:49:58.374503Z  INFO tailwindcss_oxide::scanner: Reading "C:\\Users\\Lenovo\\Documents\\GitHub\\NON\\app\\layout.tsx"
2026-01-09T16:49:58.374567Z  INFO tailwindcss_oxide::scanner: Reading "C:\\Users\\Lenovo\\Documents\\GitHub\\NON\\public\\file.svg"
2026-01-09T16:49:58.374600Z  INFO tailwindcss_oxide::scanner: Reading "C:\\Users\\Lenovo\\Documents\\GitHub\\NON\\public\\People-party.svg"
2026-01-09T16:49:58.374616Z  INFO tailwindcss_oxide::scanner: Reading "C:\\Users\\Lenovo\\Documents\\GitHub\\NON\\app\\pages\\alert\\page.tsx"
2026-01-09T16:49:58.374664Z  INFO tailwindcss_oxide::scanner: Reading "C:\\Users\\Lenovo\\Documents\\GitHub\\NON\\app\\components\\FilterBar.tsx"
2026-01-09T16:49:58.374692Z  INFO tailwindcss_oxide::scanner: Reading "C:\\Users\\Lenovo\\Documents\\GitHub\\NON\\public\\globe.svg"
2026-01-09T16:49:58.374640Z  INFO tailwindcss_oxide::scanner: Reading "C:\\Users\\Lenovo\\Documents\\GitHub\\NON\\postcss.config.mjs"
2026-01-09T16:49:58.374701Z  INFO tailwindcss_oxide::scanner: Reading "C:\\Users\\Lenovo\\Documents\\GitHub\\NON\\app\\lib\\sheetsApi.ts"
2026-01-09T16:49:58.374756Z  INFO tailwindcss_oxide::scanner: Reading "C:\\Users\\Lenovo\\Documents\\GitHub\\NON\\scripts\\fix-html-urls.js"
2026-01-09T16:49:58.374700Z  INFO tailwindcss_oxide::scanner: Reading "C:\\Users\\Lenovo\\Documents\\GitHub\\NON\\README.md"
2026-01-09T16:49:58.374807Z  INFO tailwindcss_oxide::scanner: Reading "C:\\Users\\Lenovo\\Documents\\GitHub\\NON\\public\\vercel.svg"
2026-01-09T16:49:58.374798Z  INFO tailwindcss_oxide::scanner: Reading "C:\\Users\\Lenovo\\Documents\\GitHub\\NON\\app\\components\\SheetData.tsx"
2026-01-09T16:49:58.374807Z  INFO tailwindcss_oxide::scanner: Reading "C:\\Users\\Lenovo\\Documents\\GitHub\\NON\\next.config.ts"
2026-01-09T16:49:58.374819Z  INFO tailwindcss_oxide::scanner: Reading "C:\\Users\\Lenovo\\Documents\\GitHub\\NON\\app\\pages\\before\\page.tsx"
2026-01-09T16:49:58.374819Z  INFO tailwindcss_oxide::scanner: Reading "C:\\Users\\Lenovo\\Documents\\GitHub\\NON\\DEPLOYMENT_FIX.md"
2026-01-09T16:49:58.374869Z  INFO tailwindcss_oxide::scanner: Reading "C:\\Users\\Lenovo\\Documents\\GitHub\\NON\\app\\components\\Navbar.tsx"
2026-01-09T16:49:58.374631Z  INFO tailwindcss_oxide::scanner: Reading "C:\\Users\\Lenovo\\Documents\\GitHub\\NON\\google-apps-script-code.gs"
2026-01-09T16:49:58.374876Z  INFO tailwindcss_oxide::scanner: Reading "C:\\Users\\Lenovo\\Documents\\GitHub\\NON\\app\\page.tsx"
2026-01-09T16:49:58.374901Z  INFO tailwindcss_oxide::scanner: Reading "C:\\Users\\Lenovo\\Documents\\GitHub\\NON\\public\\window.svg"
2026-01-09T16:49:58.374897Z  INFO tailwindcss_oxide::scanner: Reading "C:\\Users\\Lenovo\\Documents\\GitHub\\NON\\app\\pages\\after\\page.tsx"
2026-01-09T16:49:58.374911Z  INFO tailwindcss_oxide::scanner: Reading "C:\\Users\\Lenovo\\Documents\\GitHub\\NON\\DEPLOYMENT_NGINX.md"
2026-01-09T16:49:58.374964Z  INFO tailwindcss_oxide::scanner: Reading "C:\\Users\\Lenovo\\Documents\\GitHub\\NON\\nginx.conf"
2026-01-09T16:49:58.374881Z  INFO tailwindcss_oxide::scanner: Reading "C:\\Users\\Lenovo\\Documents\\GitHub\\NON\\scripts\\create-redirect-files.js"
2026-01-09T16:49:58.374977Z  INFO tailwindcss_oxide::scanner: Reading "C:\\Users\\Lenovo\\Documents\\GitHub\\NON\\app\\components\\TrailingSlashHandler.tsx"
2026-01-09T16:49:58.374983Z  INFO tailwindcss_oxide::scanner: Reading "C:\\Users\\Lenovo\\Documents\\GitHub\\NON\\app\\components\\SheetData3.tsx"
2026-01-09T16:49:58.374995Z  INFO tailwindcss_oxide::scanner: Reading "C:\\Users\\Lenovo\\Documents\\GitHub\\NON\\app\\components\\SheetData2.tsx"
2026-01-09T16:49:58.375077Z  INFO tailwindcss_oxide::scanner: Reading "C:\\Users\\Lenovo\\Documents\\GitHub\\NON\\tsconfig.json"
2026-01-09T16:49:58.375140Z  INFO extract_candidates:read_all_files: tailwindcss_oxide::scanner: exit
2026-01-09T16:49:58.375154Z  INFO extract_candidates:parse_all_blobs: tailwindcss_oxide::scanner: enter
2026-01-09T16:49:58.375162Z  INFO extract_candidates:parse_all_blobs:extract: tailwindcss_oxide::scanner: enter
2026-01-09T16:49:58.376290Z  INFO extract_candidates:parse_all_blobs:extract: tailwindcss_oxide::scanner: exit
2026-01-09T16:49:58.376314Z  INFO extract_candidates:parse_all_blobs: tailwindcss_oxide::scanner: exit
2026-01-09T16:49:58.376320Z  INFO extract_candidates:read_all_files: tailwindcss_oxide::scanner: enter
2026-01-09T16:49:58.376324Z  INFO extract_candidates:read_all_files: tailwindcss_oxide::scanner: Reading 1 file(s)
2026-01-09T16:49:58.376457Z  INFO extract_candidates:read_all_files: tailwindcss_oxide::scanner: Reading "C:\\Users\\Lenovo\\Documents\\GitHub\\NON\\app\\globals.css"
2026-01-09T16:49:58.376480Z  INFO extract_candidates:read_all_files: tailwindcss_oxide::scanner: exit
2026-01-09T16:49:58.376491Z  INFO extract_candidates:extract_css_variables: tailwindcss_oxide::scanner: enter
2026-01-09T16:49:58.376499Z  INFO extract_candidates:extract_css_variables:extract: tailwindcss_oxide::scanner: enter
2026-01-09T16:49:58.376540Z  INFO extract_candidates:extract_css_variables:extract: tailwindcss_oxide::scanner: exit
2026-01-09T16:49:58.376557Z  INFO extract_candidates:extract_css_variables: tailwindcss_oxide::scanner: exit
2026-01-09T16:49:58.376908Z  INFO extract_candidates: tailwindcss_oxide::scanner: exit
2026-01-09T16:49:58.377497Z  INFO get_files: tailwindcss_oxide::scanner: enter
2026-01-09T16:49:58.377509Z  INFO get_files:scan_sources: tailwindcss_oxide::scanner: enter
2026-01-09T16:49:58.381291Z  INFO get_files:scan_sources: tailwindcss_oxide::scanner: Discovering "C:\\Users\\Lenovo\\Documents\\GitHub\\NON\\app"
2026-01-09T16:49:58.381669Z  INFO get_files:scan_sources: tailwindcss_oxide::scanner: Discovering "C:\\Users\\Lenovo\\Documents\\GitHub\\NON\\app\\api"
2026-01-09T16:49:58.382144Z  INFO get_files:scan_sources: tailwindcss_oxide::scanner: Discovering "C:\\Users\\Lenovo\\Documents\\GitHub\\NON\\app\\components"
2026-01-09T16:49:58.382991Z  INFO get_files:scan_sources: tailwindcss_oxide::scanner: Discovering "C:\\Users\\Lenovo\\Documents\\GitHub\\NON\\app\\lib"
2026-01-09T16:49:58.383386Z  INFO get_files:scan_sources: tailwindcss_oxide::scanner: Discovering "C:\\Users\\Lenovo\\Documents\\GitHub\\NON\\app\\pages"
2026-01-09T16:49:58.383673Z  INFO get_files:scan_sources: tailwindcss_oxide::scanner: Discovering "C:\\Users\\Lenovo\\Documents\\GitHub\\NON\\app\\pages\\after"
2026-01-09T16:49:58.383996Z  INFO get_files:scan_sources: tailwindcss_oxide::scanner: Discovering "C:\\Users\\Lenovo\\Documents\\GitHub\\NON\\app\\pages\\alert"
2026-01-09T16:49:58.384340Z  INFO get_files:scan_sources: tailwindcss_oxide::scanner: Discovering "C:\\Users\\Lenovo\\Documents\\GitHub\\NON\\app\\pages\\before"
2026-01-09T16:49:58.385630Z  INFO get_files:scan_sources: tailwindcss_oxide::scanner: Discovering "C:\\Users\\Lenovo\\Documents\\GitHub\\NON\\public"
2026-01-09T16:49:58.386465Z  INFO get_files:scan_sources: tailwindcss_oxide::scanner: Discovering "C:\\Users\\Lenovo\\Documents\\GitHub\\NON\\scripts"
2026-01-09T16:49:58.387111Z  INFO get_files:scan_sources: tailwindcss_oxide::scanner: exit
2026-01-09T16:49:58.387237Z  INFO get_files: tailwindcss_oxide::scanner: exit
2026-01-09T16:49:58.387519Z  INFO get_globs: tailwindcss_oxide::scanner: enter
2026-01-09T16:49:58.387529Z  INFO get_globs:scan_sources: tailwindcss_oxide::scanner: enter
2026-01-09T16:49:58.390133Z  INFO get_globs:scan_sources: tailwindcss_oxide::scanner: Discovering "C:\\Users\\Lenovo\\Documents\\GitHub\\NON\\app"
2026-01-09T16:49:58.390542Z  INFO get_globs:scan_sources: tailwindcss_oxide::scanner: Discovering "C:\\Users\\Lenovo\\Documents\\GitHub\\NON\\app\\api"
2026-01-09T16:49:58.390854Z  INFO get_globs:scan_sources: tailwindcss_oxide::scanner: Discovering "C:\\Users\\Lenovo\\Documents\\GitHub\\NON\\app\\components"
2026-01-09T16:49:58.391583Z  INFO get_globs:scan_sources: tailwindcss_oxide::scanner: Discovering "C:\\Users\\Lenovo\\Documents\\GitHub\\NON\\app\\lib"
2026-01-09T16:49:58.392168Z  INFO get_globs:scan_sources: tailwindcss_oxide::scanner: Discovering "C:\\Users\\Lenovo\\Documents\\GitHub\\NON\\app\\pages"
2026-01-09T16:49:58.392432Z  INFO get_globs:scan_sources: tailwindcss_oxide::scanner: Discovering "C:\\Users\\Lenovo\\Documents\\GitHub\\NON\\app\\pages\\after"
2026-01-09T16:49:58.392791Z  INFO get_globs:scan_sources: tailwindcss_oxide::scanner: Discovering "C:\\Users\\Lenovo\\Documents\\GitHub\\NON\\app\\pages\\alert"
2026-01-09T16:49:58.393124Z  INFO get_globs:scan_sources: tailwindcss_oxide::scanner: Discovering "C:\\Users\\Lenovo\\Documents\\GitHub\\NON\\app\\pages\\before"
2026-01-09T16:49:58.394427Z  INFO get_globs:scan_sources: tailwindcss_oxide::scanner: Discovering "C:\\Users\\Lenovo\\Documents\\GitHub\\NON\\public"
2026-01-09T16:49:58.395142Z  INFO get_globs:scan_sources: tailwindcss_oxide::scanner: Discovering "C:\\Users\\Lenovo\\Documents\\GitHub\\NON\\scripts"
2026-01-09T16:49:58.395753Z  INFO get_globs:scan_sources: tailwindcss_oxide::scanner: exit
2026-01-09T16:49:58.415188Z  INFO get_globs: tailwindcss_oxide::scanner: exit
