2026-01-10T11:12:27.424927Z  INFO tailwindcss_oxide::scanner: Provided sources:
2026-01-10T11:12:27.425197Z  INFO tailwindcss_oxide::scanner: Source: PublicSourceEntry { base: "C:\\Users\\Lenovo\\Documents\\GitHub\\NON", pattern: "**/*", negated: false }
2026-01-10T11:12:27.425473Z  INFO tailwindcss_oxide::scanner: Optimized sources:
2026-01-10T11:12:27.425512Z  INFO tailwindcss_oxide::scanner: Source: Auto { base: "C:\\Users\\Lenovo\\Documents\\GitHub\\NON" }
2026-01-10T11:12:27.429484Z  INFO scan_sources: tailwindcss_oxide::scanner: enter
2026-01-10T11:12:27.431400Z  INFO scan_sources: tailwindcss_oxide::scanner: Discovering "C:\\Users\\Lenovo\\Documents\\GitHub\\NON\\.htaccess"
2026-01-10T11:12:27.432569Z  INFO scan_sources: tailwindcss_oxide::scanner: Discovering "C:\\Users\\Lenovo\\Documents\\GitHub\\NON\\app"
2026-01-10T11:12:27.432896Z  INFO scan_sources: tailwindcss_oxide::scanner: Discovering "C:\\Users\\Lenovo\\Documents\\GitHub\\NON\\app\\api"
2026-01-10T11:12:27.433305Z  INFO scan_sources: tailwindcss_oxide::scanner: Discovering "C:\\Users\\Lenovo\\Documents\\GitHub\\NON\\app\\components"
2026-01-10T11:12:27.433566Z  INFO scan_sources: tailwindcss_oxide::scanner: Discovering "C:\\Users\\Lenovo\\Documents\\GitHub\\NON\\app\\components\\Dashboard.tsx"
2026-01-10T11:12:27.433680Z  INFO scan_sources: tailwindcss_oxide::scanner: Discovering "C:\\Users\\Lenovo\\Documents\\GitHub\\NON\\app\\components\\FilterBar.tsx"
2026-01-10T11:12:27.433789Z  INFO scan_sources: tailwindcss_oxide::scanner: Discovering "C:\\Users\\Lenovo\\Documents\\GitHub\\NON\\app\\components\\Navbar.tsx"
2026-01-10T11:12:27.433896Z  INFO scan_sources: tailwindcss_oxide::scanner: Discovering "C:\\Users\\Lenovo\\Documents\\GitHub\\NON\\app\\components\\SheetData.tsx"
2026-01-10T11:12:27.433995Z  INFO scan_sources: tailwindcss_oxide::scanner: Discovering "C:\\Users\\Lenovo\\Documents\\GitHub\\NON\\app\\components\\SheetData2.tsx"
2026-01-10T11:12:27.434082Z  INFO scan_sources: tailwindcss_oxide::scanner: Discovering "C:\\Users\\Lenovo\\Documents\\GitHub\\NON\\app\\components\\SheetData3.tsx"
2026-01-10T11:12:27.434174Z  INFO scan_sources: tailwindcss_oxide::scanner: Discovering "C:\\Users\\Lenovo\\Documents\\GitHub\\NON\\app\\components\\TrailingSlashHandler.tsx"
2026-01-10T11:12:27.434313Z  INFO scan_sources: tailwindcss_oxide::scanner: Discovering "C:\\Users\\Lenovo\\Documents\\GitHub\\NON\\app\\globals.css"
2026-01-10T11:12:27.434406Z  INFO scan_sources: tailwindcss_oxide::scanner: Discovering "C:\\Users\\Lenovo\\Documents\\GitHub\\NON\\app\\layout.tsx"
2026-01-10T11:12:27.434571Z  INFO scan_sources: tailwindcss_oxide::scanner: Discovering "C:\\Users\\Lenovo\\Documents\\GitHub\\NON\\app\\lib"
2026-01-10T11:12:27.434943Z  INFO scan_sources: tailwindcss_oxide::scanner: Discovering "C:\\Users\\Lenovo\\Documents\\GitHub\\NON\\app\\lib\\sheetsApi.ts"
2026-01-10T11:12:27.435084Z  INFO scan_sources: tailwindcss_oxide::scanner: Discovering "C:\\Users\\Lenovo\\Documents\\GitHub\\NON\\app\\page.tsx"
2026-01-10T11:12:27.435272Z  INFO scan_sources: tailwindcss_oxide::scanner: Discovering "C:\\Users\\Lenovo\\Documents\\GitHub\\NON\\app\\pages"
2026-01-10T11:12:27.435638Z  INFO scan_sources: tailwindcss_oxide::scanner: Discovering "C:\\Users\\Lenovo\\Documents\\GitHub\\NON\\app\\pages\\after"
2026-01-10T11:12:27.435879Z  INFO scan_sources: tailwindcss_oxide::scanner: Discovering "C:\\Users\\Lenovo\\Documents\\GitHub\\NON\\app\\pages\\after\\page.tsx"
2026-01-10T11:12:27.436085Z  INFO scan_sources: tailwindcss_oxide::scanner: Discovering "C:\\Users\\Lenovo\\Documents\\GitHub\\NON\\app\\pages\\alert"
2026-01-10T11:12:27.436330Z  INFO scan_sources: tailwindcss_oxide::scanner: Discovering "C:\\Users\\Lenovo\\Documents\\GitHub\\NON\\app\\pages\\alert\\page.tsx"
2026-01-10T11:12:27.436542Z  INFO scan_sources: tailwindcss_oxide::scanner: Discovering "C:\\Users\\Lenovo\\Documents\\GitHub\\NON\\app\\pages\\before"
2026-01-10T11:12:27.436754Z  INFO scan_sources: tailwindcss_oxide::scanner: Discovering "C:\\Users\\Lenovo\\Documents\\GitHub\\NON\\app\\pages\\before\\page.tsx"
2026-01-10T11:12:27.437130Z  INFO scan_sources: tailwindcss_oxide::scanner: Discovering "C:\\Users\\Lenovo\\Documents\\GitHub\\NON\\app\\pages\\dashboard"
2026-01-10T11:12:27.437327Z  INFO scan_sources: tailwindcss_oxide::scanner: Discovering "C:\\Users\\Lenovo\\Documents\\GitHub\\NON\\app\\pages\\dashboard\\page.tsx"
2026-01-10T11:12:27.437502Z  INFO scan_sources: tailwindcss_oxide::scanner: Discovering "C:\\Users\\Lenovo\\Documents\\GitHub\\NON\\DEPLOYMENT_FIX.md"
2026-01-10T11:12:27.437586Z  INFO scan_sources: tailwindcss_oxide::scanner: Discovering "C:\\Users\\Lenovo\\Documents\\GitHub\\NON\\DEPLOYMENT_NGINX.md"
2026-01-10T11:12:27.437672Z  INFO scan_sources: tailwindcss_oxide::scanner: Discovering "C:\\Users\\Lenovo\\Documents\\GitHub\\NON\\eslint.config.mjs"
2026-01-10T11:12:27.437757Z  INFO scan_sources: tailwindcss_oxide::scanner: Discovering "C:\\Users\\Lenovo\\Documents\\GitHub\\NON\\google-apps-script-code.gs"
2026-01-10T11:12:27.437849Z  INFO scan_sources: tailwindcss_oxide::scanner: Discovering "C:\\Users\\Lenovo\\Documents\\GitHub\\NON\\next.config.ts"
2026-01-10T11:12:27.437938Z  INFO scan_sources: tailwindcss_oxide::scanner: Discovering "C:\\Users\\Lenovo\\Documents\\GitHub\\NON\\nginx.conf"
2026-01-10T11:12:27.438422Z  INFO scan_sources: tailwindcss_oxide::scanner: Discovering "C:\\Users\\Lenovo\\Documents\\GitHub\\NON\\package.json"
2026-01-10T11:12:27.438508Z  INFO scan_sources: tailwindcss_oxide::scanner: Discovering "C:\\Users\\Lenovo\\Documents\\GitHub\\NON\\postcss.config.mjs"
2026-01-10T11:12:27.438662Z  INFO scan_sources: tailwindcss_oxide::scanner: Discovering "C:\\Users\\Lenovo\\Documents\\GitHub\\NON\\public"
2026-01-10T11:12:27.438876Z  INFO scan_sources: tailwindcss_oxide::scanner: Discovering "C:\\Users\\Lenovo\\Documents\\GitHub\\NON\\public\\file.svg"
2026-01-10T11:12:27.438985Z  INFO scan_sources: tailwindcss_oxide::scanner: Discovering "C:\\Users\\Lenovo\\Documents\\GitHub\\NON\\public\\globe.svg"
2026-01-10T11:12:27.439089Z  INFO scan_sources: tailwindcss_oxide::scanner: Discovering "C:\\Users\\Lenovo\\Documents\\GitHub\\NON\\public\\next.svg"
2026-01-10T11:12:27.439212Z  INFO scan_sources: tailwindcss_oxide::scanner: Discovering "C:\\Users\\Lenovo\\Documents\\GitHub\\NON\\public\\People-party.svg"
2026-01-10T11:12:27.439327Z  INFO scan_sources: tailwindcss_oxide::scanner: Discovering "C:\\Users\\Lenovo\\Documents\\GitHub\\NON\\public\\vercel.svg"
2026-01-10T11:12:27.439431Z  INFO scan_sources: tailwindcss_oxide::scanner: Discovering "C:\\Users\\Lenovo\\Documents\\GitHub\\NON\\public\\window.svg"
2026-01-10T11:12:27.439550Z  INFO scan_sources: tailwindcss_oxide::scanner: Discovering "C:\\Users\\Lenovo\\Documents\\GitHub\\NON\\README.md"
2026-01-10T11:12:27.439697Z  INFO scan_sources: tailwindcss_oxide::scanner: Discovering "C:\\Users\\Lenovo\\Documents\\GitHub\\NON\\scripts"
2026-01-10T11:12:27.439885Z  INFO scan_sources: tailwindcss_oxide::scanner: Discovering "C:\\Users\\Lenovo\\Documents\\GitHub\\NON\\scripts\\create-redirect-files.js"
2026-01-10T11:12:27.440066Z  INFO scan_sources: tailwindcss_oxide::scanner: Discovering "C:\\Users\\Lenovo\\Documents\\GitHub\\NON\\scripts\\fix-html-urls.js"
2026-01-10T11:12:27.440403Z  INFO scan_sources: tailwindcss_oxide::scanner: Discovering "C:\\Users\\Lenovo\\Documents\\GitHub\\NON\\tsconfig.json"
2026-01-10T11:12:27.440625Z  INFO scan_sources: tailwindcss_oxide::scanner: exit
2026-01-10T11:12:27.440642Z  INFO extract_candidates: tailwindcss_oxide::scanner: enter
2026-01-10T11:12:27.440651Z  INFO extract_candidates:read_all_files: tailwindcss_oxide::scanner: enter
2026-01-10T11:12:27.440658Z  INFO extract_candidates:read_all_files: tailwindcss_oxide::scanner: Reading 33 file(s)
2026-01-10T11:12:27.441497Z  INFO tailwindcss_oxide::scanner: Reading "C:\\Users\\Lenovo\\Documents\\GitHub\\NON\\app\\layout.tsx"
2026-01-10T11:12:27.441513Z  INFO tailwindcss_oxide::scanner: Reading "C:\\Users\\Lenovo\\Documents\\GitHub\\NON\\nginx.conf"
2026-01-10T11:12:27.441519Z  INFO tailwindcss_oxide::scanner: Reading "C:\\Users\\Lenovo\\Documents\\GitHub\\NON\\app\\components\\SheetData.tsx"
2026-01-10T11:12:27.441549Z  INFO tailwindcss_oxide::scanner: Reading "C:\\Users\\Lenovo\\Documents\\GitHub\\NON\\app\\components\\FilterBar.tsx"
2026-01-10T11:12:27.441617Z  INFO tailwindcss_oxide::scanner: Reading "C:\\Users\\Lenovo\\Documents\\GitHub\\NON\\public\\window.svg"
2026-01-10T11:12:27.441648Z  INFO tailwindcss_oxide::scanner: Reading "C:\\Users\\Lenovo\\Documents\\GitHub\\NON\\app\\components\\Dashboard.tsx"
2026-01-10T11:12:27.441710Z  INFO tailwindcss_oxide::scanner: Reading "C:\\Users\\Lenovo\\Documents\\GitHub\\NON\\app\\lib\\sheetsApi.ts"
2026-01-10T11:12:27.441715Z  INFO tailwindcss_oxide::scanner: Reading "C:\\Users\\Lenovo\\Documents\\GitHub\\NON\\package.json"
2026-01-10T11:12:27.441780Z  INFO tailwindcss_oxide::scanner: Reading "C:\\Users\\Lenovo\\Documents\\GitHub\\NON\\app\\pages\\alert\\page.tsx"
2026-01-10T11:12:27.441909Z  INFO tailwindcss_oxide::scanner: Reading "C:\\Users\\Lenovo\\Documents\\GitHub\\NON\\.htaccess"
2026-01-10T11:12:27.441900Z  INFO tailwindcss_oxide::scanner: Reading "C:\\Users\\Lenovo\\Documents\\GitHub\\NON\\scripts\\create-redirect-files.js"
2026-01-10T11:12:27.441932Z  INFO tailwindcss_oxide::scanner: Reading "C:\\Users\\Lenovo\\Documents\\GitHub\\NON\\public\\People-party.svg"
2026-01-10T11:12:27.441894Z  INFO tailwindcss_oxide::scanner: Reading "C:\\Users\\Lenovo\\Documents\\GitHub\\NON\\public\\globe.svg"
2026-01-10T11:12:27.441978Z  INFO tailwindcss_oxide::scanner: Reading "C:\\Users\\Lenovo\\Documents\\GitHub\\NON\\postcss.config.mjs"
2026-01-10T11:12:27.441973Z  INFO tailwindcss_oxide::scanner: Reading "C:\\Users\\Lenovo\\Documents\\GitHub\\NON\\app\\components\\Navbar.tsx"
2026-01-10T11:12:27.442001Z  INFO tailwindcss_oxide::scanner: Reading "C:\\Users\\Lenovo\\Documents\\GitHub\\NON\\app\\pages\\before\\page.tsx"
2026-01-10T11:12:27.442009Z  INFO tailwindcss_oxide::scanner: Reading "C:\\Users\\Lenovo\\Documents\\GitHub\\NON\\app\\components\\SheetData2.tsx"
2026-01-10T11:12:27.442009Z  INFO tailwindcss_oxide::scanner: Reading "C:\\Users\\Lenovo\\Documents\\GitHub\\NON\\app\\page.tsx"
2026-01-10T11:12:27.442069Z  INFO tailwindcss_oxide::scanner: Reading "C:\\Users\\Lenovo\\Documents\\GitHub\\NON\\eslint.config.mjs"
2026-01-10T11:12:27.441964Z  INFO tailwindcss_oxide::scanner: Reading "C:\\Users\\Lenovo\\Documents\\GitHub\\NON\\DEPLOYMENT_NGINX.md"
2026-01-10T11:12:27.442080Z  INFO tailwindcss_oxide::scanner: Reading "C:\\Users\\Lenovo\\Documents\\GitHub\\NON\\app\\components\\SheetData3.tsx"
2026-01-10T11:12:27.442097Z  INFO tailwindcss_oxide::scanner: Reading "C:\\Users\\Lenovo\\Documents\\GitHub\\NON\\app\\pages\\dashboard\\page.tsx"
2026-01-10T11:12:27.442077Z  INFO tailwindcss_oxide::scanner: Reading "C:\\Users\\Lenovo\\Documents\\GitHub\\NON\\app\\pages\\after\\page.tsx"
2026-01-10T11:12:27.442093Z  INFO tailwindcss_oxide::scanner: Reading "C:\\Users\\Lenovo\\Documents\\GitHub\\NON\\DEPLOYMENT_FIX.md"
2026-01-10T11:12:27.442132Z  INFO tailwindcss_oxide::scanner: Reading "C:\\Users\\Lenovo\\Documents\\GitHub\\NON\\public\\file.svg"
2026-01-10T11:12:27.442091Z  INFO tailwindcss_oxide::scanner: Reading "C:\\Users\\Lenovo\\Documents\\GitHub\\NON\\public\\next.svg"
2026-01-10T11:12:27.442118Z  INFO tailwindcss_oxide::scanner: Reading "C:\\Users\\Lenovo\\Documents\\GitHub\\NON\\public\\vercel.svg"
2026-01-10T11:12:27.442159Z  INFO tailwindcss_oxide::scanner: Reading "C:\\Users\\Lenovo\\Documents\\GitHub\\NON\\tsconfig.json"
2026-01-10T11:12:27.442167Z  INFO tailwindcss_oxide::scanner: Reading "C:\\Users\\Lenovo\\Documents\\GitHub\\NON\\next.config.ts"
2026-01-10T11:12:27.442198Z  INFO tailwindcss_oxide::scanner: Reading "C:\\Users\\Lenovo\\Documents\\GitHub\\NON\\README.md"
2026-01-10T11:12:27.442218Z  INFO tailwindcss_oxide::scanner: Reading "C:\\Users\\Lenovo\\Documents\\GitHub\\NON\\scripts\\fix-html-urls.js"
2026-01-10T11:12:27.442239Z  INFO tailwindcss_oxide::scanner: Reading "C:\\Users\\Lenovo\\Documents\\GitHub\\NON\\google-apps-script-code.gs"
2026-01-10T11:12:27.442333Z  INFO tailwindcss_oxide::scanner: Reading "C:\\Users\\Lenovo\\Documents\\GitHub\\NON\\app\\components\\TrailingSlashHandler.tsx"
2026-01-10T11:12:27.442400Z  INFO extract_candidates:read_all_files: tailwindcss_oxide::scanner: exit
2026-01-10T11:12:27.442414Z  INFO extract_candidates:parse_all_blobs: tailwindcss_oxide::scanner: enter
2026-01-10T11:12:27.442420Z  INFO extract_candidates:parse_all_blobs:extract: tailwindcss_oxide::scanner: enter
2026-01-10T11:12:27.444113Z  INFO extract_candidates:parse_all_blobs:extract: tailwindcss_oxide::scanner: exit
2026-01-10T11:12:27.444193Z  INFO extract_candidates:parse_all_blobs: tailwindcss_oxide::scanner: exit
2026-01-10T11:12:27.444200Z  INFO extract_candidates:read_all_files: tailwindcss_oxide::scanner: enter
2026-01-10T11:12:27.444205Z  INFO extract_candidates:read_all_files: tailwindcss_oxide::scanner: Reading 1 file(s)
2026-01-10T11:12:27.444313Z  INFO extract_candidates:read_all_files: tailwindcss_oxide::scanner: Reading "C:\\Users\\Lenovo\\Documents\\GitHub\\NON\\app\\globals.css"
2026-01-10T11:12:27.444323Z  INFO extract_candidates:read_all_files: tailwindcss_oxide::scanner: exit
2026-01-10T11:12:27.444332Z  INFO extract_candidates:extract_css_variables: tailwindcss_oxide::scanner: enter
2026-01-10T11:12:27.444336Z  INFO extract_candidates:extract_css_variables:extract: tailwindcss_oxide::scanner: enter
2026-01-10T11:12:27.444372Z  INFO extract_candidates:extract_css_variables:extract: tailwindcss_oxide::scanner: exit
2026-01-10T11:12:27.444386Z  INFO extract_candidates:extract_css_variables: tailwindcss_oxide::scanner: exit
2026-01-10T11:12:27.444966Z  INFO extract_candidates: tailwindcss_oxide::scanner: exit
2026-01-10T11:12:27.445675Z  INFO get_files: tailwindcss_oxide::scanner: enter
2026-01-10T11:12:27.445687Z  INFO get_files:scan_sources: tailwindcss_oxide::scanner: enter
2026-01-10T11:12:27.448258Z  INFO get_files:scan_sources: tailwindcss_oxide::scanner: Discovering "C:\\Users\\Lenovo\\Documents\\GitHub\\NON\\app"
2026-01-10T11:12:27.448597Z  INFO get_files:scan_sources: tailwindcss_oxide::scanner: Discovering "C:\\Users\\Lenovo\\Documents\\GitHub\\NON\\app\\api"
2026-01-10T11:12:27.448941Z  INFO get_files:scan_sources: tailwindcss_oxide::scanner: Discovering "C:\\Users\\Lenovo\\Documents\\GitHub\\NON\\app\\components"
2026-01-10T11:12:27.449737Z  INFO get_files:scan_sources: tailwindcss_oxide::scanner: Discovering "C:\\Users\\Lenovo\\Documents\\GitHub\\NON\\app\\lib"
2026-01-10T11:12:27.450102Z  INFO get_files:scan_sources: tailwindcss_oxide::scanner: Discovering "C:\\Users\\Lenovo\\Documents\\GitHub\\NON\\app\\pages"
2026-01-10T11:12:27.450339Z  INFO get_files:scan_sources: tailwindcss_oxide::scanner: Discovering "C:\\Users\\Lenovo\\Documents\\GitHub\\NON\\app\\pages\\after"
2026-01-10T11:12:27.450641Z  INFO get_files:scan_sources: tailwindcss_oxide::scanner: Discovering "C:\\Users\\Lenovo\\Documents\\GitHub\\NON\\app\\pages\\alert"
2026-01-10T11:12:27.450952Z  INFO get_files:scan_sources: tailwindcss_oxide::scanner: Discovering "C:\\Users\\Lenovo\\Documents\\GitHub\\NON\\app\\pages\\before"
2026-01-10T11:12:27.451253Z  INFO get_files:scan_sources: tailwindcss_oxide::scanner: Discovering "C:\\Users\\Lenovo\\Documents\\GitHub\\NON\\app\\pages\\dashboard"
2026-01-10T11:12:27.452347Z  INFO get_files:scan_sources: tailwindcss_oxide::scanner: Discovering "C:\\Users\\Lenovo\\Documents\\GitHub\\NON\\public"
2026-01-10T11:12:27.452933Z  INFO get_files:scan_sources: tailwindcss_oxide::scanner: Discovering "C:\\Users\\Lenovo\\Documents\\GitHub\\NON\\scripts"
2026-01-10T11:12:27.453539Z  INFO get_files:scan_sources: tailwindcss_oxide::scanner: exit
2026-01-10T11:12:27.453672Z  INFO get_files: tailwindcss_oxide::scanner: exit
2026-01-10T11:12:27.454066Z  INFO get_globs: tailwindcss_oxide::scanner: enter
2026-01-10T11:12:27.454081Z  INFO get_globs:scan_sources: tailwindcss_oxide::scanner: enter
2026-01-10T11:12:27.457008Z  INFO get_globs:scan_sources: tailwindcss_oxide::scanner: Discovering "C:\\Users\\Lenovo\\Documents\\GitHub\\NON\\app"
2026-01-10T11:12:27.457457Z  INFO get_globs:scan_sources: tailwindcss_oxide::scanner: Discovering "C:\\Users\\Lenovo\\Documents\\GitHub\\NON\\app\\api"
2026-01-10T11:12:27.458049Z  INFO get_globs:scan_sources: tailwindcss_oxide::scanner: Discovering "C:\\Users\\Lenovo\\Documents\\GitHub\\NON\\app\\components"
2026-01-10T11:12:27.459149Z  INFO get_globs:scan_sources: tailwindcss_oxide::scanner: Discovering "C:\\Users\\Lenovo\\Documents\\GitHub\\NON\\app\\lib"
2026-01-10T11:12:27.459763Z  INFO get_globs:scan_sources: tailwindcss_oxide::scanner: Discovering "C:\\Users\\Lenovo\\Documents\\GitHub\\NON\\app\\pages"
2026-01-10T11:12:27.460110Z  INFO get_globs:scan_sources: tailwindcss_oxide::scanner: Discovering "C:\\Users\\Lenovo\\Documents\\GitHub\\NON\\app\\pages\\after"
2026-01-10T11:12:27.460562Z  INFO get_globs:scan_sources: tailwindcss_oxide::scanner: Discovering "C:\\Users\\Lenovo\\Documents\\GitHub\\NON\\app\\pages\\alert"
2026-01-10T11:12:27.461056Z  INFO get_globs:scan_sources: tailwindcss_oxide::scanner: Discovering "C:\\Users\\Lenovo\\Documents\\GitHub\\NON\\app\\pages\\before"
2026-01-10T11:12:27.461509Z  INFO get_globs:scan_sources: tailwindcss_oxide::scanner: Discovering "C:\\Users\\Lenovo\\Documents\\GitHub\\NON\\app\\pages\\dashboard"
2026-01-10T11:12:27.462990Z  INFO get_globs:scan_sources: tailwindcss_oxide::scanner: Discovering "C:\\Users\\Lenovo\\Documents\\GitHub\\NON\\public"
2026-01-10T11:12:27.464128Z  INFO get_globs:scan_sources: tailwindcss_oxide::scanner: Discovering "C:\\Users\\Lenovo\\Documents\\GitHub\\NON\\scripts"
2026-01-10T11:12:27.465049Z  INFO get_globs:scan_sources: tailwindcss_oxide::scanner: exit
2026-01-10T11:12:27.487403Z  INFO get_globs: tailwindcss_oxide::scanner: exit
