2026-01-09T07:31:25.688483Z  INFO tailwindcss_oxide::scanner: Provided sources:
2026-01-09T07:31:25.688723Z  INFO tailwindcss_oxide::scanner: Source: PublicSourceEntry { base: "C:\\Users\\Lenovo\\Documents\\GitHub\\NON", pattern: "**/*", negated: false }
2026-01-09T07:31:25.689010Z  INFO tailwindcss_oxide::scanner: Optimized sources:
2026-01-09T07:31:25.689037Z  INFO tailwindcss_oxide::scanner: Source: Auto { base: "C:\\Users\\Lenovo\\Documents\\GitHub\\NON" }
2026-01-09T07:31:25.691564Z  INFO scan_sources: tailwindcss_oxide::scanner: enter
2026-01-09T07:31:25.693642Z  INFO scan_sources: tailwindcss_oxide::scanner: Discovering "C:\\Users\\Lenovo\\Documents\\GitHub\\NON\\.htaccess"
2026-01-09T07:31:25.694378Z  INFO scan_sources: tailwindcss_oxide::scanner: Discovering "C:\\Users\\Lenovo\\Documents\\GitHub\\NON\\app"
2026-01-09T07:31:25.694640Z  INFO scan_sources: tailwindcss_oxide::scanner: Discovering "C:\\Users\\Lenovo\\Documents\\GitHub\\NON\\app\\api"
2026-01-09T07:31:25.695030Z  INFO scan_sources: tailwindcss_oxide::scanner: Discovering "C:\\Users\\Lenovo\\Documents\\GitHub\\NON\\app\\components"
2026-01-09T07:31:25.695225Z  INFO scan_sources: tailwindcss_oxide::scanner: Discovering "C:\\Users\\Lenovo\\Documents\\GitHub\\NON\\app\\components\\FilterBar.tsx"
2026-01-09T07:31:25.695313Z  INFO scan_sources: tailwindcss_oxide::scanner: Discovering "C:\\Users\\Lenovo\\Documents\\GitHub\\NON\\app\\components\\Navbar.tsx"
2026-01-09T07:31:25.695401Z  INFO scan_sources: tailwindcss_oxide::scanner: Discovering "C:\\Users\\Lenovo\\Documents\\GitHub\\NON\\app\\components\\SheetData.tsx"
2026-01-09T07:31:25.695489Z  INFO scan_sources: tailwindcss_oxide::scanner: Discovering "C:\\Users\\Lenovo\\Documents\\GitHub\\NON\\app\\components\\SheetData2.tsx"
2026-01-09T07:31:25.695575Z  INFO scan_sources: tailwindcss_oxide::scanner: Discovering "C:\\Users\\Lenovo\\Documents\\GitHub\\NON\\app\\components\\SheetData3.tsx"
2026-01-09T07:31:25.695663Z  INFO scan_sources: tailwindcss_oxide::scanner: Discovering "C:\\Users\\Lenovo\\Documents\\GitHub\\NON\\app\\components\\TrailingSlashHandler.tsx"
2026-01-09T07:31:25.695793Z  INFO scan_sources: tailwindcss_oxide::scanner: Discovering "C:\\Users\\Lenovo\\Documents\\GitHub\\NON\\app\\globals.css"
2026-01-09T07:31:25.695897Z  INFO scan_sources: tailwindcss_oxide::scanner: Discovering "C:\\Users\\Lenovo\\Documents\\GitHub\\NON\\app\\layout.tsx"
2026-01-09T07:31:25.696048Z  INFO scan_sources: tailwindcss_oxide::scanner: Discovering "C:\\Users\\Lenovo\\Documents\\GitHub\\NON\\app\\lib"
2026-01-09T07:31:25.696225Z  INFO scan_sources: tailwindcss_oxide::scanner: Discovering "C:\\Users\\Lenovo\\Documents\\GitHub\\NON\\app\\lib\\sheetsApi.ts"
2026-01-09T07:31:25.696338Z  INFO scan_sources: tailwindcss_oxide::scanner: Discovering "C:\\Users\\Lenovo\\Documents\\GitHub\\NON\\app\\page.tsx"
2026-01-09T07:31:25.696485Z  INFO scan_sources: tailwindcss_oxide::scanner: Discovering "C:\\Users\\Lenovo\\Documents\\GitHub\\NON\\app\\pages"
2026-01-09T07:31:25.696718Z  INFO scan_sources: tailwindcss_oxide::scanner: Discovering "C:\\Users\\Lenovo\\Documents\\GitHub\\NON\\app\\pages\\after"
2026-01-09T07:31:25.696893Z  INFO scan_sources: tailwindcss_oxide::scanner: Discovering "C:\\Users\\Lenovo\\Documents\\GitHub\\NON\\app\\pages\\after\\page.tsx"
2026-01-09T07:31:25.697064Z  INFO scan_sources: tailwindcss_oxide::scanner: Discovering "C:\\Users\\Lenovo\\Documents\\GitHub\\NON\\app\\pages\\alert"
2026-01-09T07:31:25.697265Z  INFO scan_sources: tailwindcss_oxide::scanner: Discovering "C:\\Users\\Lenovo\\Documents\\GitHub\\NON\\app\\pages\\alert\\page.tsx"
2026-01-09T07:31:25.697431Z  INFO scan_sources: tailwindcss_oxide::scanner: Discovering "C:\\Users\\Lenovo\\Documents\\GitHub\\NON\\app\\pages\\before"
2026-01-09T07:31:25.697598Z  INFO scan_sources: tailwindcss_oxide::scanner: Discovering "C:\\Users\\Lenovo\\Documents\\GitHub\\NON\\app\\pages\\before\\page.tsx"
2026-01-09T07:31:25.697760Z  INFO scan_sources: tailwindcss_oxide::scanner: Discovering "C:\\Users\\Lenovo\\Documents\\GitHub\\NON\\DEPLOYMENT_FIX.md"
2026-01-09T07:31:25.697842Z  INFO scan_sources: tailwindcss_oxide::scanner: Discovering "C:\\Users\\Lenovo\\Documents\\GitHub\\NON\\DEPLOYMENT_NGINX.md"
2026-01-09T07:31:25.697973Z  INFO scan_sources: tailwindcss_oxide::scanner: Discovering "C:\\Users\\Lenovo\\Documents\\GitHub\\NON\\eslint.config.mjs"
2026-01-09T07:31:25.698063Z  INFO scan_sources: tailwindcss_oxide::scanner: Discovering "C:\\Users\\Lenovo\\Documents\\GitHub\\NON\\google-apps-script-code.gs"
2026-01-09T07:31:25.698153Z  INFO scan_sources: tailwindcss_oxide::scanner: Discovering "C:\\Users\\Lenovo\\Documents\\GitHub\\NON\\next.config.ts"
2026-01-09T07:31:25.698235Z  INFO scan_sources: tailwindcss_oxide::scanner: Discovering "C:\\Users\\Lenovo\\Documents\\GitHub\\NON\\nginx.conf"
2026-01-09T07:31:25.698677Z  INFO scan_sources: tailwindcss_oxide::scanner: Discovering "C:\\Users\\Lenovo\\Documents\\GitHub\\NON\\package.json"
2026-01-09T07:31:25.698758Z  INFO scan_sources: tailwindcss_oxide::scanner: Discovering "C:\\Users\\Lenovo\\Documents\\GitHub\\NON\\postcss.config.mjs"
2026-01-09T07:31:25.698888Z  INFO scan_sources: tailwindcss_oxide::scanner: Discovering "C:\\Users\\Lenovo\\Documents\\GitHub\\NON\\public"
2026-01-09T07:31:25.699060Z  INFO scan_sources: tailwindcss_oxide::scanner: Discovering "C:\\Users\\Lenovo\\Documents\\GitHub\\NON\\public\\file.svg"
2026-01-09T07:31:25.699138Z  INFO scan_sources: tailwindcss_oxide::scanner: Discovering "C:\\Users\\Lenovo\\Documents\\GitHub\\NON\\public\\globe.svg"
2026-01-09T07:31:25.699215Z  INFO scan_sources: tailwindcss_oxide::scanner: Discovering "C:\\Users\\Lenovo\\Documents\\GitHub\\NON\\public\\next.svg"
2026-01-09T07:31:25.699296Z  INFO scan_sources: tailwindcss_oxide::scanner: Discovering "C:\\Users\\Lenovo\\Documents\\GitHub\\NON\\public\\People-party.svg"
2026-01-09T07:31:25.699378Z  INFO scan_sources: tailwindcss_oxide::scanner: Discovering "C:\\Users\\Lenovo\\Documents\\GitHub\\NON\\public\\vercel.svg"
2026-01-09T07:31:25.699453Z  INFO scan_sources: tailwindcss_oxide::scanner: Discovering "C:\\Users\\Lenovo\\Documents\\GitHub\\NON\\public\\window.svg"
2026-01-09T07:31:25.699557Z  INFO scan_sources: tailwindcss_oxide::scanner: Discovering "C:\\Users\\Lenovo\\Documents\\GitHub\\NON\\README.md"
2026-01-09T07:31:25.699693Z  INFO scan_sources: tailwindcss_oxide::scanner: Discovering "C:\\Users\\Lenovo\\Documents\\GitHub\\NON\\scripts"
2026-01-09T07:31:25.699857Z  INFO scan_sources: tailwindcss_oxide::scanner: Discovering "C:\\Users\\Lenovo\\Documents\\GitHub\\NON\\scripts\\create-redirect-files.js"
2026-01-09T07:31:25.699935Z  INFO scan_sources: tailwindcss_oxide::scanner: Discovering "C:\\Users\\Lenovo\\Documents\\GitHub\\NON\\scripts\\fix-html-urls.js"
2026-01-09T07:31:25.700146Z  INFO scan_sources: tailwindcss_oxide::scanner: Discovering "C:\\Users\\Lenovo\\Documents\\GitHub\\NON\\tsconfig.json"
2026-01-09T07:31:25.700261Z  INFO scan_sources: tailwindcss_oxide::scanner: exit
2026-01-09T07:31:25.700272Z  INFO extract_candidates: tailwindcss_oxide::scanner: enter
2026-01-09T07:31:25.700279Z  INFO extract_candidates:read_all_files: tailwindcss_oxide::scanner: enter
2026-01-09T07:31:25.700284Z  INFO extract_candidates:read_all_files: tailwindcss_oxide::scanner: Reading 31 file(s)
2026-01-09T07:31:25.700776Z  INFO tailwindcss_oxide::scanner: Reading "C:\\Users\\Lenovo\\Documents\\GitHub\\NON\\package.json"
2026-01-09T07:31:25.700817Z  INFO tailwindcss_oxide::scanner: Reading "C:\\Users\\Lenovo\\Documents\\GitHub\\NON\\public\\next.svg"
2026-01-09T07:31:25.700818Z  INFO tailwindcss_oxide::scanner: Reading "C:\\Users\\Lenovo\\Documents\\GitHub\\NON\\eslint.config.mjs"
2026-01-09T07:31:25.700827Z  INFO tailwindcss_oxide::scanner: Reading "C:\\Users\\Lenovo\\Documents\\GitHub\\NON\\app\\layout.tsx"
2026-01-09T07:31:25.700831Z  INFO tailwindcss_oxide::scanner: Reading "C:\\Users\\Lenovo\\Documents\\GitHub\\NON\\.htaccess"
2026-01-09T07:31:25.700850Z  INFO tailwindcss_oxide::scanner: Reading "C:\\Users\\Lenovo\\Documents\\GitHub\\NON\\public\\file.svg"
2026-01-09T07:31:25.700902Z  INFO tailwindcss_oxide::scanner: Reading "C:\\Users\\Lenovo\\Documents\\GitHub\\NON\\postcss.config.mjs"
2026-01-09T07:31:25.700901Z  INFO tailwindcss_oxide::scanner: Reading "C:\\Users\\Lenovo\\Documents\\GitHub\\NON\\README.md"
2026-01-09T07:31:25.700938Z  INFO tailwindcss_oxide::scanner: Reading "C:\\Users\\Lenovo\\Documents\\GitHub\\NON\\next.config.ts"
2026-01-09T07:31:25.700999Z  INFO tailwindcss_oxide::scanner: Reading "C:\\Users\\Lenovo\\Documents\\GitHub\\NON\\app\\lib\\sheetsApi.ts"
2026-01-09T07:31:25.701005Z  INFO tailwindcss_oxide::scanner: Reading "C:\\Users\\Lenovo\\Documents\\GitHub\\NON\\public\\People-party.svg"
2026-01-09T07:31:25.701020Z  INFO tailwindcss_oxide::scanner: Reading "C:\\Users\\Lenovo\\Documents\\GitHub\\NON\\public\\globe.svg"
2026-01-09T07:31:25.701046Z  INFO tailwindcss_oxide::scanner: Reading "C:\\Users\\Lenovo\\Documents\\GitHub\\NON\\google-apps-script-code.gs"
2026-01-09T07:31:25.701073Z  INFO tailwindcss_oxide::scanner: Reading "C:\\Users\\Lenovo\\Documents\\GitHub\\NON\\nginx.conf"
2026-01-09T07:31:25.701074Z  INFO tailwindcss_oxide::scanner: Reading "C:\\Users\\Lenovo\\Documents\\GitHub\\NON\\scripts\\create-redirect-files.js"
2026-01-09T07:31:25.701082Z  INFO tailwindcss_oxide::scanner: Reading "C:\\Users\\Lenovo\\Documents\\GitHub\\NON\\app\\components\\SheetData.tsx"
2026-01-09T07:31:25.701067Z  INFO tailwindcss_oxide::scanner: Reading "C:\\Users\\Lenovo\\Documents\\GitHub\\NON\\app\\pages\\alert\\page.tsx"
2026-01-09T07:31:25.701063Z  INFO tailwindcss_oxide::scanner: Reading "C:\\Users\\Lenovo\\Documents\\GitHub\\NON\\public\\vercel.svg"
2026-01-09T07:31:25.701074Z  INFO tailwindcss_oxide::scanner: Reading "C:\\Users\\Lenovo\\Documents\\GitHub\\NON\\app\\components\\FilterBar.tsx"
2026-01-09T07:31:25.701135Z  INFO tailwindcss_oxide::scanner: Reading "C:\\Users\\Lenovo\\Documents\\GitHub\\NON\\DEPLOYMENT_FIX.md"
2026-01-09T07:31:25.701168Z  INFO tailwindcss_oxide::scanner: Reading "C:\\Users\\Lenovo\\Documents\\GitHub\\NON\\app\\page.tsx"
2026-01-09T07:31:25.701149Z  INFO tailwindcss_oxide::scanner: Reading "C:\\Users\\Lenovo\\Documents\\GitHub\\NON\\app\\pages\\after\\page.tsx"
2026-01-09T07:31:25.701148Z  INFO tailwindcss_oxide::scanner: Reading "C:\\Users\\Lenovo\\Documents\\GitHub\\NON\\app\\components\\Navbar.tsx"
2026-01-09T07:31:25.701187Z  INFO tailwindcss_oxide::scanner: Reading "C:\\Users\\Lenovo\\Documents\\GitHub\\NON\\scripts\\fix-html-urls.js"
2026-01-09T07:31:25.701230Z  INFO tailwindcss_oxide::scanner: Reading "C:\\Users\\Lenovo\\Documents\\GitHub\\NON\\app\\components\\SheetData3.tsx"
2026-01-09T07:31:25.701188Z  INFO tailwindcss_oxide::scanner: Reading "C:\\Users\\Lenovo\\Documents\\GitHub\\NON\\tsconfig.json"
2026-01-09T07:31:25.701246Z  INFO tailwindcss_oxide::scanner: Reading "C:\\Users\\Lenovo\\Documents\\GitHub\\NON\\public\\window.svg"
2026-01-09T07:31:25.701221Z  INFO tailwindcss_oxide::scanner: Reading "C:\\Users\\Lenovo\\Documents\\GitHub\\NON\\app\\pages\\before\\page.tsx"
2026-01-09T07:31:25.701249Z  INFO tailwindcss_oxide::scanner: Reading "C:\\Users\\Lenovo\\Documents\\GitHub\\NON\\DEPLOYMENT_NGINX.md"
2026-01-09T07:31:25.701264Z  INFO tailwindcss_oxide::scanner: Reading "C:\\Users\\Lenovo\\Documents\\GitHub\\NON\\app\\components\\SheetData2.tsx"
2026-01-09T07:31:25.701249Z  INFO tailwindcss_oxide::scanner: Reading "C:\\Users\\Lenovo\\Documents\\GitHub\\NON\\app\\components\\TrailingSlashHandler.tsx"
2026-01-09T07:31:25.701324Z  INFO extract_candidates:read_all_files: tailwindcss_oxide::scanner: exit
2026-01-09T07:31:25.701340Z  INFO extract_candidates:parse_all_blobs: tailwindcss_oxide::scanner: enter
2026-01-09T07:31:25.701348Z  INFO extract_candidates:parse_all_blobs:extract: tailwindcss_oxide::scanner: enter
2026-01-09T07:31:25.702356Z  INFO extract_candidates:parse_all_blobs:extract: tailwindcss_oxide::scanner: exit
2026-01-09T07:31:25.702371Z  INFO extract_candidates:parse_all_blobs: tailwindcss_oxide::scanner: exit
2026-01-09T07:31:25.702377Z  INFO extract_candidates:read_all_files: tailwindcss_oxide::scanner: enter
2026-01-09T07:31:25.702381Z  INFO extract_candidates:read_all_files: tailwindcss_oxide::scanner: Reading 1 file(s)
2026-01-09T07:31:25.702465Z  INFO extract_candidates:read_all_files: tailwindcss_oxide::scanner: Reading "C:\\Users\\Lenovo\\Documents\\GitHub\\NON\\app\\globals.css"
2026-01-09T07:31:25.702476Z  INFO extract_candidates:read_all_files: tailwindcss_oxide::scanner: exit
2026-01-09T07:31:25.702484Z  INFO extract_candidates:extract_css_variables: tailwindcss_oxide::scanner: enter
2026-01-09T07:31:25.702488Z  INFO extract_candidates:extract_css_variables:extract: tailwindcss_oxide::scanner: enter
2026-01-09T07:31:25.702519Z  INFO extract_candidates:extract_css_variables:extract: tailwindcss_oxide::scanner: exit
2026-01-09T07:31:25.702527Z  INFO extract_candidates:extract_css_variables: tailwindcss_oxide::scanner: exit
2026-01-09T07:31:25.702842Z  INFO extract_candidates: tailwindcss_oxide::scanner: exit
2026-01-09T07:31:25.703380Z  INFO get_files: tailwindcss_oxide::scanner: enter
2026-01-09T07:31:25.703391Z  INFO get_files:scan_sources: tailwindcss_oxide::scanner: enter
2026-01-09T07:31:25.705976Z  INFO get_files:scan_sources: tailwindcss_oxide::scanner: Discovering "C:\\Users\\Lenovo\\Documents\\GitHub\\NON\\app"
2026-01-09T07:31:25.706264Z  INFO get_files:scan_sources: tailwindcss_oxide::scanner: Discovering "C:\\Users\\Lenovo\\Documents\\GitHub\\NON\\app\\api"
2026-01-09T07:31:25.706519Z  INFO get_files:scan_sources: tailwindcss_oxide::scanner: Discovering "C:\\Users\\Lenovo\\Documents\\GitHub\\NON\\app\\components"
2026-01-09T07:31:25.707204Z  INFO get_files:scan_sources: tailwindcss_oxide::scanner: Discovering "C:\\Users\\Lenovo\\Documents\\GitHub\\NON\\app\\lib"
2026-01-09T07:31:25.707580Z  INFO get_files:scan_sources: tailwindcss_oxide::scanner: Discovering "C:\\Users\\Lenovo\\Documents\\GitHub\\NON\\app\\pages"
2026-01-09T07:31:25.707807Z  INFO get_files:scan_sources: tailwindcss_oxide::scanner: Discovering "C:\\Users\\Lenovo\\Documents\\GitHub\\NON\\app\\pages\\after"
2026-01-09T07:31:25.708111Z  INFO get_files:scan_sources: tailwindcss_oxide::scanner: Discovering "C:\\Users\\Lenovo\\Documents\\GitHub\\NON\\app\\pages\\alert"
2026-01-09T07:31:25.708435Z  INFO get_files:scan_sources: tailwindcss_oxide::scanner: Discovering "C:\\Users\\Lenovo\\Documents\\GitHub\\NON\\app\\pages\\before"
2026-01-09T07:31:25.709557Z  INFO get_files:scan_sources: tailwindcss_oxide::scanner: Discovering "C:\\Users\\Lenovo\\Documents\\GitHub\\NON\\public"
2026-01-09T07:31:25.710253Z  INFO get_files:scan_sources: tailwindcss_oxide::scanner: Discovering "C:\\Users\\Lenovo\\Documents\\GitHub\\NON\\scripts"
2026-01-09T07:31:25.710734Z  INFO get_files:scan_sources: tailwindcss_oxide::scanner: exit
2026-01-09T07:31:25.710836Z  INFO get_files: tailwindcss_oxide::scanner: exit
2026-01-09T07:31:25.711095Z  INFO get_globs: tailwindcss_oxide::scanner: enter
2026-01-09T07:31:25.711104Z  INFO get_globs:scan_sources: tailwindcss_oxide::scanner: enter
2026-01-09T07:31:25.713168Z  INFO get_globs:scan_sources: tailwindcss_oxide::scanner: Discovering "C:\\Users\\Lenovo\\Documents\\GitHub\\NON\\app"
2026-01-09T07:31:25.713409Z  INFO get_globs:scan_sources: tailwindcss_oxide::scanner: Discovering "C:\\Users\\Lenovo\\Documents\\GitHub\\NON\\app\\api"
2026-01-09T07:31:25.713663Z  INFO get_globs:scan_sources: tailwindcss_oxide::scanner: Discovering "C:\\Users\\Lenovo\\Documents\\GitHub\\NON\\app\\components"
2026-01-09T07:31:25.714270Z  INFO get_globs:scan_sources: tailwindcss_oxide::scanner: Discovering "C:\\Users\\Lenovo\\Documents\\GitHub\\NON\\app\\lib"
2026-01-09T07:31:25.714616Z  INFO get_globs:scan_sources: tailwindcss_oxide::scanner: Discovering "C:\\Users\\Lenovo\\Documents\\GitHub\\NON\\app\\pages"
2026-01-09T07:31:25.714840Z  INFO get_globs:scan_sources: tailwindcss_oxide::scanner: Discovering "C:\\Users\\Lenovo\\Documents\\GitHub\\NON\\app\\pages\\after"
2026-01-09T07:31:25.715131Z  INFO get_globs:scan_sources: tailwindcss_oxide::scanner: Discovering "C:\\Users\\Lenovo\\Documents\\GitHub\\NON\\app\\pages\\alert"
2026-01-09T07:31:25.715429Z  INFO get_globs:scan_sources: tailwindcss_oxide::scanner: Discovering "C:\\Users\\Lenovo\\Documents\\GitHub\\NON\\app\\pages\\before"
2026-01-09T07:31:25.716601Z  INFO get_globs:scan_sources: tailwindcss_oxide::scanner: Discovering "C:\\Users\\Lenovo\\Documents\\GitHub\\NON\\public"
2026-01-09T07:31:25.717171Z  INFO get_globs:scan_sources: tailwindcss_oxide::scanner: Discovering "C:\\Users\\Lenovo\\Documents\\GitHub\\NON\\scripts"
2026-01-09T07:31:25.717672Z  INFO get_globs:scan_sources: tailwindcss_oxide::scanner: exit
2026-01-09T07:31:25.730310Z  INFO get_globs: tailwindcss_oxide::scanner: exit
