2026-01-09T08:08:16.567255Z  INFO tailwindcss_oxide::scanner: Provided sources:
2026-01-09T08:08:16.567621Z  INFO tailwindcss_oxide::scanner: Source: PublicSourceEntry { base: "C:\\Users\\Lenovo\\Documents\\GitHub\\NON", pattern: "**/*", negated: false }
2026-01-09T08:08:16.568971Z  INFO tailwindcss_oxide::scanner: Optimized sources:
2026-01-09T08:08:16.569003Z  INFO tailwindcss_oxide::scanner: Source: Auto { base: "C:\\Users\\Lenovo\\Documents\\GitHub\\NON" }
2026-01-09T08:08:16.570842Z  INFO scan_sources: tailwindcss_oxide::scanner: enter
2026-01-09T08:08:16.572497Z  INFO scan_sources: tailwindcss_oxide::scanner: Discovering "C:\\Users\\Lenovo\\Documents\\GitHub\\NON\\.htaccess"
2026-01-09T08:08:16.572971Z  INFO scan_sources: tailwindcss_oxide::scanner: Discovering "C:\\Users\\Lenovo\\Documents\\GitHub\\NON\\app"
2026-01-09T08:08:16.573219Z  INFO scan_sources: tailwindcss_oxide::scanner: Discovering "C:\\Users\\Lenovo\\Documents\\GitHub\\NON\\app\\api"
2026-01-09T08:08:16.573659Z  INFO scan_sources: tailwindcss_oxide::scanner: Discovering "C:\\Users\\Lenovo\\Documents\\GitHub\\NON\\app\\components"
2026-01-09T08:08:16.573851Z  INFO scan_sources: tailwindcss_oxide::scanner: Discovering "C:\\Users\\Lenovo\\Documents\\GitHub\\NON\\app\\components\\FilterBar.tsx"
2026-01-09T08:08:16.573948Z  INFO scan_sources: tailwindcss_oxide::scanner: Discovering "C:\\Users\\Lenovo\\Documents\\GitHub\\NON\\app\\components\\Navbar.tsx"
2026-01-09T08:08:16.574042Z  INFO scan_sources: tailwindcss_oxide::scanner: Discovering "C:\\Users\\Lenovo\\Documents\\GitHub\\NON\\app\\components\\SheetData.tsx"
2026-01-09T08:08:16.574126Z  INFO scan_sources: tailwindcss_oxide::scanner: Discovering "C:\\Users\\Lenovo\\Documents\\GitHub\\NON\\app\\components\\SheetData2.tsx"
2026-01-09T08:08:16.574209Z  INFO scan_sources: tailwindcss_oxide::scanner: Discovering "C:\\Users\\Lenovo\\Documents\\GitHub\\NON\\app\\components\\SheetData3.tsx"
2026-01-09T08:08:16.574296Z  INFO scan_sources: tailwindcss_oxide::scanner: Discovering "C:\\Users\\Lenovo\\Documents\\GitHub\\NON\\app\\components\\TrailingSlashHandler.tsx"
2026-01-09T08:08:16.574422Z  INFO scan_sources: tailwindcss_oxide::scanner: Discovering "C:\\Users\\Lenovo\\Documents\\GitHub\\NON\\app\\globals.css"
2026-01-09T08:08:16.574507Z  INFO scan_sources: tailwindcss_oxide::scanner: Discovering "C:\\Users\\Lenovo\\Documents\\GitHub\\NON\\app\\layout.tsx"
2026-01-09T08:08:16.574683Z  INFO scan_sources: tailwindcss_oxide::scanner: Discovering "C:\\Users\\Lenovo\\Documents\\GitHub\\NON\\app\\lib"
2026-01-09T08:08:16.574887Z  INFO scan_sources: tailwindcss_oxide::scanner: Discovering "C:\\Users\\Lenovo\\Documents\\GitHub\\NON\\app\\lib\\sheetsApi.ts"
2026-01-09T08:08:16.575012Z  INFO scan_sources: tailwindcss_oxide::scanner: Discovering "C:\\Users\\Lenovo\\Documents\\GitHub\\NON\\app\\page.tsx"
2026-01-09T08:08:16.575166Z  INFO scan_sources: tailwindcss_oxide::scanner: Discovering "C:\\Users\\Lenovo\\Documents\\GitHub\\NON\\app\\pages"
2026-01-09T08:08:16.575413Z  INFO scan_sources: tailwindcss_oxide::scanner: Discovering "C:\\Users\\Lenovo\\Documents\\GitHub\\NON\\app\\pages\\after"
2026-01-09T08:08:16.575598Z  INFO scan_sources: tailwindcss_oxide::scanner: Discovering "C:\\Users\\Lenovo\\Documents\\GitHub\\NON\\app\\pages\\after\\page.tsx"
2026-01-09T08:08:16.575775Z  INFO scan_sources: tailwindcss_oxide::scanner: Discovering "C:\\Users\\Lenovo\\Documents\\GitHub\\NON\\app\\pages\\alert"
2026-01-09T08:08:16.575959Z  INFO scan_sources: tailwindcss_oxide::scanner: Discovering "C:\\Users\\Lenovo\\Documents\\GitHub\\NON\\app\\pages\\alert\\page.tsx"
2026-01-09T08:08:16.576134Z  INFO scan_sources: tailwindcss_oxide::scanner: Discovering "C:\\Users\\Lenovo\\Documents\\GitHub\\NON\\app\\pages\\before"
2026-01-09T08:08:16.576316Z  INFO scan_sources: tailwindcss_oxide::scanner: Discovering "C:\\Users\\Lenovo\\Documents\\GitHub\\NON\\app\\pages\\before\\page.tsx"
2026-01-09T08:08:16.576482Z  INFO scan_sources: tailwindcss_oxide::scanner: Discovering "C:\\Users\\Lenovo\\Documents\\GitHub\\NON\\DEPLOYMENT_FIX.md"
2026-01-09T08:08:16.576567Z  INFO scan_sources: tailwindcss_oxide::scanner: Discovering "C:\\Users\\Lenovo\\Documents\\GitHub\\NON\\DEPLOYMENT_NGINX.md"
2026-01-09T08:08:16.576708Z  INFO scan_sources: tailwindcss_oxide::scanner: Discovering "C:\\Users\\Lenovo\\Documents\\GitHub\\NON\\eslint.config.mjs"
2026-01-09T08:08:16.576803Z  INFO scan_sources: tailwindcss_oxide::scanner: Discovering "C:\\Users\\Lenovo\\Documents\\GitHub\\NON\\google-apps-script-code.gs"
2026-01-09T08:08:16.576898Z  INFO scan_sources: tailwindcss_oxide::scanner: Discovering "C:\\Users\\Lenovo\\Documents\\GitHub\\NON\\next.config.ts"
2026-01-09T08:08:16.576985Z  INFO scan_sources: tailwindcss_oxide::scanner: Discovering "C:\\Users\\Lenovo\\Documents\\GitHub\\NON\\nginx.conf"
2026-01-09T08:08:16.577490Z  INFO scan_sources: tailwindcss_oxide::scanner: Discovering "C:\\Users\\Lenovo\\Documents\\GitHub\\NON\\package.json"
2026-01-09T08:08:16.577580Z  INFO scan_sources: tailwindcss_oxide::scanner: Discovering "C:\\Users\\Lenovo\\Documents\\GitHub\\NON\\postcss.config.mjs"
2026-01-09T08:08:16.577723Z  INFO scan_sources: tailwindcss_oxide::scanner: Discovering "C:\\Users\\Lenovo\\Documents\\GitHub\\NON\\public"
2026-01-09T08:08:16.577908Z  INFO scan_sources: tailwindcss_oxide::scanner: Discovering "C:\\Users\\Lenovo\\Documents\\GitHub\\NON\\public\\file.svg"
2026-01-09T08:08:16.577993Z  INFO scan_sources: tailwindcss_oxide::scanner: Discovering "C:\\Users\\Lenovo\\Documents\\GitHub\\NON\\public\\globe.svg"
2026-01-09T08:08:16.578078Z  INFO scan_sources: tailwindcss_oxide::scanner: Discovering "C:\\Users\\Lenovo\\Documents\\GitHub\\NON\\public\\next.svg"
2026-01-09T08:08:16.578166Z  INFO scan_sources: tailwindcss_oxide::scanner: Discovering "C:\\Users\\Lenovo\\Documents\\GitHub\\NON\\public\\People-party.svg"
2026-01-09T08:08:16.578252Z  INFO scan_sources: tailwindcss_oxide::scanner: Discovering "C:\\Users\\Lenovo\\Documents\\GitHub\\NON\\public\\vercel.svg"
2026-01-09T08:08:16.578334Z  INFO scan_sources: tailwindcss_oxide::scanner: Discovering "C:\\Users\\Lenovo\\Documents\\GitHub\\NON\\public\\window.svg"
2026-01-09T08:08:16.578449Z  INFO scan_sources: tailwindcss_oxide::scanner: Discovering "C:\\Users\\Lenovo\\Documents\\GitHub\\NON\\README.md"
2026-01-09T08:08:16.578592Z  INFO scan_sources: tailwindcss_oxide::scanner: Discovering "C:\\Users\\Lenovo\\Documents\\GitHub\\NON\\scripts"
2026-01-09T08:08:16.578771Z  INFO scan_sources: tailwindcss_oxide::scanner: Discovering "C:\\Users\\Lenovo\\Documents\\GitHub\\NON\\scripts\\create-redirect-files.js"
2026-01-09T08:08:16.578856Z  INFO scan_sources: tailwindcss_oxide::scanner: Discovering "C:\\Users\\Lenovo\\Documents\\GitHub\\NON\\scripts\\fix-html-urls.js"
2026-01-09T08:08:16.579085Z  INFO scan_sources: tailwindcss_oxide::scanner: Discovering "C:\\Users\\Lenovo\\Documents\\GitHub\\NON\\tsconfig.json"
2026-01-09T08:08:16.579216Z  INFO scan_sources: tailwindcss_oxide::scanner: exit
2026-01-09T08:08:16.579227Z  INFO extract_candidates: tailwindcss_oxide::scanner: enter
2026-01-09T08:08:16.579235Z  INFO extract_candidates:read_all_files: tailwindcss_oxide::scanner: enter
2026-01-09T08:08:16.579240Z  INFO extract_candidates:read_all_files: tailwindcss_oxide::scanner: Reading 31 file(s)
2026-01-09T08:08:16.580158Z  INFO tailwindcss_oxide::scanner: Reading "C:\\Users\\Lenovo\\Documents\\GitHub\\NON\\package.json"
2026-01-09T08:08:16.580160Z  INFO tailwindcss_oxide::scanner: Reading "C:\\Users\\Lenovo\\Documents\\GitHub\\NON\\app\\layout.tsx"
2026-01-09T08:08:16.580230Z  INFO tailwindcss_oxide::scanner: Reading "C:\\Users\\Lenovo\\Documents\\GitHub\\NON\\app\\pages\\alert\\page.tsx"
2026-01-09T08:08:16.580235Z  INFO tailwindcss_oxide::scanner: Reading "C:\\Users\\Lenovo\\Documents\\GitHub\\NON\\next.config.ts"
2026-01-09T08:08:16.580258Z  INFO tailwindcss_oxide::scanner: Reading "C:\\Users\\Lenovo\\Documents\\GitHub\\NON\\google-apps-script-code.gs"
2026-01-09T08:08:16.580260Z  INFO tailwindcss_oxide::scanner: Reading "C:\\Users\\Lenovo\\Documents\\GitHub\\NON\\app\\page.tsx"
2026-01-09T08:08:16.580253Z  INFO tailwindcss_oxide::scanner: Reading "C:\\Users\\Lenovo\\Documents\\GitHub\\NON\\.htaccess"
2026-01-09T08:08:16.580391Z  INFO tailwindcss_oxide::scanner: Reading "C:\\Users\\Lenovo\\Documents\\GitHub\\NON\\app\\pages\\before\\page.tsx"
2026-01-09T08:08:16.580351Z  INFO tailwindcss_oxide::scanner: Reading "C:\\Users\\Lenovo\\Documents\\GitHub\\NON\\eslint.config.mjs"
2026-01-09T08:08:16.580418Z  INFO tailwindcss_oxide::scanner: Reading "C:\\Users\\Lenovo\\Documents\\GitHub\\NON\\app\\pages\\after\\page.tsx"
2026-01-09T08:08:16.580368Z  INFO tailwindcss_oxide::scanner: Reading "C:\\Users\\Lenovo\\Documents\\GitHub\\NON\\public\\file.svg"
2026-01-09T08:08:16.580382Z  INFO tailwindcss_oxide::scanner: Reading "C:\\Users\\Lenovo\\Documents\\GitHub\\NON\\app\\lib\\sheetsApi.ts"
2026-01-09T08:08:16.580326Z  INFO tailwindcss_oxide::scanner: Reading "C:\\Users\\Lenovo\\Documents\\GitHub\\NON\\postcss.config.mjs"
2026-01-09T08:08:16.580479Z  INFO tailwindcss_oxide::scanner: Reading "C:\\Users\\Lenovo\\Documents\\GitHub\\NON\\app\\components\\SheetData.tsx"
2026-01-09T08:08:16.580492Z  INFO tailwindcss_oxide::scanner: Reading "C:\\Users\\Lenovo\\Documents\\GitHub\\NON\\DEPLOYMENT_FIX.md"
2026-01-09T08:08:16.580458Z  INFO tailwindcss_oxide::scanner: Reading "C:\\Users\\Lenovo\\Documents\\GitHub\\NON\\app\\components\\FilterBar.tsx"
2026-01-09T08:08:16.580358Z  INFO tailwindcss_oxide::scanner: Reading "C:\\Users\\Lenovo\\Documents\\GitHub\\NON\\nginx.conf"
2026-01-09T08:08:16.580554Z  INFO tailwindcss_oxide::scanner: Reading "C:\\Users\\Lenovo\\Documents\\GitHub\\NON\\scripts\\create-redirect-files.js"
2026-01-09T08:08:16.580552Z  INFO tailwindcss_oxide::scanner: Reading "C:\\Users\\Lenovo\\Documents\\GitHub\\NON\\scripts\\fix-html-urls.js"
2026-01-09T08:08:16.580544Z  INFO tailwindcss_oxide::scanner: Reading "C:\\Users\\Lenovo\\Documents\\GitHub\\NON\\tsconfig.json"
2026-01-09T08:08:16.580490Z  INFO tailwindcss_oxide::scanner: Reading "C:\\Users\\Lenovo\\Documents\\GitHub\\NON\\app\\components\\Navbar.tsx"
2026-01-09T08:08:16.580588Z  INFO tailwindcss_oxide::scanner: Reading "C:\\Users\\Lenovo\\Documents\\GitHub\\NON\\DEPLOYMENT_NGINX.md"
2026-01-09T08:08:16.580654Z  INFO tailwindcss_oxide::scanner: Reading "C:\\Users\\Lenovo\\Documents\\GitHub\\NON\\app\\components\\SheetData3.tsx"
2026-01-09T08:08:16.580658Z  INFO tailwindcss_oxide::scanner: Reading "C:\\Users\\Lenovo\\Documents\\GitHub\\NON\\app\\components\\SheetData2.tsx"
2026-01-09T08:08:16.580679Z  INFO tailwindcss_oxide::scanner: Reading "C:\\Users\\Lenovo\\Documents\\GitHub\\NON\\public\\vercel.svg"
2026-01-09T08:08:16.580700Z  INFO tailwindcss_oxide::scanner: Reading "C:\\Users\\Lenovo\\Documents\\GitHub\\NON\\public\\window.svg"
2026-01-09T08:08:16.580705Z  INFO tailwindcss_oxide::scanner: Reading "C:\\Users\\Lenovo\\Documents\\GitHub\\NON\\app\\components\\TrailingSlashHandler.tsx"
2026-01-09T08:08:16.581823Z  INFO tailwindcss_oxide::scanner: Reading "C:\\Users\\Lenovo\\Documents\\GitHub\\NON\\public\\next.svg"
2026-01-09T08:08:16.584366Z  INFO tailwindcss_oxide::scanner: Reading "C:\\Users\\Lenovo\\Documents\\GitHub\\NON\\README.md"
2026-01-09T08:08:16.584388Z  INFO tailwindcss_oxide::scanner: Reading "C:\\Users\\Lenovo\\Documents\\GitHub\\NON\\public\\globe.svg"
2026-01-09T08:08:16.584448Z  INFO tailwindcss_oxide::scanner: Reading "C:\\Users\\Lenovo\\Documents\\GitHub\\NON\\public\\People-party.svg"
2026-01-09T08:08:16.584519Z  INFO extract_candidates:read_all_files: tailwindcss_oxide::scanner: exit
2026-01-09T08:08:16.584533Z  INFO extract_candidates:parse_all_blobs: tailwindcss_oxide::scanner: enter
2026-01-09T08:08:16.584539Z  INFO extract_candidates:parse_all_blobs:extract: tailwindcss_oxide::scanner: enter
2026-01-09T08:08:16.585790Z  INFO extract_candidates:parse_all_blobs:extract: tailwindcss_oxide::scanner: exit
2026-01-09T08:08:16.585815Z  INFO extract_candidates:parse_all_blobs: tailwindcss_oxide::scanner: exit
2026-01-09T08:08:16.585824Z  INFO extract_candidates:read_all_files: tailwindcss_oxide::scanner: enter
2026-01-09T08:08:16.585828Z  INFO extract_candidates:read_all_files: tailwindcss_oxide::scanner: Reading 1 file(s)
2026-01-09T08:08:16.585953Z  INFO extract_candidates:read_all_files: tailwindcss_oxide::scanner: Reading "C:\\Users\\Lenovo\\Documents\\GitHub\\NON\\app\\globals.css"
2026-01-09T08:08:16.585967Z  INFO extract_candidates:read_all_files: tailwindcss_oxide::scanner: exit
2026-01-09T08:08:16.585976Z  INFO extract_candidates:extract_css_variables: tailwindcss_oxide::scanner: enter
2026-01-09T08:08:16.585981Z  INFO extract_candidates:extract_css_variables:extract: tailwindcss_oxide::scanner: enter
2026-01-09T08:08:16.586038Z  INFO extract_candidates:extract_css_variables:extract: tailwindcss_oxide::scanner: exit
2026-01-09T08:08:16.586056Z  INFO extract_candidates:extract_css_variables: tailwindcss_oxide::scanner: exit
2026-01-09T08:08:16.586489Z  INFO extract_candidates: tailwindcss_oxide::scanner: exit
2026-01-09T08:08:16.587413Z  INFO get_files: tailwindcss_oxide::scanner: enter
2026-01-09T08:08:16.587441Z  INFO get_files:scan_sources: tailwindcss_oxide::scanner: enter
2026-01-09T08:08:16.589985Z  INFO get_files:scan_sources: tailwindcss_oxide::scanner: Discovering "C:\\Users\\Lenovo\\Documents\\GitHub\\NON\\app"
2026-01-09T08:08:16.590258Z  INFO get_files:scan_sources: tailwindcss_oxide::scanner: Discovering "C:\\Users\\Lenovo\\Documents\\GitHub\\NON\\app\\api"
2026-01-09T08:08:16.590567Z  INFO get_files:scan_sources: tailwindcss_oxide::scanner: Discovering "C:\\Users\\Lenovo\\Documents\\GitHub\\NON\\app\\components"
2026-01-09T08:08:16.591595Z  INFO get_files:scan_sources: tailwindcss_oxide::scanner: Discovering "C:\\Users\\Lenovo\\Documents\\GitHub\\NON\\app\\lib"
2026-01-09T08:08:16.592032Z  INFO get_files:scan_sources: tailwindcss_oxide::scanner: Discovering "C:\\Users\\Lenovo\\Documents\\GitHub\\NON\\app\\pages"
2026-01-09T08:08:16.592382Z  INFO get_files:scan_sources: tailwindcss_oxide::scanner: Discovering "C:\\Users\\Lenovo\\Documents\\GitHub\\NON\\app\\pages\\after"
2026-01-09T08:08:16.592726Z  INFO get_files:scan_sources: tailwindcss_oxide::scanner: Discovering "C:\\Users\\Lenovo\\Documents\\GitHub\\NON\\app\\pages\\alert"
2026-01-09T08:08:16.593061Z  INFO get_files:scan_sources: tailwindcss_oxide::scanner: Discovering "C:\\Users\\Lenovo\\Documents\\GitHub\\NON\\app\\pages\\before"
2026-01-09T08:08:16.594268Z  INFO get_files:scan_sources: tailwindcss_oxide::scanner: Discovering "C:\\Users\\Lenovo\\Documents\\GitHub\\NON\\public"
2026-01-09T08:08:16.594883Z  INFO get_files:scan_sources: tailwindcss_oxide::scanner: Discovering "C:\\Users\\Lenovo\\Documents\\GitHub\\NON\\scripts"
2026-01-09T08:08:16.595559Z  INFO get_files:scan_sources: tailwindcss_oxide::scanner: exit
2026-01-09T08:08:16.595710Z  INFO get_files: tailwindcss_oxide::scanner: exit
2026-01-09T08:08:16.595965Z  INFO get_globs: tailwindcss_oxide::scanner: enter
2026-01-09T08:08:16.595975Z  INFO get_globs:scan_sources: tailwindcss_oxide::scanner: enter
2026-01-09T08:08:16.598261Z  INFO get_globs:scan_sources: tailwindcss_oxide::scanner: Discovering "C:\\Users\\Lenovo\\Documents\\GitHub\\NON\\app"
2026-01-09T08:08:16.598568Z  INFO get_globs:scan_sources: tailwindcss_oxide::scanner: Discovering "C:\\Users\\Lenovo\\Documents\\GitHub\\NON\\app\\api"
2026-01-09T08:08:16.598852Z  INFO get_globs:scan_sources: tailwindcss_oxide::scanner: Discovering "C:\\Users\\Lenovo\\Documents\\GitHub\\NON\\app\\components"
2026-01-09T08:08:16.599528Z  INFO get_globs:scan_sources: tailwindcss_oxide::scanner: Discovering "C:\\Users\\Lenovo\\Documents\\GitHub\\NON\\app\\lib"
2026-01-09T08:08:16.599903Z  INFO get_globs:scan_sources: tailwindcss_oxide::scanner: Discovering "C:\\Users\\Lenovo\\Documents\\GitHub\\NON\\app\\pages"
2026-01-09T08:08:16.600176Z  INFO get_globs:scan_sources: tailwindcss_oxide::scanner: Discovering "C:\\Users\\Lenovo\\Documents\\GitHub\\NON\\app\\pages\\after"
2026-01-09T08:08:16.600485Z  INFO get_globs:scan_sources: tailwindcss_oxide::scanner: Discovering "C:\\Users\\Lenovo\\Documents\\GitHub\\NON\\app\\pages\\alert"
2026-01-09T08:08:16.600798Z  INFO get_globs:scan_sources: tailwindcss_oxide::scanner: Discovering "C:\\Users\\Lenovo\\Documents\\GitHub\\NON\\app\\pages\\before"
2026-01-09T08:08:16.601995Z  INFO get_globs:scan_sources: tailwindcss_oxide::scanner: Discovering "C:\\Users\\Lenovo\\Documents\\GitHub\\NON\\public"
2026-01-09T08:08:16.602561Z  INFO get_globs:scan_sources: tailwindcss_oxide::scanner: Discovering "C:\\Users\\Lenovo\\Documents\\GitHub\\NON\\scripts"
2026-01-09T08:08:16.603033Z  INFO get_globs:scan_sources: tailwindcss_oxide::scanner: exit
2026-01-09T08:08:16.626325Z  INFO get_globs: tailwindcss_oxide::scanner: exit
