2026-01-11T03:05:16.782508Z  INFO tailwindcss_oxide::scanner: Provided sources:
2026-01-11T03:05:16.782638Z  INFO tailwindcss_oxide::scanner: Source: PublicSourceEntry { base: "C:\\Users\\Lenovo\\Documents\\GitHub\\NON", pattern: "**/*", negated: false }
2026-01-11T03:05:16.782854Z  INFO tailwindcss_oxide::scanner: Optimized sources:
2026-01-11T03:05:16.782879Z  INFO tailwindcss_oxide::scanner: Source: Auto { base: "C:\\Users\\Lenovo\\Documents\\GitHub\\NON" }
2026-01-11T03:05:16.784880Z  INFO scan_sources: tailwindcss_oxide::scanner: enter
2026-01-11T03:05:16.787040Z  INFO scan_sources: tailwindcss_oxide::scanner: Discovering "C:\\Users\\Lenovo\\Documents\\GitHub\\NON\\.htaccess"
2026-01-11T03:05:16.787722Z  INFO scan_sources: tailwindcss_oxide::scanner: Discovering "C:\\Users\\Lenovo\\Documents\\GitHub\\NON\\app"
2026-01-11T03:05:16.788012Z  INFO scan_sources: tailwindcss_oxide::scanner: Discovering "C:\\Users\\Lenovo\\Documents\\GitHub\\NON\\app\\api"
2026-01-11T03:05:16.788294Z  INFO scan_sources: tailwindcss_oxide::scanner: Discovering "C:\\Users\\Lenovo\\Documents\\GitHub\\NON\\app\\components"
2026-01-11T03:05:16.788493Z  INFO scan_sources: tailwindcss_oxide::scanner: Discovering "C:\\Users\\Lenovo\\Documents\\GitHub\\NON\\app\\components\\Dashboard.tsx"
2026-01-11T03:05:16.788586Z  INFO scan_sources: tailwindcss_oxide::scanner: Discovering "C:\\Users\\Lenovo\\Documents\\GitHub\\NON\\app\\components\\FilterBar.tsx"
2026-01-11T03:05:16.788672Z  INFO scan_sources: tailwindcss_oxide::scanner: Discovering "C:\\Users\\Lenovo\\Documents\\GitHub\\NON\\app\\components\\Navbar.tsx"
2026-01-11T03:05:16.788754Z  INFO scan_sources: tailwindcss_oxide::scanner: Discovering "C:\\Users\\Lenovo\\Documents\\GitHub\\NON\\app\\components\\SheetData.tsx"
2026-01-11T03:05:16.788842Z  INFO scan_sources: tailwindcss_oxide::scanner: Discovering "C:\\Users\\Lenovo\\Documents\\GitHub\\NON\\app\\components\\SheetData2.tsx"
2026-01-11T03:05:16.788924Z  INFO scan_sources: tailwindcss_oxide::scanner: Discovering "C:\\Users\\Lenovo\\Documents\\GitHub\\NON\\app\\components\\SheetData3.tsx"
2026-01-11T03:05:16.789008Z  INFO scan_sources: tailwindcss_oxide::scanner: Discovering "C:\\Users\\Lenovo\\Documents\\GitHub\\NON\\app\\components\\TrailingSlashHandler.tsx"
2026-01-11T03:05:16.789131Z  INFO scan_sources: tailwindcss_oxide::scanner: Discovering "C:\\Users\\Lenovo\\Documents\\GitHub\\NON\\app\\globals.css"
2026-01-11T03:05:16.789227Z  INFO scan_sources: tailwindcss_oxide::scanner: Discovering "C:\\Users\\Lenovo\\Documents\\GitHub\\NON\\app\\layout.tsx"
2026-01-11T03:05:16.789370Z  INFO scan_sources: tailwindcss_oxide::scanner: Discovering "C:\\Users\\Lenovo\\Documents\\GitHub\\NON\\app\\lib"
2026-01-11T03:05:16.789560Z  INFO scan_sources: tailwindcss_oxide::scanner: Discovering "C:\\Users\\Lenovo\\Documents\\GitHub\\NON\\app\\lib\\sheetsApi.ts"
2026-01-11T03:05:16.789683Z  INFO scan_sources: tailwindcss_oxide::scanner: Discovering "C:\\Users\\Lenovo\\Documents\\GitHub\\NON\\app\\page.tsx"
2026-01-11T03:05:16.789837Z  INFO scan_sources: tailwindcss_oxide::scanner: Discovering "C:\\Users\\Lenovo\\Documents\\GitHub\\NON\\app\\pages"
2026-01-11T03:05:16.790116Z  INFO scan_sources: tailwindcss_oxide::scanner: Discovering "C:\\Users\\Lenovo\\Documents\\GitHub\\NON\\app\\pages\\after"
2026-01-11T03:05:16.790329Z  INFO scan_sources: tailwindcss_oxide::scanner: Discovering "C:\\Users\\Lenovo\\Documents\\GitHub\\NON\\app\\pages\\after\\page.tsx"
2026-01-11T03:05:16.790504Z  INFO scan_sources: tailwindcss_oxide::scanner: Discovering "C:\\Users\\Lenovo\\Documents\\GitHub\\NON\\app\\pages\\alert"
2026-01-11T03:05:16.790695Z  INFO scan_sources: tailwindcss_oxide::scanner: Discovering "C:\\Users\\Lenovo\\Documents\\GitHub\\NON\\app\\pages\\alert\\page.tsx"
2026-01-11T03:05:16.791003Z  INFO scan_sources: tailwindcss_oxide::scanner: Discovering "C:\\Users\\Lenovo\\Documents\\GitHub\\NON\\app\\pages\\before"
2026-01-11T03:05:16.791322Z  INFO scan_sources: tailwindcss_oxide::scanner: Discovering "C:\\Users\\Lenovo\\Documents\\GitHub\\NON\\app\\pages\\before\\page.tsx"
2026-01-11T03:05:16.791636Z  INFO scan_sources: tailwindcss_oxide::scanner: Discovering "C:\\Users\\Lenovo\\Documents\\GitHub\\NON\\app\\pages\\dashboard"
2026-01-11T03:05:16.791871Z  INFO scan_sources: tailwindcss_oxide::scanner: Discovering "C:\\Users\\Lenovo\\Documents\\GitHub\\NON\\app\\pages\\dashboard\\page.tsx"
2026-01-11T03:05:16.792041Z  INFO scan_sources: tailwindcss_oxide::scanner: Discovering "C:\\Users\\Lenovo\\Documents\\GitHub\\NON\\DEPLOYMENT_FIX.md"
2026-01-11T03:05:16.792125Z  INFO scan_sources: tailwindcss_oxide::scanner: Discovering "C:\\Users\\Lenovo\\Documents\\GitHub\\NON\\DEPLOYMENT_NGINX.md"
2026-01-11T03:05:16.792209Z  INFO scan_sources: tailwindcss_oxide::scanner: Discovering "C:\\Users\\Lenovo\\Documents\\GitHub\\NON\\eslint.config.mjs"
2026-01-11T03:05:16.792292Z  INFO scan_sources: tailwindcss_oxide::scanner: Discovering "C:\\Users\\Lenovo\\Documents\\GitHub\\NON\\google-apps-script-code.gs"
2026-01-11T03:05:16.792384Z  INFO scan_sources: tailwindcss_oxide::scanner: Discovering "C:\\Users\\Lenovo\\Documents\\GitHub\\NON\\next.config.ts"
2026-01-11T03:05:16.792477Z  INFO scan_sources: tailwindcss_oxide::scanner: Discovering "C:\\Users\\Lenovo\\Documents\\GitHub\\NON\\nginx.conf"
2026-01-11T03:05:16.792972Z  INFO scan_sources: tailwindcss_oxide::scanner: Discovering "C:\\Users\\Lenovo\\Documents\\GitHub\\NON\\package.json"
2026-01-11T03:05:16.793072Z  INFO scan_sources: tailwindcss_oxide::scanner: Discovering "C:\\Users\\Lenovo\\Documents\\GitHub\\NON\\postcss.config.mjs"
2026-01-11T03:05:16.793214Z  INFO scan_sources: tailwindcss_oxide::scanner: Discovering "C:\\Users\\Lenovo\\Documents\\GitHub\\NON\\public"
2026-01-11T03:05:16.793397Z  INFO scan_sources: tailwindcss_oxide::scanner: Discovering "C:\\Users\\Lenovo\\Documents\\GitHub\\NON\\public\\file.svg"
2026-01-11T03:05:16.793480Z  INFO scan_sources: tailwindcss_oxide::scanner: Discovering "C:\\Users\\Lenovo\\Documents\\GitHub\\NON\\public\\globe.svg"
2026-01-11T03:05:16.793569Z  INFO scan_sources: tailwindcss_oxide::scanner: Discovering "C:\\Users\\Lenovo\\Documents\\GitHub\\NON\\public\\next.svg"
2026-01-11T03:05:16.793670Z  INFO scan_sources: tailwindcss_oxide::scanner: Discovering "C:\\Users\\Lenovo\\Documents\\GitHub\\NON\\public\\People-party.svg"
2026-01-11T03:05:16.793773Z  INFO scan_sources: tailwindcss_oxide::scanner: Discovering "C:\\Users\\Lenovo\\Documents\\GitHub\\NON\\public\\vercel.svg"
2026-01-11T03:05:16.793865Z  INFO scan_sources: tailwindcss_oxide::scanner: Discovering "C:\\Users\\Lenovo\\Documents\\GitHub\\NON\\public\\window.svg"
2026-01-11T03:05:16.793986Z  INFO scan_sources: tailwindcss_oxide::scanner: Discovering "C:\\Users\\Lenovo\\Documents\\GitHub\\NON\\README.md"
2026-01-11T03:05:16.794140Z  INFO scan_sources: tailwindcss_oxide::scanner: Discovering "C:\\Users\\Lenovo\\Documents\\GitHub\\NON\\scripts"
2026-01-11T03:05:16.794331Z  INFO scan_sources: tailwindcss_oxide::scanner: Discovering "C:\\Users\\Lenovo\\Documents\\GitHub\\NON\\scripts\\create-redirect-files.js"
2026-01-11T03:05:16.794422Z  INFO scan_sources: tailwindcss_oxide::scanner: Discovering "C:\\Users\\Lenovo\\Documents\\GitHub\\NON\\scripts\\fix-html-urls.js"
2026-01-11T03:05:16.794728Z  INFO scan_sources: tailwindcss_oxide::scanner: Discovering "C:\\Users\\Lenovo\\Documents\\GitHub\\NON\\tsconfig.json"
2026-01-11T03:05:16.794899Z  INFO scan_sources: tailwindcss_oxide::scanner: exit
2026-01-11T03:05:16.794911Z  INFO extract_candidates: tailwindcss_oxide::scanner: enter
2026-01-11T03:05:16.794918Z  INFO extract_candidates:read_all_files: tailwindcss_oxide::scanner: enter
2026-01-11T03:05:16.794923Z  INFO extract_candidates:read_all_files: tailwindcss_oxide::scanner: Reading 33 file(s)
2026-01-11T03:05:16.795648Z  INFO tailwindcss_oxide::scanner: Reading "C:\\Users\\Lenovo\\Documents\\GitHub\\NON\\app\\layout.tsx"
2026-01-11T03:05:16.795666Z  INFO tailwindcss_oxide::scanner: Reading "C:\\Users\\Lenovo\\Documents\\GitHub\\NON\\DEPLOYMENT_NGINX.md"
2026-01-11T03:05:16.795669Z  INFO tailwindcss_oxide::scanner: Reading "C:\\Users\\Lenovo\\Documents\\GitHub\\NON\\.htaccess"
2026-01-11T03:05:16.795755Z  INFO tailwindcss_oxide::scanner: Reading "C:\\Users\\Lenovo\\Documents\\GitHub\\NON\\app\\components\\SheetData2.tsx"
2026-01-11T03:05:16.795719Z  INFO tailwindcss_oxide::scanner: Reading "C:\\Users\\Lenovo\\Documents\\GitHub\\NON\\app\\components\\SheetData3.tsx"
2026-01-11T03:05:16.795791Z  INFO tailwindcss_oxide::scanner: Reading "C:\\Users\\Lenovo\\Documents\\GitHub\\NON\\app\\lib\\sheetsApi.ts"
2026-01-11T03:05:16.795753Z  INFO tailwindcss_oxide::scanner: Reading "C:\\Users\\Lenovo\\Documents\\GitHub\\NON\\public\\globe.svg"
2026-01-11T03:05:16.795710Z  INFO tailwindcss_oxide::scanner: Reading "C:\\Users\\Lenovo\\Documents\\GitHub\\NON\\app\\components\\SheetData.tsx"
2026-01-11T03:05:16.795815Z  INFO tailwindcss_oxide::scanner: Reading "C:\\Users\\Lenovo\\Documents\\GitHub\\NON\\app\\components\\FilterBar.tsx"
2026-01-11T03:05:16.795822Z  INFO tailwindcss_oxide::scanner: Reading "C:\\Users\\Lenovo\\Documents\\GitHub\\NON\\eslint.config.mjs"
2026-01-11T03:05:16.795904Z  INFO tailwindcss_oxide::scanner: Reading "C:\\Users\\Lenovo\\Documents\\GitHub\\NON\\nginx.conf"
2026-01-11T03:05:16.795921Z  INFO tailwindcss_oxide::scanner: Reading "C:\\Users\\Lenovo\\Documents\\GitHub\\NON\\app\\page.tsx"
2026-01-11T03:05:16.795934Z  INFO tailwindcss_oxide::scanner: Reading "C:\\Users\\Lenovo\\Documents\\GitHub\\NON\\public\\next.svg"
2026-01-11T03:05:16.795930Z  INFO tailwindcss_oxide::scanner: Reading "C:\\Users\\Lenovo\\Documents\\GitHub\\NON\\app\\components\\Dashboard.tsx"
2026-01-11T03:05:16.795936Z  INFO tailwindcss_oxide::scanner: Reading "C:\\Users\\Lenovo\\Documents\\GitHub\\NON\\app\\pages\\alert\\page.tsx"
2026-01-11T03:05:16.795938Z  INFO tailwindcss_oxide::scanner: Reading "C:\\Users\\Lenovo\\Documents\\GitHub\\NON\\app\\pages\\dashboard\\page.tsx"
2026-01-11T03:05:16.795943Z  INFO tailwindcss_oxide::scanner: Reading "C:\\Users\\Lenovo\\Documents\\GitHub\\NON\\public\\window.svg"
2026-01-11T03:05:16.795977Z  INFO tailwindcss_oxide::scanner: Reading "C:\\Users\\Lenovo\\Documents\\GitHub\\NON\\app\\components\\Navbar.tsx"
2026-01-11T03:05:16.795985Z  INFO tailwindcss_oxide::scanner: Reading "C:\\Users\\Lenovo\\Documents\\GitHub\\NON\\app\\components\\TrailingSlashHandler.tsx"
2026-01-11T03:05:16.796034Z  INFO tailwindcss_oxide::scanner: Reading "C:\\Users\\Lenovo\\Documents\\GitHub\\NON\\google-apps-script-code.gs"
2026-01-11T03:05:16.796010Z  INFO tailwindcss_oxide::scanner: Reading "C:\\Users\\Lenovo\\Documents\\GitHub\\NON\\scripts\\create-redirect-files.js"
2026-01-11T03:05:16.796057Z  INFO tailwindcss_oxide::scanner: Reading "C:\\Users\\Lenovo\\Documents\\GitHub\\NON\\package.json"
2026-01-11T03:05:16.795980Z  INFO tailwindcss_oxide::scanner: Reading "C:\\Users\\Lenovo\\Documents\\GitHub\\NON\\postcss.config.mjs"
2026-01-11T03:05:16.796070Z  INFO tailwindcss_oxide::scanner: Reading "C:\\Users\\Lenovo\\Documents\\GitHub\\NON\\app\\pages\\after\\page.tsx"
2026-01-11T03:05:16.796071Z  INFO tailwindcss_oxide::scanner: Reading "C:\\Users\\Lenovo\\Documents\\GitHub\\NON\\public\\People-party.svg"
2026-01-11T03:05:16.796070Z  INFO tailwindcss_oxide::scanner: Reading "C:\\Users\\Lenovo\\Documents\\GitHub\\NON\\DEPLOYMENT_FIX.md"
2026-01-11T03:05:16.796129Z  INFO tailwindcss_oxide::scanner: Reading "C:\\Users\\Lenovo\\Documents\\GitHub\\NON\\public\\vercel.svg"
2026-01-11T03:05:16.796132Z  INFO tailwindcss_oxide::scanner: Reading "C:\\Users\\Lenovo\\Documents\\GitHub\\NON\\public\\file.svg"
2026-01-11T03:05:16.796130Z  INFO tailwindcss_oxide::scanner: Reading "C:\\Users\\Lenovo\\Documents\\GitHub\\NON\\app\\pages\\before\\page.tsx"
2026-01-11T03:05:16.796140Z  INFO tailwindcss_oxide::scanner: Reading "C:\\Users\\Lenovo\\Documents\\GitHub\\NON\\README.md"
2026-01-11T03:05:16.796173Z  INFO tailwindcss_oxide::scanner: Reading "C:\\Users\\Lenovo\\Documents\\GitHub\\NON\\tsconfig.json"
2026-01-11T03:05:16.796142Z  INFO tailwindcss_oxide::scanner: Reading "C:\\Users\\Lenovo\\Documents\\GitHub\\NON\\next.config.ts"
2026-01-11T03:05:16.796175Z  INFO tailwindcss_oxide::scanner: Reading "C:\\Users\\Lenovo\\Documents\\GitHub\\NON\\scripts\\fix-html-urls.js"
2026-01-11T03:05:16.796262Z  INFO extract_candidates:read_all_files: tailwindcss_oxide::scanner: exit
2026-01-11T03:05:16.796277Z  INFO extract_candidates:parse_all_blobs: tailwindcss_oxide::scanner: enter
2026-01-11T03:05:16.796284Z  INFO extract_candidates:parse_all_blobs:extract: tailwindcss_oxide::scanner: enter
2026-01-11T03:05:16.797427Z  INFO extract_candidates:parse_all_blobs:extract: tailwindcss_oxide::scanner: exit
2026-01-11T03:05:16.797444Z  INFO extract_candidates:parse_all_blobs: tailwindcss_oxide::scanner: exit
2026-01-11T03:05:16.797450Z  INFO extract_candidates:read_all_files: tailwindcss_oxide::scanner: enter
2026-01-11T03:05:16.797453Z  INFO extract_candidates:read_all_files: tailwindcss_oxide::scanner: Reading 1 file(s)
2026-01-11T03:05:16.797542Z  INFO extract_candidates:read_all_files: tailwindcss_oxide::scanner: Reading "C:\\Users\\Lenovo\\Documents\\GitHub\\NON\\app\\globals.css"
2026-01-11T03:05:16.797553Z  INFO extract_candidates:read_all_files: tailwindcss_oxide::scanner: exit
2026-01-11T03:05:16.797565Z  INFO extract_candidates:extract_css_variables: tailwindcss_oxide::scanner: enter
2026-01-11T03:05:16.797570Z  INFO extract_candidates:extract_css_variables:extract: tailwindcss_oxide::scanner: enter
2026-01-11T03:05:16.797606Z  INFO extract_candidates:extract_css_variables:extract: tailwindcss_oxide::scanner: exit
2026-01-11T03:05:16.797621Z  INFO extract_candidates:extract_css_variables: tailwindcss_oxide::scanner: exit
2026-01-11T03:05:16.798139Z  INFO extract_candidates: tailwindcss_oxide::scanner: exit
2026-01-11T03:05:16.798815Z  INFO get_files: tailwindcss_oxide::scanner: enter
2026-01-11T03:05:16.798827Z  INFO get_files:scan_sources: tailwindcss_oxide::scanner: enter
2026-01-11T03:05:16.801231Z  INFO get_files:scan_sources: tailwindcss_oxide::scanner: Discovering "C:\\Users\\Lenovo\\Documents\\GitHub\\NON\\app"
2026-01-11T03:05:16.801637Z  INFO get_files:scan_sources: tailwindcss_oxide::scanner: Discovering "C:\\Users\\Lenovo\\Documents\\GitHub\\NON\\app\\api"
2026-01-11T03:05:16.801935Z  INFO get_files:scan_sources: tailwindcss_oxide::scanner: Discovering "C:\\Users\\Lenovo\\Documents\\GitHub\\NON\\app\\components"
2026-01-11T03:05:16.802711Z  INFO get_files:scan_sources: tailwindcss_oxide::scanner: Discovering "C:\\Users\\Lenovo\\Documents\\GitHub\\NON\\app\\lib"
2026-01-11T03:05:16.803181Z  INFO get_files:scan_sources: tailwindcss_oxide::scanner: Discovering "C:\\Users\\Lenovo\\Documents\\GitHub\\NON\\app\\pages"
2026-01-11T03:05:16.803623Z  INFO get_files:scan_sources: tailwindcss_oxide::scanner: Discovering "C:\\Users\\Lenovo\\Documents\\GitHub\\NON\\app\\pages\\after"
2026-01-11T03:05:16.804134Z  INFO get_files:scan_sources: tailwindcss_oxide::scanner: Discovering "C:\\Users\\Lenovo\\Documents\\GitHub\\NON\\app\\pages\\alert"
2026-01-11T03:05:16.804598Z  INFO get_files:scan_sources: tailwindcss_oxide::scanner: Discovering "C:\\Users\\Lenovo\\Documents\\GitHub\\NON\\app\\pages\\before"
2026-01-11T03:05:16.804932Z  INFO get_files:scan_sources: tailwindcss_oxide::scanner: Discovering "C:\\Users\\Lenovo\\Documents\\GitHub\\NON\\app\\pages\\dashboard"
2026-01-11T03:05:16.806078Z  INFO get_files:scan_sources: tailwindcss_oxide::scanner: Discovering "C:\\Users\\Lenovo\\Documents\\GitHub\\NON\\public"
2026-01-11T03:05:16.806963Z  INFO get_files:scan_sources: tailwindcss_oxide::scanner: Discovering "C:\\Users\\Lenovo\\Documents\\GitHub\\NON\\scripts"
2026-01-11T03:05:16.807651Z  INFO get_files:scan_sources: tailwindcss_oxide::scanner: exit
2026-01-11T03:05:16.807747Z  INFO get_files: tailwindcss_oxide::scanner: exit
2026-01-11T03:05:16.807995Z  INFO get_globs: tailwindcss_oxide::scanner: enter
2026-01-11T03:05:16.808004Z  INFO get_globs:scan_sources: tailwindcss_oxide::scanner: enter
2026-01-11T03:05:16.810035Z  INFO get_globs:scan_sources: tailwindcss_oxide::scanner: Discovering "C:\\Users\\Lenovo\\Documents\\GitHub\\NON\\app"
2026-01-11T03:05:16.810293Z  INFO get_globs:scan_sources: tailwindcss_oxide::scanner: Discovering "C:\\Users\\Lenovo\\Documents\\GitHub\\NON\\app\\api"
2026-01-11T03:05:16.810719Z  INFO get_globs:scan_sources: tailwindcss_oxide::scanner: Discovering "C:\\Users\\Lenovo\\Documents\\GitHub\\NON\\app\\components"
2026-01-11T03:05:16.811622Z  INFO get_globs:scan_sources: tailwindcss_oxide::scanner: Discovering "C:\\Users\\Lenovo\\Documents\\GitHub\\NON\\app\\lib"
2026-01-11T03:05:16.812037Z  INFO get_globs:scan_sources: tailwindcss_oxide::scanner: Discovering "C:\\Users\\Lenovo\\Documents\\GitHub\\NON\\app\\pages"
2026-01-11T03:05:16.812311Z  INFO get_globs:scan_sources: tailwindcss_oxide::scanner: Discovering "C:\\Users\\Lenovo\\Documents\\GitHub\\NON\\app\\pages\\after"
2026-01-11T03:05:16.812856Z  INFO get_globs:scan_sources: tailwindcss_oxide::scanner: Discovering "C:\\Users\\Lenovo\\Documents\\GitHub\\NON\\app\\pages\\alert"
2026-01-11T03:05:16.813218Z  INFO get_globs:scan_sources: tailwindcss_oxide::scanner: Discovering "C:\\Users\\Lenovo\\Documents\\GitHub\\NON\\app\\pages\\before"
2026-01-11T03:05:16.813591Z  INFO get_globs:scan_sources: tailwindcss_oxide::scanner: Discovering "C:\\Users\\Lenovo\\Documents\\GitHub\\NON\\app\\pages\\dashboard"
2026-01-11T03:05:16.814917Z  INFO get_globs:scan_sources: tailwindcss_oxide::scanner: Discovering "C:\\Users\\Lenovo\\Documents\\GitHub\\NON\\public"
2026-01-11T03:05:16.815532Z  INFO get_globs:scan_sources: tailwindcss_oxide::scanner: Discovering "C:\\Users\\Lenovo\\Documents\\GitHub\\NON\\scripts"
2026-01-11T03:05:16.816200Z  INFO get_globs:scan_sources: tailwindcss_oxide::scanner: exit
2026-01-11T03:05:16.833571Z  INFO get_globs: tailwindcss_oxide::scanner: exit
