2026-01-09T02:15:45.111297Z  INFO tailwindcss_oxide::scanner: Provided sources:
2026-01-09T02:15:45.111407Z  INFO tailwindcss_oxide::scanner: Source: PublicSourceEntry { base: "C:\\Users\\Lenovo\\Documents\\GitHub\\NON\\nonnaja", pattern: "**/*", negated: false }
2026-01-09T02:15:45.111726Z  INFO tailwindcss_oxide::scanner: Optimized sources:
2026-01-09T02:15:45.111755Z  INFO tailwindcss_oxide::scanner: Source: Auto { base: "C:\\Users\\Lenovo\\Documents\\GitHub\\NON\\nonnaja" }
2026-01-09T02:15:45.114129Z  INFO scan_sources: tailwindcss_oxide::scanner: enter
2026-01-09T02:15:45.116476Z  INFO scan_sources: tailwindcss_oxide::scanner: Discovering "C:\\Users\\Lenovo\\Documents\\GitHub\\NON\\nonnaja\\app"
2026-01-09T02:15:45.116987Z  INFO scan_sources: tailwindcss_oxide::scanner: Discovering "C:\\Users\\Lenovo\\Documents\\GitHub\\NON\\nonnaja\\app\\api"
2026-01-09T02:15:45.117246Z  INFO scan_sources: tailwindcss_oxide::scanner: Discovering "C:\\Users\\Lenovo\\Documents\\GitHub\\NON\\nonnaja\\app\\api\\drive-image"
2026-01-09T02:15:45.117455Z  INFO scan_sources: tailwindcss_oxide::scanner: Discovering "C:\\Users\\Lenovo\\Documents\\GitHub\\NON\\nonnaja\\app\\api\\drive-image\\route.ts"
2026-01-09T02:15:45.117747Z  INFO scan_sources: tailwindcss_oxide::scanner: Discovering "C:\\Users\\Lenovo\\Documents\\GitHub\\NON\\nonnaja\\app\\api\\sheets"
2026-01-09T02:15:45.118175Z  INFO scan_sources: tailwindcss_oxide::scanner: Discovering "C:\\Users\\Lenovo\\Documents\\GitHub\\NON\\nonnaja\\app\\api\\sheets\\delete"
2026-01-09T02:15:45.118391Z  INFO scan_sources: tailwindcss_oxide::scanner: Discovering "C:\\Users\\Lenovo\\Documents\\GitHub\\NON\\nonnaja\\app\\api\\sheets\\delete\\route.ts"
2026-01-09T02:15:45.118518Z  INFO scan_sources: tailwindcss_oxide::scanner: Discovering "C:\\Users\\Lenovo\\Documents\\GitHub\\NON\\nonnaja\\app\\api\\sheets\\route.ts"
2026-01-09T02:15:45.118683Z  INFO scan_sources: tailwindcss_oxide::scanner: Discovering "C:\\Users\\Lenovo\\Documents\\GitHub\\NON\\nonnaja\\app\\api\\sheets\\update"
2026-01-09T02:15:45.118869Z  INFO scan_sources: tailwindcss_oxide::scanner: Discovering "C:\\Users\\Lenovo\\Documents\\GitHub\\NON\\nonnaja\\app\\api\\sheets\\update\\route.ts"
2026-01-09T02:15:45.119123Z  INFO scan_sources: tailwindcss_oxide::scanner: Discovering "C:\\Users\\Lenovo\\Documents\\GitHub\\NON\\nonnaja\\app\\api\\sheets2"
2026-01-09T02:15:45.119419Z  INFO scan_sources: tailwindcss_oxide::scanner: Discovering "C:\\Users\\Lenovo\\Documents\\GitHub\\NON\\nonnaja\\app\\api\\sheets2\\delete"
2026-01-09T02:15:45.119611Z  INFO scan_sources: tailwindcss_oxide::scanner: Discovering "C:\\Users\\Lenovo\\Documents\\GitHub\\NON\\nonnaja\\app\\api\\sheets2\\delete\\route.ts"
2026-01-09T02:15:45.119756Z  INFO scan_sources: tailwindcss_oxide::scanner: Discovering "C:\\Users\\Lenovo\\Documents\\GitHub\\NON\\nonnaja\\app\\api\\sheets2\\route.ts"
2026-01-09T02:15:45.119907Z  INFO scan_sources: tailwindcss_oxide::scanner: Discovering "C:\\Users\\Lenovo\\Documents\\GitHub\\NON\\nonnaja\\app\\api\\sheets2\\update"
2026-01-09T02:15:45.120108Z  INFO scan_sources: tailwindcss_oxide::scanner: Discovering "C:\\Users\\Lenovo\\Documents\\GitHub\\NON\\nonnaja\\app\\api\\sheets2\\update\\route.ts"
2026-01-09T02:15:45.120306Z  INFO scan_sources: tailwindcss_oxide::scanner: Discovering "C:\\Users\\Lenovo\\Documents\\GitHub\\NON\\nonnaja\\app\\api\\sheets3"
2026-01-09T02:15:45.120558Z  INFO scan_sources: tailwindcss_oxide::scanner: Discovering "C:\\Users\\Lenovo\\Documents\\GitHub\\NON\\nonnaja\\app\\api\\sheets3\\delete"
2026-01-09T02:15:45.120775Z  INFO scan_sources: tailwindcss_oxide::scanner: Discovering "C:\\Users\\Lenovo\\Documents\\GitHub\\NON\\nonnaja\\app\\api\\sheets3\\delete\\route.ts"
2026-01-09T02:15:45.120891Z  INFO scan_sources: tailwindcss_oxide::scanner: Discovering "C:\\Users\\Lenovo\\Documents\\GitHub\\NON\\nonnaja\\app\\api\\sheets3\\route.ts"
2026-01-09T02:15:45.121071Z  INFO scan_sources: tailwindcss_oxide::scanner: Discovering "C:\\Users\\Lenovo\\Documents\\GitHub\\NON\\nonnaja\\app\\api\\sheets3\\update"
2026-01-09T02:15:45.121273Z  INFO scan_sources: tailwindcss_oxide::scanner: Discovering "C:\\Users\\Lenovo\\Documents\\GitHub\\NON\\nonnaja\\app\\api\\sheets3\\update\\route.ts"
2026-01-09T02:15:45.121556Z  INFO scan_sources: tailwindcss_oxide::scanner: Discovering "C:\\Users\\Lenovo\\Documents\\GitHub\\NON\\nonnaja\\app\\components"
2026-01-09T02:15:45.121755Z  INFO scan_sources: tailwindcss_oxide::scanner: Discovering "C:\\Users\\Lenovo\\Documents\\GitHub\\NON\\nonnaja\\app\\components\\FilterBar.tsx"
2026-01-09T02:15:45.121849Z  INFO scan_sources: tailwindcss_oxide::scanner: Discovering "C:\\Users\\Lenovo\\Documents\\GitHub\\NON\\nonnaja\\app\\components\\Navbar.tsx"
2026-01-09T02:15:45.121936Z  INFO scan_sources: tailwindcss_oxide::scanner: Discovering "C:\\Users\\Lenovo\\Documents\\GitHub\\NON\\nonnaja\\app\\components\\SheetData.tsx"
2026-01-09T02:15:45.122022Z  INFO scan_sources: tailwindcss_oxide::scanner: Discovering "C:\\Users\\Lenovo\\Documents\\GitHub\\NON\\nonnaja\\app\\components\\SheetData2.tsx"
2026-01-09T02:15:45.122110Z  INFO scan_sources: tailwindcss_oxide::scanner: Discovering "C:\\Users\\Lenovo\\Documents\\GitHub\\NON\\nonnaja\\app\\components\\SheetData3.tsx"
2026-01-09T02:15:45.122280Z  INFO scan_sources: tailwindcss_oxide::scanner: Discovering "C:\\Users\\Lenovo\\Documents\\GitHub\\NON\\nonnaja\\app\\globals.css"
2026-01-09T02:15:45.122371Z  INFO scan_sources: tailwindcss_oxide::scanner: Discovering "C:\\Users\\Lenovo\\Documents\\GitHub\\NON\\nonnaja\\app\\layout.tsx"
2026-01-09T02:15:45.122517Z  INFO scan_sources: tailwindcss_oxide::scanner: Discovering "C:\\Users\\Lenovo\\Documents\\GitHub\\NON\\nonnaja\\app\\lib"
2026-01-09T02:15:45.122750Z  INFO scan_sources: tailwindcss_oxide::scanner: Discovering "C:\\Users\\Lenovo\\Documents\\GitHub\\NON\\nonnaja\\app\\page.tsx"
2026-01-09T02:15:45.122901Z  INFO scan_sources: tailwindcss_oxide::scanner: Discovering "C:\\Users\\Lenovo\\Documents\\GitHub\\NON\\nonnaja\\app\\pages"
2026-01-09T02:15:45.123170Z  INFO scan_sources: tailwindcss_oxide::scanner: Discovering "C:\\Users\\Lenovo\\Documents\\GitHub\\NON\\nonnaja\\app\\pages\\after"
2026-01-09T02:15:45.123513Z  INFO scan_sources: tailwindcss_oxide::scanner: Discovering "C:\\Users\\Lenovo\\Documents\\GitHub\\NON\\nonnaja\\app\\pages\\after\\page.tsx"
2026-01-09T02:15:45.123682Z  INFO scan_sources: tailwindcss_oxide::scanner: Discovering "C:\\Users\\Lenovo\\Documents\\GitHub\\NON\\nonnaja\\app\\pages\\alert"
2026-01-09T02:15:45.123876Z  INFO scan_sources: tailwindcss_oxide::scanner: Discovering "C:\\Users\\Lenovo\\Documents\\GitHub\\NON\\nonnaja\\app\\pages\\alert\\page.tsx"
2026-01-09T02:15:45.124072Z  INFO scan_sources: tailwindcss_oxide::scanner: Discovering "C:\\Users\\Lenovo\\Documents\\GitHub\\NON\\nonnaja\\app\\pages\\before"
2026-01-09T02:15:45.124283Z  INFO scan_sources: tailwindcss_oxide::scanner: Discovering "C:\\Users\\Lenovo\\Documents\\GitHub\\NON\\nonnaja\\app\\pages\\before\\page.tsx"
2026-01-09T02:15:45.124469Z  INFO scan_sources: tailwindcss_oxide::scanner: Discovering "C:\\Users\\Lenovo\\Documents\\GitHub\\NON\\nonnaja\\eslint.config.mjs"
2026-01-09T02:15:45.124568Z  INFO scan_sources: tailwindcss_oxide::scanner: Discovering "C:\\Users\\Lenovo\\Documents\\GitHub\\NON\\nonnaja\\next.config.ts"
2026-01-09T02:15:45.124932Z  INFO scan_sources: tailwindcss_oxide::scanner: Discovering "C:\\Users\\Lenovo\\Documents\\GitHub\\NON\\nonnaja\\package.json"
2026-01-09T02:15:45.125072Z  INFO scan_sources: tailwindcss_oxide::scanner: Discovering "C:\\Users\\Lenovo\\Documents\\GitHub\\NON\\nonnaja\\postcss.config.mjs"
2026-01-09T02:15:45.125237Z  INFO scan_sources: tailwindcss_oxide::scanner: Discovering "C:\\Users\\Lenovo\\Documents\\GitHub\\NON\\nonnaja\\public"
2026-01-09T02:15:45.125436Z  INFO scan_sources: tailwindcss_oxide::scanner: Discovering "C:\\Users\\Lenovo\\Documents\\GitHub\\NON\\nonnaja\\public\\file.svg"
2026-01-09T02:15:45.125522Z  INFO scan_sources: tailwindcss_oxide::scanner: Discovering "C:\\Users\\Lenovo\\Documents\\GitHub\\NON\\nonnaja\\public\\globe.svg"
2026-01-09T02:15:45.125607Z  INFO scan_sources: tailwindcss_oxide::scanner: Discovering "C:\\Users\\Lenovo\\Documents\\GitHub\\NON\\nonnaja\\public\\next.svg"
2026-01-09T02:15:45.125748Z  INFO scan_sources: tailwindcss_oxide::scanner: Discovering "C:\\Users\\Lenovo\\Documents\\GitHub\\NON\\nonnaja\\public\\People-party.svg"
2026-01-09T02:15:45.125842Z  INFO scan_sources: tailwindcss_oxide::scanner: Discovering "C:\\Users\\Lenovo\\Documents\\GitHub\\NON\\nonnaja\\public\\vercel.svg"
2026-01-09T02:15:45.125942Z  INFO scan_sources: tailwindcss_oxide::scanner: Discovering "C:\\Users\\Lenovo\\Documents\\GitHub\\NON\\nonnaja\\public\\window.svg"
2026-01-09T02:15:45.126096Z  INFO scan_sources: tailwindcss_oxide::scanner: Discovering "C:\\Users\\Lenovo\\Documents\\GitHub\\NON\\nonnaja\\README.md"
2026-01-09T02:15:45.126246Z  INFO scan_sources: tailwindcss_oxide::scanner: Discovering "C:\\Users\\Lenovo\\Documents\\GitHub\\NON\\nonnaja\\tsconfig.json"
2026-01-09T02:15:45.126391Z  INFO scan_sources: tailwindcss_oxide::scanner: exit
2026-01-09T02:15:45.126403Z  INFO extract_candidates: tailwindcss_oxide::scanner: enter
2026-01-09T02:15:45.126411Z  INFO extract_candidates:read_all_files: tailwindcss_oxide::scanner: enter
2026-01-09T02:15:45.126416Z  INFO extract_candidates:read_all_files: tailwindcss_oxide::scanner: Reading 32 file(s)
2026-01-09T02:15:45.127175Z  INFO tailwindcss_oxide::scanner: Reading "C:\\Users\\Lenovo\\Documents\\GitHub\\NON\\nonnaja\\public\\file.svg"
2026-01-09T02:15:45.127175Z  INFO tailwindcss_oxide::scanner: Reading "C:\\Users\\Lenovo\\Documents\\GitHub\\NON\\nonnaja\\app\\page.tsx"
2026-01-09T02:15:45.127189Z  INFO tailwindcss_oxide::scanner: Reading "C:\\Users\\Lenovo\\Documents\\GitHub\\NON\\nonnaja\\app\\api\\sheets2\\delete\\route.ts"
2026-01-09T02:15:45.127198Z  INFO tailwindcss_oxide::scanner: Reading "C:\\Users\\Lenovo\\Documents\\GitHub\\NON\\nonnaja\\app\\pages\\alert\\page.tsx"
2026-01-09T02:15:45.127189Z  INFO tailwindcss_oxide::scanner: Reading "C:\\Users\\Lenovo\\Documents\\GitHub\\NON\\nonnaja\\app\\api\\sheets3\\route.ts"
2026-01-09T02:15:45.127173Z  INFO tailwindcss_oxide::scanner: Reading "C:\\Users\\Lenovo\\Documents\\GitHub\\NON\\nonnaja\\eslint.config.mjs"
2026-01-09T02:15:45.127199Z  INFO tailwindcss_oxide::scanner: Reading "C:\\Users\\Lenovo\\Documents\\GitHub\\NON\\nonnaja\\app\\components\\SheetData.tsx"
2026-01-09T02:15:45.127208Z  INFO tailwindcss_oxide::scanner: Reading "C:\\Users\\Lenovo\\Documents\\GitHub\\NON\\nonnaja\\app\\api\\drive-image\\route.ts"
2026-01-09T02:15:45.127278Z  INFO tailwindcss_oxide::scanner: Reading "C:\\Users\\Lenovo\\Documents\\GitHub\\NON\\nonnaja\\app\\components\\FilterBar.tsx"
2026-01-09T02:15:45.127322Z  INFO tailwindcss_oxide::scanner: Reading "C:\\Users\\Lenovo\\Documents\\GitHub\\NON\\nonnaja\\public\\globe.svg"
2026-01-09T02:15:45.127333Z  INFO tailwindcss_oxide::scanner: Reading "C:\\Users\\Lenovo\\Documents\\GitHub\\NON\\nonnaja\\app\\pages\\before\\page.tsx"
2026-01-09T02:15:45.127351Z  INFO tailwindcss_oxide::scanner: Reading "C:\\Users\\Lenovo\\Documents\\GitHub\\NON\\nonnaja\\app\\api\\sheets2\\route.ts"
2026-01-09T02:15:45.127372Z  INFO tailwindcss_oxide::scanner: Reading "C:\\Users\\Lenovo\\Documents\\GitHub\\NON\\nonnaja\\app\\components\\SheetData3.tsx"
2026-01-09T02:15:45.127372Z  INFO tailwindcss_oxide::scanner: Reading "C:\\Users\\Lenovo\\Documents\\GitHub\\NON\\nonnaja\\app\\layout.tsx"
2026-01-09T02:15:45.127375Z  INFO tailwindcss_oxide::scanner: Reading "C:\\Users\\Lenovo\\Documents\\GitHub\\NON\\nonnaja\\app\\api\\sheets3\\update\\route.ts"
2026-01-09T02:15:45.127377Z  INFO tailwindcss_oxide::scanner: Reading "C:\\Users\\Lenovo\\Documents\\GitHub\\NON\\nonnaja\\next.config.ts"
2026-01-09T02:15:45.127414Z  INFO tailwindcss_oxide::scanner: Reading "C:\\Users\\Lenovo\\Documents\\GitHub\\NON\\nonnaja\\public\\next.svg"
2026-01-09T02:15:45.127434Z  INFO tailwindcss_oxide::scanner: Reading "C:\\Users\\Lenovo\\Documents\\GitHub\\NON\\nonnaja\\app\\components\\SheetData2.tsx"
2026-01-09T02:15:45.127442Z  INFO tailwindcss_oxide::scanner: Reading "C:\\Users\\Lenovo\\Documents\\GitHub\\NON\\nonnaja\\public\\People-party.svg"
2026-01-09T02:15:45.127414Z  INFO tailwindcss_oxide::scanner: Reading "C:\\Users\\Lenovo\\Documents\\GitHub\\NON\\nonnaja\\app\\api\\sheets\\delete\\route.ts"
2026-01-09T02:15:45.127438Z  INFO tailwindcss_oxide::scanner: Reading "C:\\Users\\Lenovo\\Documents\\GitHub\\NON\\nonnaja\\app\\api\\sheets2\\update\\route.ts"
2026-01-09T02:15:45.127513Z  INFO tailwindcss_oxide::scanner: Reading "C:\\Users\\Lenovo\\Documents\\GitHub\\NON\\nonnaja\\app\\api\\sheets3\\delete\\route.ts"
2026-01-09T02:15:45.127518Z  INFO tailwindcss_oxide::scanner: Reading "C:\\Users\\Lenovo\\Documents\\GitHub\\NON\\nonnaja\\app\\api\\sheets\\route.ts"
2026-01-09T02:15:45.127535Z  INFO tailwindcss_oxide::scanner: Reading "C:\\Users\\Lenovo\\Documents\\GitHub\\NON\\nonnaja\\package.json"
2026-01-09T02:15:45.127545Z  INFO tailwindcss_oxide::scanner: Reading "C:\\Users\\Lenovo\\Documents\\GitHub\\NON\\nonnaja\\public\\window.svg"
2026-01-09T02:15:45.127447Z  INFO tailwindcss_oxide::scanner: Reading "C:\\Users\\Lenovo\\Documents\\GitHub\\NON\\nonnaja\\README.md"
2026-01-09T02:15:45.127531Z  INFO tailwindcss_oxide::scanner: Reading "C:\\Users\\Lenovo\\Documents\\GitHub\\NON\\nonnaja\\app\\api\\sheets\\update\\route.ts"
2026-01-09T02:15:45.127548Z  INFO tailwindcss_oxide::scanner: Reading "C:\\Users\\Lenovo\\Documents\\GitHub\\NON\\nonnaja\\postcss.config.mjs"
2026-01-09T02:15:45.127394Z  INFO tailwindcss_oxide::scanner: Reading "C:\\Users\\Lenovo\\Documents\\GitHub\\NON\\nonnaja\\public\\vercel.svg"
2026-01-09T02:15:45.127502Z  INFO tailwindcss_oxide::scanner: Reading "C:\\Users\\Lenovo\\Documents\\GitHub\\NON\\nonnaja\\tsconfig.json"
2026-01-09T02:15:45.127243Z  INFO tailwindcss_oxide::scanner: Reading "C:\\Users\\Lenovo\\Documents\\GitHub\\NON\\nonnaja\\app\\pages\\after\\page.tsx"
2026-01-09T02:15:45.127470Z  INFO tailwindcss_oxide::scanner: Reading "C:\\Users\\Lenovo\\Documents\\GitHub\\NON\\nonnaja\\app\\components\\Navbar.tsx"
2026-01-09T02:15:45.127683Z  INFO extract_candidates:read_all_files: tailwindcss_oxide::scanner: exit
2026-01-09T02:15:45.127700Z  INFO extract_candidates:parse_all_blobs: tailwindcss_oxide::scanner: enter
2026-01-09T02:15:45.127709Z  INFO extract_candidates:parse_all_blobs:extract: tailwindcss_oxide::scanner: enter
2026-01-09T02:15:45.128643Z  INFO extract_candidates:parse_all_blobs:extract: tailwindcss_oxide::scanner: exit
2026-01-09T02:15:45.128658Z  INFO extract_candidates:parse_all_blobs: tailwindcss_oxide::scanner: exit
2026-01-09T02:15:45.128664Z  INFO extract_candidates:read_all_files: tailwindcss_oxide::scanner: enter
2026-01-09T02:15:45.128668Z  INFO extract_candidates:read_all_files: tailwindcss_oxide::scanner: Reading 1 file(s)
2026-01-09T02:15:45.128757Z  INFO extract_candidates:read_all_files: tailwindcss_oxide::scanner: Reading "C:\\Users\\Lenovo\\Documents\\GitHub\\NON\\nonnaja\\app\\globals.css"
2026-01-09T02:15:45.128771Z  INFO extract_candidates:read_all_files: tailwindcss_oxide::scanner: exit
2026-01-09T02:15:45.128779Z  INFO extract_candidates:extract_css_variables: tailwindcss_oxide::scanner: enter
2026-01-09T02:15:45.128784Z  INFO extract_candidates:extract_css_variables:extract: tailwindcss_oxide::scanner: enter
2026-01-09T02:15:45.128812Z  INFO extract_candidates:extract_css_variables:extract: tailwindcss_oxide::scanner: exit
2026-01-09T02:15:45.128827Z  INFO extract_candidates:extract_css_variables: tailwindcss_oxide::scanner: exit
2026-01-09T02:15:45.129159Z  INFO extract_candidates: tailwindcss_oxide::scanner: exit
2026-01-09T02:15:45.129887Z  INFO get_files: tailwindcss_oxide::scanner: enter
2026-01-09T02:15:45.129899Z  INFO get_files:scan_sources: tailwindcss_oxide::scanner: enter
2026-01-09T02:15:45.131843Z  INFO get_files:scan_sources: tailwindcss_oxide::scanner: Discovering "C:\\Users\\Lenovo\\Documents\\GitHub\\NON\\nonnaja\\app"
2026-01-09T02:15:45.132105Z  INFO get_files:scan_sources: tailwindcss_oxide::scanner: Discovering "C:\\Users\\Lenovo\\Documents\\GitHub\\NON\\nonnaja\\app\\api"
2026-01-09T02:15:45.132356Z  INFO get_files:scan_sources: tailwindcss_oxide::scanner: Discovering "C:\\Users\\Lenovo\\Documents\\GitHub\\NON\\nonnaja\\app\\api\\drive-image"
2026-01-09T02:15:45.132946Z  INFO get_files:scan_sources: tailwindcss_oxide::scanner: Discovering "C:\\Users\\Lenovo\\Documents\\GitHub\\NON\\nonnaja\\app\\api\\sheets"
2026-01-09T02:15:45.133210Z  INFO get_files:scan_sources: tailwindcss_oxide::scanner: Discovering "C:\\Users\\Lenovo\\Documents\\GitHub\\NON\\nonnaja\\app\\api\\sheets\\delete"
2026-01-09T02:15:45.133646Z  INFO get_files:scan_sources: tailwindcss_oxide::scanner: Discovering "C:\\Users\\Lenovo\\Documents\\GitHub\\NON\\nonnaja\\app\\api\\sheets\\update"
2026-01-09T02:15:45.134391Z  INFO get_files:scan_sources: tailwindcss_oxide::scanner: Discovering "C:\\Users\\Lenovo\\Documents\\GitHub\\NON\\nonnaja\\app\\api\\sheets2"
2026-01-09T02:15:45.134658Z  INFO get_files:scan_sources: tailwindcss_oxide::scanner: Discovering "C:\\Users\\Lenovo\\Documents\\GitHub\\NON\\nonnaja\\app\\api\\sheets2\\delete"
2026-01-09T02:15:45.135085Z  INFO get_files:scan_sources: tailwindcss_oxide::scanner: Discovering "C:\\Users\\Lenovo\\Documents\\GitHub\\NON\\nonnaja\\app\\api\\sheets2\\update"
2026-01-09T02:15:45.135830Z  INFO get_files:scan_sources: tailwindcss_oxide::scanner: Discovering "C:\\Users\\Lenovo\\Documents\\GitHub\\NON\\nonnaja\\app\\api\\sheets3"
2026-01-09T02:15:45.136264Z  INFO get_files:scan_sources: tailwindcss_oxide::scanner: Discovering "C:\\Users\\Lenovo\\Documents\\GitHub\\NON\\nonnaja\\app\\api\\sheets3\\delete"
2026-01-09T02:15:45.136943Z  INFO get_files:scan_sources: tailwindcss_oxide::scanner: Discovering "C:\\Users\\Lenovo\\Documents\\GitHub\\NON\\nonnaja\\app\\api\\sheets3\\update"
2026-01-09T02:15:45.137617Z  INFO get_files:scan_sources: tailwindcss_oxide::scanner: Discovering "C:\\Users\\Lenovo\\Documents\\GitHub\\NON\\nonnaja\\app\\components"
2026-01-09T02:15:45.138593Z  INFO get_files:scan_sources: tailwindcss_oxide::scanner: Discovering "C:\\Users\\Lenovo\\Documents\\GitHub\\NON\\nonnaja\\app\\lib"
2026-01-09T02:15:45.139198Z  INFO get_files:scan_sources: tailwindcss_oxide::scanner: Discovering "C:\\Users\\Lenovo\\Documents\\GitHub\\NON\\nonnaja\\app\\pages"
2026-01-09T02:15:45.139525Z  INFO get_files:scan_sources: tailwindcss_oxide::scanner: Discovering "C:\\Users\\Lenovo\\Documents\\GitHub\\NON\\nonnaja\\app\\pages\\after"
2026-01-09T02:15:45.139895Z  INFO get_files:scan_sources: tailwindcss_oxide::scanner: Discovering "C:\\Users\\Lenovo\\Documents\\GitHub\\NON\\nonnaja\\app\\pages\\alert"
2026-01-09T02:15:45.140241Z  INFO get_files:scan_sources: tailwindcss_oxide::scanner: Discovering "C:\\Users\\Lenovo\\Documents\\GitHub\\NON\\nonnaja\\app\\pages\\before"
2026-01-09T02:15:45.141195Z  INFO get_files:scan_sources: tailwindcss_oxide::scanner: Discovering "C:\\Users\\Lenovo\\Documents\\GitHub\\NON\\nonnaja\\public"
2026-01-09T02:15:45.141915Z  INFO get_files:scan_sources: tailwindcss_oxide::scanner: exit
2026-01-09T02:15:45.142045Z  INFO get_files: tailwindcss_oxide::scanner: exit
2026-01-09T02:15:45.142422Z  INFO get_globs: tailwindcss_oxide::scanner: enter
2026-01-09T02:15:45.142439Z  INFO get_globs:scan_sources: tailwindcss_oxide::scanner: enter
2026-01-09T02:15:45.144746Z  INFO get_globs:scan_sources: tailwindcss_oxide::scanner: Discovering "C:\\Users\\Lenovo\\Documents\\GitHub\\NON\\nonnaja\\app"
2026-01-09T02:15:45.145094Z  INFO get_globs:scan_sources: tailwindcss_oxide::scanner: Discovering "C:\\Users\\Lenovo\\Documents\\GitHub\\NON\\nonnaja\\app\\api"
2026-01-09T02:15:45.145484Z  INFO get_globs:scan_sources: tailwindcss_oxide::scanner: Discovering "C:\\Users\\Lenovo\\Documents\\GitHub\\NON\\nonnaja\\app\\api\\drive-image"
2026-01-09T02:15:45.145865Z  INFO get_globs:scan_sources: tailwindcss_oxide::scanner: Discovering "C:\\Users\\Lenovo\\Documents\\GitHub\\NON\\nonnaja\\app\\api\\sheets"
2026-01-09T02:15:45.146141Z  INFO get_globs:scan_sources: tailwindcss_oxide::scanner: Discovering "C:\\Users\\Lenovo\\Documents\\GitHub\\NON\\nonnaja\\app\\api\\sheets\\delete"
2026-01-09T02:15:45.146595Z  INFO get_globs:scan_sources: tailwindcss_oxide::scanner: Discovering "C:\\Users\\Lenovo\\Documents\\GitHub\\NON\\nonnaja\\app\\api\\sheets\\update"
2026-01-09T02:15:45.147401Z  INFO get_globs:scan_sources: tailwindcss_oxide::scanner: Discovering "C:\\Users\\Lenovo\\Documents\\GitHub\\NON\\nonnaja\\app\\api\\sheets2"
2026-01-09T02:15:45.147775Z  INFO get_globs:scan_sources: tailwindcss_oxide::scanner: Discovering "C:\\Users\\Lenovo\\Documents\\GitHub\\NON\\nonnaja\\app\\api\\sheets2\\delete"
2026-01-09T02:15:45.148331Z  INFO get_globs:scan_sources: tailwindcss_oxide::scanner: Discovering "C:\\Users\\Lenovo\\Documents\\GitHub\\NON\\nonnaja\\app\\api\\sheets2\\update"
2026-01-09T02:15:45.148756Z  INFO get_globs:scan_sources: tailwindcss_oxide::scanner: Discovering "C:\\Users\\Lenovo\\Documents\\GitHub\\NON\\nonnaja\\app\\api\\sheets3"
2026-01-09T02:15:45.149054Z  INFO get_globs:scan_sources: tailwindcss_oxide::scanner: Discovering "C:\\Users\\Lenovo\\Documents\\GitHub\\NON\\nonnaja\\app\\api\\sheets3\\delete"
2026-01-09T02:15:45.149568Z  INFO get_globs:scan_sources: tailwindcss_oxide::scanner: Discovering "C:\\Users\\Lenovo\\Documents\\GitHub\\NON\\nonnaja\\app\\api\\sheets3\\update"
2026-01-09T02:15:45.150082Z  INFO get_globs:scan_sources: tailwindcss_oxide::scanner: Discovering "C:\\Users\\Lenovo\\Documents\\GitHub\\NON\\nonnaja\\app\\components"
2026-01-09T02:15:45.151446Z  INFO get_globs:scan_sources: tailwindcss_oxide::scanner: Discovering "C:\\Users\\Lenovo\\Documents\\GitHub\\NON\\nonnaja\\app\\lib"
2026-01-09T02:15:45.152064Z  INFO get_globs:scan_sources: tailwindcss_oxide::scanner: Discovering "C:\\Users\\Lenovo\\Documents\\GitHub\\NON\\nonnaja\\app\\pages"
2026-01-09T02:15:45.152449Z  INFO get_globs:scan_sources: tailwindcss_oxide::scanner: Discovering "C:\\Users\\Lenovo\\Documents\\GitHub\\NON\\nonnaja\\app\\pages\\after"
2026-01-09T02:15:45.152875Z  INFO get_globs:scan_sources: tailwindcss_oxide::scanner: Discovering "C:\\Users\\Lenovo\\Documents\\GitHub\\NON\\nonnaja\\app\\pages\\alert"
2026-01-09T02:15:45.153380Z  INFO get_globs:scan_sources: tailwindcss_oxide::scanner: Discovering "C:\\Users\\Lenovo\\Documents\\GitHub\\NON\\nonnaja\\app\\pages\\before"
2026-01-09T02:15:45.155050Z  INFO get_globs:scan_sources: tailwindcss_oxide::scanner: Discovering "C:\\Users\\Lenovo\\Documents\\GitHub\\NON\\nonnaja\\public"
2026-01-09T02:15:45.156204Z  INFO get_globs:scan_sources: tailwindcss_oxide::scanner: exit
2026-01-09T02:15:45.168968Z  INFO get_globs: tailwindcss_oxide::scanner: exit
