2026-01-09T01:47:54.224383Z  INFO tailwindcss_oxide::scanner: Provided sources:
2026-01-09T01:47:54.225136Z  INFO tailwindcss_oxide::scanner: Source: PublicSourceEntry { base: "C:\\Users\\Lenovo\\Documents\\GitHub\\NON\\nonnaja", pattern: "**/*", negated: false }
2026-01-09T01:47:54.227589Z  INFO tailwindcss_oxide::scanner: Optimized sources:
2026-01-09T01:47:54.227620Z  INFO tailwindcss_oxide::scanner: Source: Auto { base: "C:\\Users\\Lenovo\\Documents\\GitHub\\NON\\nonnaja" }
2026-01-09T01:47:54.234870Z  INFO scan_sources: tailwindcss_oxide::scanner: enter
2026-01-09T01:47:54.238936Z  INFO scan_sources: tailwindcss_oxide::scanner: Discovering "C:\\Users\\Lenovo\\Documents\\GitHub\\NON\\nonnaja\\app"
2026-01-09T01:47:54.239311Z  INFO scan_sources: tailwindcss_oxide::scanner: Discovering "C:\\Users\\Lenovo\\Documents\\GitHub\\NON\\nonnaja\\app\\api"
2026-01-09T01:47:54.239553Z  INFO scan_sources: tailwindcss_oxide::scanner: Discovering "C:\\Users\\Lenovo\\Documents\\GitHub\\NON\\nonnaja\\app\\api\\drive-image"
2026-01-09T01:47:54.239741Z  INFO scan_sources: tailwindcss_oxide::scanner: Discovering "C:\\Users\\Lenovo\\Documents\\GitHub\\NON\\nonnaja\\app\\api\\drive-image\\route.ts"
2026-01-09T01:47:54.239913Z  INFO scan_sources: tailwindcss_oxide::scanner: Discovering "C:\\Users\\Lenovo\\Documents\\GitHub\\NON\\nonnaja\\app\\api\\sheets"
2026-01-09T01:47:54.240138Z  INFO scan_sources: tailwindcss_oxide::scanner: Discovering "C:\\Users\\Lenovo\\Documents\\GitHub\\NON\\nonnaja\\app\\api\\sheets\\delete"
2026-01-09T01:47:54.240320Z  INFO scan_sources: tailwindcss_oxide::scanner: Discovering "C:\\Users\\Lenovo\\Documents\\GitHub\\NON\\nonnaja\\app\\api\\sheets\\delete\\route.ts"
2026-01-09T01:47:54.240426Z  INFO scan_sources: tailwindcss_oxide::scanner: Discovering "C:\\Users\\Lenovo\\Documents\\GitHub\\NON\\nonnaja\\app\\api\\sheets\\route.ts"
2026-01-09T01:47:54.240560Z  INFO scan_sources: tailwindcss_oxide::scanner: Discovering "C:\\Users\\Lenovo\\Documents\\GitHub\\NON\\nonnaja\\app\\api\\sheets\\update"
2026-01-09T01:47:54.240728Z  INFO scan_sources: tailwindcss_oxide::scanner: Discovering "C:\\Users\\Lenovo\\Documents\\GitHub\\NON\\nonnaja\\app\\api\\sheets\\update\\route.ts"
2026-01-09T01:47:54.240946Z  INFO scan_sources: tailwindcss_oxide::scanner: Discovering "C:\\Users\\Lenovo\\Documents\\GitHub\\NON\\nonnaja\\app\\api\\sheets2"
2026-01-09T01:47:54.241200Z  INFO scan_sources: tailwindcss_oxide::scanner: Discovering "C:\\Users\\Lenovo\\Documents\\GitHub\\NON\\nonnaja\\app\\api\\sheets2\\delete"
2026-01-09T01:47:54.241390Z  INFO scan_sources: tailwindcss_oxide::scanner: Discovering "C:\\Users\\Lenovo\\Documents\\GitHub\\NON\\nonnaja\\app\\api\\sheets2\\delete\\route.ts"
2026-01-09T01:47:54.241495Z  INFO scan_sources: tailwindcss_oxide::scanner: Discovering "C:\\Users\\Lenovo\\Documents\\GitHub\\NON\\nonnaja\\app\\api\\sheets2\\route.ts"
2026-01-09T01:47:54.241625Z  INFO scan_sources: tailwindcss_oxide::scanner: Discovering "C:\\Users\\Lenovo\\Documents\\GitHub\\NON\\nonnaja\\app\\api\\sheets2\\update"
2026-01-09T01:47:54.241786Z  INFO scan_sources: tailwindcss_oxide::scanner: Discovering "C:\\Users\\Lenovo\\Documents\\GitHub\\NON\\nonnaja\\app\\api\\sheets2\\update\\route.ts"
2026-01-09T01:47:54.241965Z  INFO scan_sources: tailwindcss_oxide::scanner: Discovering "C:\\Users\\Lenovo\\Documents\\GitHub\\NON\\nonnaja\\app\\api\\sheets3"
2026-01-09T01:47:54.242179Z  INFO scan_sources: tailwindcss_oxide::scanner: Discovering "C:\\Users\\Lenovo\\Documents\\GitHub\\NON\\nonnaja\\app\\api\\sheets3\\delete"
2026-01-09T01:47:54.242347Z  INFO scan_sources: tailwindcss_oxide::scanner: Discovering "C:\\Users\\Lenovo\\Documents\\GitHub\\NON\\nonnaja\\app\\api\\sheets3\\delete\\route.ts"
2026-01-09T01:47:54.242464Z  INFO scan_sources: tailwindcss_oxide::scanner: Discovering "C:\\Users\\Lenovo\\Documents\\GitHub\\NON\\nonnaja\\app\\api\\sheets3\\route.ts"
2026-01-09T01:47:54.242600Z  INFO scan_sources: tailwindcss_oxide::scanner: Discovering "C:\\Users\\Lenovo\\Documents\\GitHub\\NON\\nonnaja\\app\\api\\sheets3\\update"
2026-01-09T01:47:54.242769Z  INFO scan_sources: tailwindcss_oxide::scanner: Discovering "C:\\Users\\Lenovo\\Documents\\GitHub\\NON\\nonnaja\\app\\api\\sheets3\\update\\route.ts"
2026-01-09T01:47:54.243017Z  INFO scan_sources: tailwindcss_oxide::scanner: Discovering "C:\\Users\\Lenovo\\Documents\\GitHub\\NON\\nonnaja\\app\\components"
2026-01-09T01:47:54.243198Z  INFO scan_sources: tailwindcss_oxide::scanner: Discovering "C:\\Users\\Lenovo\\Documents\\GitHub\\NON\\nonnaja\\app\\components\\FilterBar.tsx"
2026-01-09T01:47:54.243290Z  INFO scan_sources: tailwindcss_oxide::scanner: Discovering "C:\\Users\\Lenovo\\Documents\\GitHub\\NON\\nonnaja\\app\\components\\Navbar.tsx"
2026-01-09T01:47:54.243371Z  INFO scan_sources: tailwindcss_oxide::scanner: Discovering "C:\\Users\\Lenovo\\Documents\\GitHub\\NON\\nonnaja\\app\\components\\SheetData.tsx"
2026-01-09T01:47:54.243448Z  INFO scan_sources: tailwindcss_oxide::scanner: Discovering "C:\\Users\\Lenovo\\Documents\\GitHub\\NON\\nonnaja\\app\\components\\SheetData2.tsx"
2026-01-09T01:47:54.243527Z  INFO scan_sources: tailwindcss_oxide::scanner: Discovering "C:\\Users\\Lenovo\\Documents\\GitHub\\NON\\nonnaja\\app\\components\\SheetData3.tsx"
2026-01-09T01:47:54.243646Z  INFO scan_sources: tailwindcss_oxide::scanner: Discovering "C:\\Users\\Lenovo\\Documents\\GitHub\\NON\\nonnaja\\app\\globals.css"
2026-01-09T01:47:54.243726Z  INFO scan_sources: tailwindcss_oxide::scanner: Discovering "C:\\Users\\Lenovo\\Documents\\GitHub\\NON\\nonnaja\\app\\layout.tsx"
2026-01-09T01:47:54.243810Z  INFO scan_sources: tailwindcss_oxide::scanner: Discovering "C:\\Users\\Lenovo\\Documents\\GitHub\\NON\\nonnaja\\app\\page.tsx"
2026-01-09T01:47:54.243945Z  INFO scan_sources: tailwindcss_oxide::scanner: Discovering "C:\\Users\\Lenovo\\Documents\\GitHub\\NON\\nonnaja\\app\\pages"
2026-01-09T01:47:54.244173Z  INFO scan_sources: tailwindcss_oxide::scanner: Discovering "C:\\Users\\Lenovo\\Documents\\GitHub\\NON\\nonnaja\\app\\pages\\after"
2026-01-09T01:47:54.244362Z  INFO scan_sources: tailwindcss_oxide::scanner: Discovering "C:\\Users\\Lenovo\\Documents\\GitHub\\NON\\nonnaja\\app\\pages\\after\\page.tsx"
2026-01-09T01:47:54.244547Z  INFO scan_sources: tailwindcss_oxide::scanner: Discovering "C:\\Users\\Lenovo\\Documents\\GitHub\\NON\\nonnaja\\app\\pages\\alert"
2026-01-09T01:47:54.244713Z  INFO scan_sources: tailwindcss_oxide::scanner: Discovering "C:\\Users\\Lenovo\\Documents\\GitHub\\NON\\nonnaja\\app\\pages\\alert\\page.tsx"
2026-01-09T01:47:54.244876Z  INFO scan_sources: tailwindcss_oxide::scanner: Discovering "C:\\Users\\Lenovo\\Documents\\GitHub\\NON\\nonnaja\\app\\pages\\before"
2026-01-09T01:47:54.245041Z  INFO scan_sources: tailwindcss_oxide::scanner: Discovering "C:\\Users\\Lenovo\\Documents\\GitHub\\NON\\nonnaja\\app\\pages\\before\\page.tsx"
2026-01-09T01:47:54.245232Z  INFO scan_sources: tailwindcss_oxide::scanner: Discovering "C:\\Users\\Lenovo\\Documents\\GitHub\\NON\\nonnaja\\eslint.config.mjs"
2026-01-09T01:47:54.245323Z  INFO scan_sources: tailwindcss_oxide::scanner: Discovering "C:\\Users\\Lenovo\\Documents\\GitHub\\NON\\nonnaja\\next.config.ts"
2026-01-09T01:47:54.245588Z  INFO scan_sources: tailwindcss_oxide::scanner: Discovering "C:\\Users\\Lenovo\\Documents\\GitHub\\NON\\nonnaja\\package.json"
2026-01-09T01:47:54.245681Z  INFO scan_sources: tailwindcss_oxide::scanner: Discovering "C:\\Users\\Lenovo\\Documents\\GitHub\\NON\\nonnaja\\postcss.config.mjs"
2026-01-09T01:47:54.245818Z  INFO scan_sources: tailwindcss_oxide::scanner: Discovering "C:\\Users\\Lenovo\\Documents\\GitHub\\NON\\nonnaja\\public"
2026-01-09T01:47:54.245990Z  INFO scan_sources: tailwindcss_oxide::scanner: Discovering "C:\\Users\\Lenovo\\Documents\\GitHub\\NON\\nonnaja\\public\\file.svg"
2026-01-09T01:47:54.246067Z  INFO scan_sources: tailwindcss_oxide::scanner: Discovering "C:\\Users\\Lenovo\\Documents\\GitHub\\NON\\nonnaja\\public\\globe.svg"
2026-01-09T01:47:54.246149Z  INFO scan_sources: tailwindcss_oxide::scanner: Discovering "C:\\Users\\Lenovo\\Documents\\GitHub\\NON\\nonnaja\\public\\next.svg"
2026-01-09T01:47:54.246237Z  INFO scan_sources: tailwindcss_oxide::scanner: Discovering "C:\\Users\\Lenovo\\Documents\\GitHub\\NON\\nonnaja\\public\\People-party.svg"
2026-01-09T01:47:54.246355Z  INFO scan_sources: tailwindcss_oxide::scanner: Discovering "C:\\Users\\Lenovo\\Documents\\GitHub\\NON\\nonnaja\\public\\vercel.svg"
2026-01-09T01:47:54.246439Z  INFO scan_sources: tailwindcss_oxide::scanner: Discovering "C:\\Users\\Lenovo\\Documents\\GitHub\\NON\\nonnaja\\public\\window.svg"
2026-01-09T01:47:54.246547Z  INFO scan_sources: tailwindcss_oxide::scanner: Discovering "C:\\Users\\Lenovo\\Documents\\GitHub\\NON\\nonnaja\\README.md"
2026-01-09T01:47:54.246655Z  INFO scan_sources: tailwindcss_oxide::scanner: Discovering "C:\\Users\\Lenovo\\Documents\\GitHub\\NON\\nonnaja\\tsconfig.json"
2026-01-09T01:47:54.246770Z  INFO scan_sources: tailwindcss_oxide::scanner: exit
2026-01-09T01:47:54.246781Z  INFO extract_candidates: tailwindcss_oxide::scanner: enter
2026-01-09T01:47:54.246793Z  INFO extract_candidates:read_all_files: tailwindcss_oxide::scanner: enter
2026-01-09T01:47:54.246798Z  INFO extract_candidates:read_all_files: tailwindcss_oxide::scanner: Reading 32 file(s)
2026-01-09T01:47:54.250220Z  INFO tailwindcss_oxide::scanner: Reading "C:\\Users\\Lenovo\\Documents\\GitHub\\NON\\nonnaja\\app\\api\\sheets\\delete\\route.ts"
2026-01-09T01:47:54.250218Z  INFO tailwindcss_oxide::scanner: Reading "C:\\Users\\Lenovo\\Documents\\GitHub\\NON\\nonnaja\\app\\api\\sheets\\update\\route.ts"
2026-01-09T01:47:54.250254Z  INFO tailwindcss_oxide::scanner: Reading "C:\\Users\\Lenovo\\Documents\\GitHub\\NON\\nonnaja\\eslint.config.mjs"
2026-01-09T01:47:54.250235Z  INFO tailwindcss_oxide::scanner: Reading "C:\\Users\\Lenovo\\Documents\\GitHub\\NON\\nonnaja\\app\\pages\\before\\page.tsx"
2026-01-09T01:47:54.250249Z  INFO tailwindcss_oxide::scanner: Reading "C:\\Users\\Lenovo\\Documents\\GitHub\\NON\\nonnaja\\app\\components\\SheetData3.tsx"
2026-01-09T01:47:54.250218Z  INFO tailwindcss_oxide::scanner: Reading "C:\\Users\\Lenovo\\Documents\\GitHub\\NON\\nonnaja\\app\\api\\sheets\\route.ts"
2026-01-09T01:47:54.250267Z  INFO tailwindcss_oxide::scanner: Reading "C:\\Users\\Lenovo\\Documents\\GitHub\\NON\\nonnaja\\app\\components\\SheetData.tsx"
2026-01-09T01:47:54.250295Z  INFO tailwindcss_oxide::scanner: Reading "C:\\Users\\Lenovo\\Documents\\GitHub\\NON\\nonnaja\\public\\vercel.svg"
2026-01-09T01:47:54.250288Z  INFO tailwindcss_oxide::scanner: Reading "C:\\Users\\Lenovo\\Documents\\GitHub\\NON\\nonnaja\\app\\api\\sheets2\\delete\\route.ts"
2026-01-09T01:47:54.250309Z  INFO tailwindcss_oxide::scanner: Reading "C:\\Users\\Lenovo\\Documents\\GitHub\\NON\\nonnaja\\public\\file.svg"
2026-01-09T01:47:54.250265Z  INFO tailwindcss_oxide::scanner: Reading "C:\\Users\\Lenovo\\Documents\\GitHub\\NON\\nonnaja\\app\\components\\FilterBar.tsx"
2026-01-09T01:47:54.250220Z  INFO tailwindcss_oxide::scanner: Reading "C:\\Users\\Lenovo\\Documents\\GitHub\\NON\\nonnaja\\app\\api\\sheets3\\route.ts"
2026-01-09T01:47:54.250391Z  INFO tailwindcss_oxide::scanner: Reading "C:\\Users\\Lenovo\\Documents\\GitHub\\NON\\nonnaja\\next.config.ts"
2026-01-09T01:47:54.250218Z  INFO tailwindcss_oxide::scanner: Reading "C:\\Users\\Lenovo\\Documents\\GitHub\\NON\\nonnaja\\app\\page.tsx"
2026-01-09T01:47:54.250218Z  INFO tailwindcss_oxide::scanner: Reading "C:\\Users\\Lenovo\\Documents\\GitHub\\NON\\nonnaja\\app\\api\\drive-image\\route.ts"
2026-01-09T01:47:54.250441Z  INFO tailwindcss_oxide::scanner: Reading "C:\\Users\\Lenovo\\Documents\\GitHub\\NON\\nonnaja\\app\\components\\Navbar.tsx"
2026-01-09T01:47:54.250453Z  INFO tailwindcss_oxide::scanner: Reading "C:\\Users\\Lenovo\\Documents\\GitHub\\NON\\nonnaja\\app\\components\\SheetData2.tsx"
2026-01-09T01:47:54.250459Z  INFO tailwindcss_oxide::scanner: Reading "C:\\Users\\Lenovo\\Documents\\GitHub\\NON\\nonnaja\\app\\layout.tsx"
2026-01-09T01:47:54.250469Z  INFO tailwindcss_oxide::scanner: Reading "C:\\Users\\Lenovo\\Documents\\GitHub\\NON\\nonnaja\\app\\api\\sheets2\\update\\route.ts"
2026-01-09T01:47:54.250474Z  INFO tailwindcss_oxide::scanner: Reading "C:\\Users\\Lenovo\\Documents\\GitHub\\NON\\nonnaja\\postcss.config.mjs"
2026-01-09T01:47:54.250548Z  INFO tailwindcss_oxide::scanner: Reading "C:\\Users\\Lenovo\\Documents\\GitHub\\NON\\nonnaja\\tsconfig.json"
2026-01-09T01:47:54.250267Z  INFO tailwindcss_oxide::scanner: Reading "C:\\Users\\Lenovo\\Documents\\GitHub\\NON\\nonnaja\\app\\pages\\alert\\page.tsx"
2026-01-09T01:47:54.250489Z  INFO tailwindcss_oxide::scanner: Reading "C:\\Users\\Lenovo\\Documents\\GitHub\\NON\\nonnaja\\app\\pages\\after\\page.tsx"
2026-01-09T01:47:54.250497Z  INFO tailwindcss_oxide::scanner: Reading "C:\\Users\\Lenovo\\Documents\\GitHub\\NON\\nonnaja\\public\\window.svg"
2026-01-09T01:47:54.250470Z  INFO tailwindcss_oxide::scanner: Reading "C:\\Users\\Lenovo\\Documents\\GitHub\\NON\\nonnaja\\app\\api\\sheets2\\route.ts"
2026-01-09T01:47:54.250509Z  INFO tailwindcss_oxide::scanner: Reading "C:\\Users\\Lenovo\\Documents\\GitHub\\NON\\nonnaja\\app\\api\\sheets3\\update\\route.ts"
2026-01-09T01:47:54.250545Z  INFO tailwindcss_oxide::scanner: Reading "C:\\Users\\Lenovo\\Documents\\GitHub\\NON\\nonnaja\\app\\api\\sheets3\\delete\\route.ts"
2026-01-09T01:47:54.250465Z  INFO tailwindcss_oxide::scanner: Reading "C:\\Users\\Lenovo\\Documents\\GitHub\\NON\\nonnaja\\package.json"
2026-01-09T01:47:54.251463Z  INFO tailwindcss_oxide::scanner: Reading "C:\\Users\\Lenovo\\Documents\\GitHub\\NON\\nonnaja\\public\\People-party.svg"
2026-01-09T01:47:54.251542Z  INFO tailwindcss_oxide::scanner: Reading "C:\\Users\\Lenovo\\Documents\\GitHub\\NON\\nonnaja\\public\\globe.svg"
2026-01-09T01:47:54.251614Z  INFO tailwindcss_oxide::scanner: Reading "C:\\Users\\Lenovo\\Documents\\GitHub\\NON\\nonnaja\\README.md"
2026-01-09T01:47:54.251707Z  INFO tailwindcss_oxide::scanner: Reading "C:\\Users\\Lenovo\\Documents\\GitHub\\NON\\nonnaja\\public\\next.svg"
2026-01-09T01:47:54.251759Z  INFO extract_candidates:read_all_files: tailwindcss_oxide::scanner: exit
2026-01-09T01:47:54.251774Z  INFO extract_candidates:parse_all_blobs: tailwindcss_oxide::scanner: enter
2026-01-09T01:47:54.251780Z  INFO extract_candidates:parse_all_blobs:extract: tailwindcss_oxide::scanner: enter
2026-01-09T01:47:54.252928Z  INFO extract_candidates:parse_all_blobs:extract: tailwindcss_oxide::scanner: exit
2026-01-09T01:47:54.253019Z  INFO extract_candidates:parse_all_blobs: tailwindcss_oxide::scanner: exit
2026-01-09T01:47:54.253026Z  INFO extract_candidates:read_all_files: tailwindcss_oxide::scanner: enter
2026-01-09T01:47:54.253030Z  INFO extract_candidates:read_all_files: tailwindcss_oxide::scanner: Reading 1 file(s)
2026-01-09T01:47:54.253163Z  INFO extract_candidates:read_all_files: tailwindcss_oxide::scanner: Reading "C:\\Users\\Lenovo\\Documents\\GitHub\\NON\\nonnaja\\app\\globals.css"
2026-01-09T01:47:54.253174Z  INFO extract_candidates:read_all_files: tailwindcss_oxide::scanner: exit
2026-01-09T01:47:54.253182Z  INFO extract_candidates:extract_css_variables: tailwindcss_oxide::scanner: enter
2026-01-09T01:47:54.253187Z  INFO extract_candidates:extract_css_variables:extract: tailwindcss_oxide::scanner: enter
2026-01-09T01:47:54.253223Z  INFO extract_candidates:extract_css_variables:extract: tailwindcss_oxide::scanner: exit
2026-01-09T01:47:54.253237Z  INFO extract_candidates:extract_css_variables: tailwindcss_oxide::scanner: exit
2026-01-09T01:47:54.253943Z  INFO extract_candidates: tailwindcss_oxide::scanner: exit
2026-01-09T01:47:54.255164Z  INFO get_files: tailwindcss_oxide::scanner: enter
2026-01-09T01:47:54.255191Z  INFO get_files:scan_sources: tailwindcss_oxide::scanner: enter
2026-01-09T01:47:54.257918Z  INFO get_files:scan_sources: tailwindcss_oxide::scanner: Discovering "C:\\Users\\Lenovo\\Documents\\GitHub\\NON\\nonnaja\\app"
2026-01-09T01:47:54.258241Z  INFO get_files:scan_sources: tailwindcss_oxide::scanner: Discovering "C:\\Users\\Lenovo\\Documents\\GitHub\\NON\\nonnaja\\app\\api"
2026-01-09T01:47:54.258514Z  INFO get_files:scan_sources: tailwindcss_oxide::scanner: Discovering "C:\\Users\\Lenovo\\Documents\\GitHub\\NON\\nonnaja\\app\\api\\drive-image"
2026-01-09T01:47:54.258809Z  INFO get_files:scan_sources: tailwindcss_oxide::scanner: Discovering "C:\\Users\\Lenovo\\Documents\\GitHub\\NON\\nonnaja\\app\\api\\sheets"
2026-01-09T01:47:54.259040Z  INFO get_files:scan_sources: tailwindcss_oxide::scanner: Discovering "C:\\Users\\Lenovo\\Documents\\GitHub\\NON\\nonnaja\\app\\api\\sheets\\delete"
2026-01-09T01:47:54.259371Z  INFO get_files:scan_sources: tailwindcss_oxide::scanner: Discovering "C:\\Users\\Lenovo\\Documents\\GitHub\\NON\\nonnaja\\app\\api\\sheets\\update"
2026-01-09T01:47:54.259678Z  INFO get_files:scan_sources: tailwindcss_oxide::scanner: Discovering "C:\\Users\\Lenovo\\Documents\\GitHub\\NON\\nonnaja\\app\\api\\sheets2"
2026-01-09T01:47:54.259940Z  INFO get_files:scan_sources: tailwindcss_oxide::scanner: Discovering "C:\\Users\\Lenovo\\Documents\\GitHub\\NON\\nonnaja\\app\\api\\sheets2\\delete"
2026-01-09T01:47:54.260269Z  INFO get_files:scan_sources: tailwindcss_oxide::scanner: Discovering "C:\\Users\\Lenovo\\Documents\\GitHub\\NON\\nonnaja\\app\\api\\sheets2\\update"
2026-01-09T01:47:54.260568Z  INFO get_files:scan_sources: tailwindcss_oxide::scanner: Discovering "C:\\Users\\Lenovo\\Documents\\GitHub\\NON\\nonnaja\\app\\api\\sheets3"
2026-01-09T01:47:54.260809Z  INFO get_files:scan_sources: tailwindcss_oxide::scanner: Discovering "C:\\Users\\Lenovo\\Documents\\GitHub\\NON\\nonnaja\\app\\api\\sheets3\\delete"
2026-01-09T01:47:54.261139Z  INFO get_files:scan_sources: tailwindcss_oxide::scanner: Discovering "C:\\Users\\Lenovo\\Documents\\GitHub\\NON\\nonnaja\\app\\api\\sheets3\\update"
2026-01-09T01:47:54.261480Z  INFO get_files:scan_sources: tailwindcss_oxide::scanner: Discovering "C:\\Users\\Lenovo\\Documents\\GitHub\\NON\\nonnaja\\app\\components"
2026-01-09T01:47:54.262087Z  INFO get_files:scan_sources: tailwindcss_oxide::scanner: Discovering "C:\\Users\\Lenovo\\Documents\\GitHub\\NON\\nonnaja\\app\\pages"
2026-01-09T01:47:54.262330Z  INFO get_files:scan_sources: tailwindcss_oxide::scanner: Discovering "C:\\Users\\Lenovo\\Documents\\GitHub\\NON\\nonnaja\\app\\pages\\after"
2026-01-09T01:47:54.262616Z  INFO get_files:scan_sources: tailwindcss_oxide::scanner: Discovering "C:\\Users\\Lenovo\\Documents\\GitHub\\NON\\nonnaja\\app\\pages\\alert"
2026-01-09T01:47:54.262918Z  INFO get_files:scan_sources: tailwindcss_oxide::scanner: Discovering "C:\\Users\\Lenovo\\Documents\\GitHub\\NON\\nonnaja\\app\\pages\\before"
2026-01-09T01:47:54.263721Z  INFO get_files:scan_sources: tailwindcss_oxide::scanner: Discovering "C:\\Users\\Lenovo\\Documents\\GitHub\\NON\\nonnaja\\public"
2026-01-09T01:47:54.264303Z  INFO get_files:scan_sources: tailwindcss_oxide::scanner: exit
2026-01-09T01:47:54.264416Z  INFO get_files: tailwindcss_oxide::scanner: exit
2026-01-09T01:47:54.264825Z  INFO get_globs: tailwindcss_oxide::scanner: enter
2026-01-09T01:47:54.264838Z  INFO get_globs:scan_sources: tailwindcss_oxide::scanner: enter
2026-01-09T01:47:54.266676Z  INFO get_globs:scan_sources: tailwindcss_oxide::scanner: Discovering "C:\\Users\\Lenovo\\Documents\\GitHub\\NON\\nonnaja\\app"
2026-01-09T01:47:54.266936Z  INFO get_globs:scan_sources: tailwindcss_oxide::scanner: Discovering "C:\\Users\\Lenovo\\Documents\\GitHub\\NON\\nonnaja\\app\\api"
2026-01-09T01:47:54.267172Z  INFO get_globs:scan_sources: tailwindcss_oxide::scanner: Discovering "C:\\Users\\Lenovo\\Documents\\GitHub\\NON\\nonnaja\\app\\api\\drive-image"
2026-01-09T01:47:54.267491Z  INFO get_globs:scan_sources: tailwindcss_oxide::scanner: Discovering "C:\\Users\\Lenovo\\Documents\\GitHub\\NON\\nonnaja\\app\\api\\sheets"
2026-01-09T01:47:54.267720Z  INFO get_globs:scan_sources: tailwindcss_oxide::scanner: Discovering "C:\\Users\\Lenovo\\Documents\\GitHub\\NON\\nonnaja\\app\\api\\sheets\\delete"
2026-01-09T01:47:54.268075Z  INFO get_globs:scan_sources: tailwindcss_oxide::scanner: Discovering "C:\\Users\\Lenovo\\Documents\\GitHub\\NON\\nonnaja\\app\\api\\sheets\\update"
2026-01-09T01:47:54.268395Z  INFO get_globs:scan_sources: tailwindcss_oxide::scanner: Discovering "C:\\Users\\Lenovo\\Documents\\GitHub\\NON\\nonnaja\\app\\api\\sheets2"
2026-01-09T01:47:54.268608Z  INFO get_globs:scan_sources: tailwindcss_oxide::scanner: Discovering "C:\\Users\\Lenovo\\Documents\\GitHub\\NON\\nonnaja\\app\\api\\sheets2\\delete"
2026-01-09T01:47:54.269021Z  INFO get_globs:scan_sources: tailwindcss_oxide::scanner: Discovering "C:\\Users\\Lenovo\\Documents\\GitHub\\NON\\nonnaja\\app\\api\\sheets2\\update"
2026-01-09T01:47:54.269481Z  INFO get_globs:scan_sources: tailwindcss_oxide::scanner: Discovering "C:\\Users\\Lenovo\\Documents\\GitHub\\NON\\nonnaja\\app\\api\\sheets3"
2026-01-09T01:47:54.269750Z  INFO get_globs:scan_sources: tailwindcss_oxide::scanner: Discovering "C:\\Users\\Lenovo\\Documents\\GitHub\\NON\\nonnaja\\app\\api\\sheets3\\delete"
2026-01-09T01:47:54.270128Z  INFO get_globs:scan_sources: tailwindcss_oxide::scanner: Discovering "C:\\Users\\Lenovo\\Documents\\GitHub\\NON\\nonnaja\\app\\api\\sheets3\\update"
2026-01-09T01:47:54.270506Z  INFO get_globs:scan_sources: tailwindcss_oxide::scanner: Discovering "C:\\Users\\Lenovo\\Documents\\GitHub\\NON\\nonnaja\\app\\components"
2026-01-09T01:47:54.271143Z  INFO get_globs:scan_sources: tailwindcss_oxide::scanner: Discovering "C:\\Users\\Lenovo\\Documents\\GitHub\\NON\\nonnaja\\app\\pages"
2026-01-09T01:47:54.271371Z  INFO get_globs:scan_sources: tailwindcss_oxide::scanner: Discovering "C:\\Users\\Lenovo\\Documents\\GitHub\\NON\\nonnaja\\app\\pages\\after"
2026-01-09T01:47:54.271663Z  INFO get_globs:scan_sources: tailwindcss_oxide::scanner: Discovering "C:\\Users\\Lenovo\\Documents\\GitHub\\NON\\nonnaja\\app\\pages\\alert"
2026-01-09T01:47:54.271959Z  INFO get_globs:scan_sources: tailwindcss_oxide::scanner: Discovering "C:\\Users\\Lenovo\\Documents\\GitHub\\NON\\nonnaja\\app\\pages\\before"
2026-01-09T01:47:54.272673Z  INFO get_globs:scan_sources: tailwindcss_oxide::scanner: Discovering "C:\\Users\\Lenovo\\Documents\\GitHub\\NON\\nonnaja\\public"
2026-01-09T01:47:54.273369Z  INFO get_globs:scan_sources: tailwindcss_oxide::scanner: exit
2026-01-09T01:47:54.281518Z  INFO get_globs: tailwindcss_oxide::scanner: exit
