2026-01-08T09:25:31.577833Z  INFO tailwindcss_oxide::scanner: Provided sources:
2026-01-08T09:25:31.578133Z  INFO tailwindcss_oxide::scanner: Source: PublicSourceEntry { base: "C:\\Users\\Lenovo\\Documents\\GitHub\\NON\\nonnaja", pattern: "**/*", negated: false }
2026-01-08T09:25:31.578494Z  INFO tailwindcss_oxide::scanner: Optimized sources:
2026-01-08T09:25:31.578525Z  INFO tailwindcss_oxide::scanner: Source: Auto { base: "C:\\Users\\Lenovo\\Documents\\GitHub\\NON\\nonnaja" }
2026-01-08T09:25:31.581124Z  INFO scan_sources: tailwindcss_oxide::scanner: enter
2026-01-08T09:25:31.584424Z  INFO scan_sources: tailwindcss_oxide::scanner: Discovering "C:\\Users\\Lenovo\\Documents\\GitHub\\NON\\nonnaja\\app"
2026-01-08T09:25:31.585523Z  INFO scan_sources: tailwindcss_oxide::scanner: Discovering "C:\\Users\\Lenovo\\Documents\\GitHub\\NON\\nonnaja\\app\\api"
2026-01-08T09:25:31.585942Z  INFO scan_sources: tailwindcss_oxide::scanner: Discovering "C:\\Users\\Lenovo\\Documents\\GitHub\\NON\\nonnaja\\app\\api\\drive-image"
2026-01-08T09:25:31.586258Z  INFO scan_sources: tailwindcss_oxide::scanner: Discovering "C:\\Users\\Lenovo\\Documents\\GitHub\\NON\\nonnaja\\app\\api\\drive-image\\route.ts"
2026-01-08T09:25:31.586549Z  INFO scan_sources: tailwindcss_oxide::scanner: Discovering "C:\\Users\\Lenovo\\Documents\\GitHub\\NON\\nonnaja\\app\\api\\sheets"
2026-01-08T09:25:31.586885Z  INFO scan_sources: tailwindcss_oxide::scanner: Discovering "C:\\Users\\Lenovo\\Documents\\GitHub\\NON\\nonnaja\\app\\api\\sheets\\delete"
2026-01-08T09:25:31.587364Z  INFO scan_sources: tailwindcss_oxide::scanner: Discovering "C:\\Users\\Lenovo\\Documents\\GitHub\\NON\\nonnaja\\app\\api\\sheets\\delete\\route.ts"
2026-01-08T09:25:31.587497Z  INFO scan_sources: tailwindcss_oxide::scanner: Discovering "C:\\Users\\Lenovo\\Documents\\GitHub\\NON\\nonnaja\\app\\api\\sheets\\route.ts"
2026-01-08T09:25:31.587670Z  INFO scan_sources: tailwindcss_oxide::scanner: Discovering "C:\\Users\\Lenovo\\Documents\\GitHub\\NON\\nonnaja\\app\\api\\sheets\\update"
2026-01-08T09:25:31.587910Z  INFO scan_sources: tailwindcss_oxide::scanner: Discovering "C:\\Users\\Lenovo\\Documents\\GitHub\\NON\\nonnaja\\app\\api\\sheets\\update\\route.ts"
2026-01-08T09:25:31.588175Z  INFO scan_sources: tailwindcss_oxide::scanner: Discovering "C:\\Users\\Lenovo\\Documents\\GitHub\\NON\\nonnaja\\app\\components"
2026-01-08T09:25:31.588409Z  INFO scan_sources: tailwindcss_oxide::scanner: Discovering "C:\\Users\\Lenovo\\Documents\\GitHub\\NON\\nonnaja\\app\\components\\Navbar.tsx"
2026-01-08T09:25:31.588522Z  INFO scan_sources: tailwindcss_oxide::scanner: Discovering "C:\\Users\\Lenovo\\Documents\\GitHub\\NON\\nonnaja\\app\\components\\SheetData.tsx"
2026-01-08T09:25:31.588705Z  INFO scan_sources: tailwindcss_oxide::scanner: Discovering "C:\\Users\\Lenovo\\Documents\\GitHub\\NON\\nonnaja\\app\\globals.css"
2026-01-08T09:25:31.589041Z  INFO scan_sources: tailwindcss_oxide::scanner: Discovering "C:\\Users\\Lenovo\\Documents\\GitHub\\NON\\nonnaja\\app\\layout.tsx"
2026-01-08T09:25:31.589196Z  INFO scan_sources: tailwindcss_oxide::scanner: Discovering "C:\\Users\\Lenovo\\Documents\\GitHub\\NON\\nonnaja\\app\\page.tsx"
2026-01-08T09:25:31.589371Z  INFO scan_sources: tailwindcss_oxide::scanner: Discovering "C:\\Users\\Lenovo\\Documents\\GitHub\\NON\\nonnaja\\app\\pages"
2026-01-08T09:25:31.589627Z  INFO scan_sources: tailwindcss_oxide::scanner: Discovering "C:\\Users\\Lenovo\\Documents\\GitHub\\NON\\nonnaja\\app\\pages\\after"
2026-01-08T09:25:31.589825Z  INFO scan_sources: tailwindcss_oxide::scanner: Discovering "C:\\Users\\Lenovo\\Documents\\GitHub\\NON\\nonnaja\\app\\pages\\after\\page.tsx"
2026-01-08T09:25:31.590012Z  INFO scan_sources: tailwindcss_oxide::scanner: Discovering "C:\\Users\\Lenovo\\Documents\\GitHub\\NON\\nonnaja\\app\\pages\\alert"
2026-01-08T09:25:31.590217Z  INFO scan_sources: tailwindcss_oxide::scanner: Discovering "C:\\Users\\Lenovo\\Documents\\GitHub\\NON\\nonnaja\\app\\pages\\alert\\page.tsx"
2026-01-08T09:25:31.590405Z  INFO scan_sources: tailwindcss_oxide::scanner: Discovering "C:\\Users\\Lenovo\\Documents\\GitHub\\NON\\nonnaja\\app\\pages\\before"
2026-01-08T09:25:31.590668Z  INFO scan_sources: tailwindcss_oxide::scanner: Discovering "C:\\Users\\Lenovo\\Documents\\GitHub\\NON\\nonnaja\\app\\pages\\before\\page.tsx"
2026-01-08T09:25:31.590887Z  INFO scan_sources: tailwindcss_oxide::scanner: Discovering "C:\\Users\\Lenovo\\Documents\\GitHub\\NON\\nonnaja\\APPS_SCRIPT_CODE.md"
2026-01-08T09:25:31.590981Z  INFO scan_sources: tailwindcss_oxide::scanner: Discovering "C:\\Users\\Lenovo\\Documents\\GitHub\\NON\\nonnaja\\eslint.config.mjs"
2026-01-08T09:25:31.591092Z  INFO scan_sources: tailwindcss_oxide::scanner: Discovering "C:\\Users\\Lenovo\\Documents\\GitHub\\NON\\nonnaja\\next.config.ts"
2026-01-08T09:25:31.591424Z  INFO scan_sources: tailwindcss_oxide::scanner: Discovering "C:\\Users\\Lenovo\\Documents\\GitHub\\NON\\nonnaja\\package.json"
2026-01-08T09:25:31.591518Z  INFO scan_sources: tailwindcss_oxide::scanner: Discovering "C:\\Users\\Lenovo\\Documents\\GitHub\\NON\\nonnaja\\postcss.config.mjs"
2026-01-08T09:25:31.591671Z  INFO scan_sources: tailwindcss_oxide::scanner: Discovering "C:\\Users\\Lenovo\\Documents\\GitHub\\NON\\nonnaja\\public"
2026-01-08T09:25:31.591879Z  INFO scan_sources: tailwindcss_oxide::scanner: Discovering "C:\\Users\\Lenovo\\Documents\\GitHub\\NON\\nonnaja\\public\\file.svg"
2026-01-08T09:25:31.591976Z  INFO scan_sources: tailwindcss_oxide::scanner: Discovering "C:\\Users\\Lenovo\\Documents\\GitHub\\NON\\nonnaja\\public\\globe.svg"
2026-01-08T09:25:31.592069Z  INFO scan_sources: tailwindcss_oxide::scanner: Discovering "C:\\Users\\Lenovo\\Documents\\GitHub\\NON\\nonnaja\\public\\next.svg"
2026-01-08T09:25:31.592171Z  INFO scan_sources: tailwindcss_oxide::scanner: Discovering "C:\\Users\\Lenovo\\Documents\\GitHub\\NON\\nonnaja\\public\\People-party.svg"
2026-01-08T09:25:31.592266Z  INFO scan_sources: tailwindcss_oxide::scanner: Discovering "C:\\Users\\Lenovo\\Documents\\GitHub\\NON\\nonnaja\\public\\vercel.svg"
2026-01-08T09:25:31.592360Z  INFO scan_sources: tailwindcss_oxide::scanner: Discovering "C:\\Users\\Lenovo\\Documents\\GitHub\\NON\\nonnaja\\public\\window.svg"
2026-01-08T09:25:31.592486Z  INFO scan_sources: tailwindcss_oxide::scanner: Discovering "C:\\Users\\Lenovo\\Documents\\GitHub\\NON\\nonnaja\\README.md"
2026-01-08T09:25:31.592576Z  INFO scan_sources: tailwindcss_oxide::scanner: Discovering "C:\\Users\\Lenovo\\Documents\\GitHub\\NON\\nonnaja\\SETUP_COMPLETE.md"
2026-01-08T09:25:31.592697Z  INFO scan_sources: tailwindcss_oxide::scanner: Discovering "C:\\Users\\Lenovo\\Documents\\GitHub\\NON\\nonnaja\\tsconfig.json"
2026-01-08T09:25:31.592883Z  INFO scan_sources: tailwindcss_oxide::scanner: exit
2026-01-08T09:25:31.592896Z  INFO extract_candidates: tailwindcss_oxide::scanner: enter
2026-01-08T09:25:31.592903Z  INFO extract_candidates:read_all_files: tailwindcss_oxide::scanner: enter
2026-01-08T09:25:31.592909Z  INFO extract_candidates:read_all_files: tailwindcss_oxide::scanner: Reading 25 file(s)
2026-01-08T09:25:31.593791Z  INFO tailwindcss_oxide::scanner: Reading "C:\\Users\\Lenovo\\Documents\\GitHub\\NON\\nonnaja\\app\\layout.tsx"
2026-01-08T09:25:31.593790Z  INFO tailwindcss_oxide::scanner: Reading "C:\\Users\\Lenovo\\Documents\\GitHub\\NON\\nonnaja\\public\\file.svg"
2026-01-08T09:25:31.593795Z  INFO tailwindcss_oxide::scanner: Reading "C:\\Users\\Lenovo\\Documents\\GitHub\\NON\\nonnaja\\public\\next.svg"
2026-01-08T09:25:31.593833Z  INFO tailwindcss_oxide::scanner: Reading "C:\\Users\\Lenovo\\Documents\\GitHub\\NON\\nonnaja\\eslint.config.mjs"
2026-01-08T09:25:31.593791Z  INFO tailwindcss_oxide::scanner: Reading "C:\\Users\\Lenovo\\Documents\\GitHub\\NON\\nonnaja\\public\\window.svg"
2026-01-08T09:25:31.593790Z  INFO tailwindcss_oxide::scanner: Reading "C:\\Users\\Lenovo\\Documents\\GitHub\\NON\\nonnaja\\postcss.config.mjs"
2026-01-08T09:25:31.593869Z  INFO tailwindcss_oxide::scanner: Reading "C:\\Users\\Lenovo\\Documents\\GitHub\\NON\\nonnaja\\app\\api\\sheets\\delete\\route.ts"
2026-01-08T09:25:31.593802Z  INFO tailwindcss_oxide::scanner: Reading "C:\\Users\\Lenovo\\Documents\\GitHub\\NON\\nonnaja\\app\\api\\sheets\\update\\route.ts"
2026-01-08T09:25:31.594026Z  INFO tailwindcss_oxide::scanner: Reading "C:\\Users\\Lenovo\\Documents\\GitHub\\NON\\nonnaja\\README.md"
2026-01-08T09:25:31.593950Z  INFO tailwindcss_oxide::scanner: Reading "C:\\Users\\Lenovo\\Documents\\GitHub\\NON\\nonnaja\\public\\globe.svg"
2026-01-08T09:25:31.594048Z  INFO tailwindcss_oxide::scanner: Reading "C:\\Users\\Lenovo\\Documents\\GitHub\\NON\\nonnaja\\app\\api\\sheets\\route.ts"
2026-01-08T09:25:31.593965Z  INFO tailwindcss_oxide::scanner: Reading "C:\\Users\\Lenovo\\Documents\\GitHub\\NON\\nonnaja\\app\\pages\\alert\\page.tsx"
2026-01-08T09:25:31.593803Z  INFO tailwindcss_oxide::scanner: Reading "C:\\Users\\Lenovo\\Documents\\GitHub\\NON\\nonnaja\\app\\api\\drive-image\\route.ts"
2026-01-08T09:25:31.594107Z  INFO tailwindcss_oxide::scanner: Reading "C:\\Users\\Lenovo\\Documents\\GitHub\\NON\\nonnaja\\APPS_SCRIPT_CODE.md"
2026-01-08T09:25:31.593989Z  INFO tailwindcss_oxide::scanner: Reading "C:\\Users\\Lenovo\\Documents\\GitHub\\NON\\nonnaja\\next.config.ts"
2026-01-08T09:25:31.594134Z  INFO tailwindcss_oxide::scanner: Reading "C:\\Users\\Lenovo\\Documents\\GitHub\\NON\\nonnaja\\app\\page.tsx"
2026-01-08T09:25:31.594078Z  INFO tailwindcss_oxide::scanner: Reading "C:\\Users\\Lenovo\\Documents\\GitHub\\NON\\nonnaja\\app\\pages\\after\\page.tsx"
2026-01-08T09:25:31.594137Z  INFO tailwindcss_oxide::scanner: Reading "C:\\Users\\Lenovo\\Documents\\GitHub\\NON\\nonnaja\\public\\People-party.svg"
2026-01-08T09:25:31.594002Z  INFO tailwindcss_oxide::scanner: Reading "C:\\Users\\Lenovo\\Documents\\GitHub\\NON\\nonnaja\\app\\pages\\before\\page.tsx"
2026-01-08T09:25:31.594160Z  INFO tailwindcss_oxide::scanner: Reading "C:\\Users\\Lenovo\\Documents\\GitHub\\NON\\nonnaja\\public\\vercel.svg"
2026-01-08T09:25:31.594163Z  INFO tailwindcss_oxide::scanner: Reading "C:\\Users\\Lenovo\\Documents\\GitHub\\NON\\nonnaja\\app\\components\\Navbar.tsx"
2026-01-08T09:25:31.594229Z  INFO tailwindcss_oxide::scanner: Reading "C:\\Users\\Lenovo\\Documents\\GitHub\\NON\\nonnaja\\package.json"
2026-01-08T09:25:31.594240Z  INFO tailwindcss_oxide::scanner: Reading "C:\\Users\\Lenovo\\Documents\\GitHub\\NON\\nonnaja\\tsconfig.json"
2026-01-08T09:25:31.594259Z  INFO tailwindcss_oxide::scanner: Reading "C:\\Users\\Lenovo\\Documents\\GitHub\\NON\\nonnaja\\SETUP_COMPLETE.md"
2026-01-08T09:25:31.594383Z  INFO tailwindcss_oxide::scanner: Reading "C:\\Users\\Lenovo\\Documents\\GitHub\\NON\\nonnaja\\app\\components\\SheetData.tsx"
2026-01-08T09:25:31.594480Z  INFO extract_candidates:read_all_files: tailwindcss_oxide::scanner: exit
2026-01-08T09:25:31.594495Z  INFO extract_candidates:parse_all_blobs: tailwindcss_oxide::scanner: enter
2026-01-08T09:25:31.594502Z  INFO extract_candidates:parse_all_blobs:extract: tailwindcss_oxide::scanner: enter
2026-01-08T09:25:31.595477Z  INFO extract_candidates:parse_all_blobs:extract: tailwindcss_oxide::scanner: exit
2026-01-08T09:25:31.595492Z  INFO extract_candidates:parse_all_blobs: tailwindcss_oxide::scanner: exit
2026-01-08T09:25:31.595498Z  INFO extract_candidates:read_all_files: tailwindcss_oxide::scanner: enter
2026-01-08T09:25:31.595502Z  INFO extract_candidates:read_all_files: tailwindcss_oxide::scanner: Reading 1 file(s)
2026-01-08T09:25:31.595605Z  INFO extract_candidates:read_all_files: tailwindcss_oxide::scanner: Reading "C:\\Users\\Lenovo\\Documents\\GitHub\\NON\\nonnaja\\app\\globals.css"
2026-01-08T09:25:31.595617Z  INFO extract_candidates:read_all_files: tailwindcss_oxide::scanner: exit
2026-01-08T09:25:31.595625Z  INFO extract_candidates:extract_css_variables: tailwindcss_oxide::scanner: enter
2026-01-08T09:25:31.595629Z  INFO extract_candidates:extract_css_variables:extract: tailwindcss_oxide::scanner: enter
2026-01-08T09:25:31.595664Z  INFO extract_candidates:extract_css_variables:extract: tailwindcss_oxide::scanner: exit
2026-01-08T09:25:31.595677Z  INFO extract_candidates:extract_css_variables: tailwindcss_oxide::scanner: exit
2026-01-08T09:25:31.596059Z  INFO extract_candidates: tailwindcss_oxide::scanner: exit
2026-01-08T09:25:31.596709Z  INFO get_files: tailwindcss_oxide::scanner: enter
2026-01-08T09:25:31.596724Z  INFO get_files:scan_sources: tailwindcss_oxide::scanner: enter
2026-01-08T09:25:31.600040Z  INFO get_files:scan_sources: tailwindcss_oxide::scanner: Discovering "C:\\Users\\Lenovo\\Documents\\GitHub\\NON\\nonnaja\\app"
2026-01-08T09:25:31.600638Z  INFO get_files:scan_sources: tailwindcss_oxide::scanner: Discovering "C:\\Users\\Lenovo\\Documents\\GitHub\\NON\\nonnaja\\app\\api"
2026-01-08T09:25:31.601172Z  INFO get_files:scan_sources: tailwindcss_oxide::scanner: Discovering "C:\\Users\\Lenovo\\Documents\\GitHub\\NON\\nonnaja\\app\\api\\drive-image"
2026-01-08T09:25:31.601795Z  INFO get_files:scan_sources: tailwindcss_oxide::scanner: Discovering "C:\\Users\\Lenovo\\Documents\\GitHub\\NON\\nonnaja\\app\\api\\sheets"
2026-01-08T09:25:31.602217Z  INFO get_files:scan_sources: tailwindcss_oxide::scanner: Discovering "C:\\Users\\Lenovo\\Documents\\GitHub\\NON\\nonnaja\\app\\api\\sheets\\delete"
2026-01-08T09:25:31.602821Z  INFO get_files:scan_sources: tailwindcss_oxide::scanner: Discovering "C:\\Users\\Lenovo\\Documents\\GitHub\\NON\\nonnaja\\app\\api\\sheets\\update"
2026-01-08T09:25:31.604016Z  INFO get_files:scan_sources: tailwindcss_oxide::scanner: Discovering "C:\\Users\\Lenovo\\Documents\\GitHub\\NON\\nonnaja\\app\\components"
2026-01-08T09:25:31.604945Z  INFO get_files:scan_sources: tailwindcss_oxide::scanner: Discovering "C:\\Users\\Lenovo\\Documents\\GitHub\\NON\\nonnaja\\app\\pages"
2026-01-08T09:25:31.605409Z  INFO get_files:scan_sources: tailwindcss_oxide::scanner: Discovering "C:\\Users\\Lenovo\\Documents\\GitHub\\NON\\nonnaja\\app\\pages\\after"
2026-01-08T09:25:31.605999Z  INFO get_files:scan_sources: tailwindcss_oxide::scanner: Discovering "C:\\Users\\Lenovo\\Documents\\GitHub\\NON\\nonnaja\\app\\pages\\alert"
2026-01-08T09:25:31.606589Z  INFO get_files:scan_sources: tailwindcss_oxide::scanner: Discovering "C:\\Users\\Lenovo\\Documents\\GitHub\\NON\\nonnaja\\app\\pages\\before"
2026-01-08T09:25:31.608166Z  INFO get_files:scan_sources: tailwindcss_oxide::scanner: Discovering "C:\\Users\\Lenovo\\Documents\\GitHub\\NON\\nonnaja\\public"
2026-01-08T09:25:31.609364Z  INFO get_files:scan_sources: tailwindcss_oxide::scanner: exit
2026-01-08T09:25:31.609520Z  INFO get_files: tailwindcss_oxide::scanner: exit
2026-01-08T09:25:31.610052Z  INFO get_globs: tailwindcss_oxide::scanner: enter
2026-01-08T09:25:31.610068Z  INFO get_globs:scan_sources: tailwindcss_oxide::scanner: enter
2026-01-08T09:25:31.613741Z  INFO get_globs:scan_sources: tailwindcss_oxide::scanner: Discovering "C:\\Users\\Lenovo\\Documents\\GitHub\\NON\\nonnaja\\app"
2026-01-08T09:25:31.614121Z  INFO get_globs:scan_sources: tailwindcss_oxide::scanner: Discovering "C:\\Users\\Lenovo\\Documents\\GitHub\\NON\\nonnaja\\app\\api"
2026-01-08T09:25:31.614456Z  INFO get_globs:scan_sources: tailwindcss_oxide::scanner: Discovering "C:\\Users\\Lenovo\\Documents\\GitHub\\NON\\nonnaja\\app\\api\\drive-image"
2026-01-08T09:25:31.614907Z  INFO get_globs:scan_sources: tailwindcss_oxide::scanner: Discovering "C:\\Users\\Lenovo\\Documents\\GitHub\\NON\\nonnaja\\app\\api\\sheets"
2026-01-08T09:25:31.615280Z  INFO get_globs:scan_sources: tailwindcss_oxide::scanner: Discovering "C:\\Users\\Lenovo\\Documents\\GitHub\\NON\\nonnaja\\app\\api\\sheets\\delete"
2026-01-08T09:25:31.615826Z  INFO get_globs:scan_sources: tailwindcss_oxide::scanner: Discovering "C:\\Users\\Lenovo\\Documents\\GitHub\\NON\\nonnaja\\app\\api\\sheets\\update"
2026-01-08T09:25:31.616439Z  INFO get_globs:scan_sources: tailwindcss_oxide::scanner: Discovering "C:\\Users\\Lenovo\\Documents\\GitHub\\NON\\nonnaja\\app\\components"
2026-01-08T09:25:31.617301Z  INFO get_globs:scan_sources: tailwindcss_oxide::scanner: Discovering "C:\\Users\\Lenovo\\Documents\\GitHub\\NON\\nonnaja\\app\\pages"
2026-01-08T09:25:31.617582Z  INFO get_globs:scan_sources: tailwindcss_oxide::scanner: Discovering "C:\\Users\\Lenovo\\Documents\\GitHub\\NON\\nonnaja\\app\\pages\\after"
2026-01-08T09:25:31.617986Z  INFO get_globs:scan_sources: tailwindcss_oxide::scanner: Discovering "C:\\Users\\Lenovo\\Documents\\GitHub\\NON\\nonnaja\\app\\pages\\alert"
2026-01-08T09:25:31.618371Z  INFO get_globs:scan_sources: tailwindcss_oxide::scanner: Discovering "C:\\Users\\Lenovo\\Documents\\GitHub\\NON\\nonnaja\\app\\pages\\before"
2026-01-08T09:25:31.619829Z  INFO get_globs:scan_sources: tailwindcss_oxide::scanner: Discovering "C:\\Users\\Lenovo\\Documents\\GitHub\\NON\\nonnaja\\public"
2026-01-08T09:25:31.620877Z  INFO get_globs:scan_sources: tailwindcss_oxide::scanner: exit
2026-01-08T09:25:31.630576Z  INFO get_globs: tailwindcss_oxide::scanner: exit
2026-01-08T09:25:40.246375Z  INFO scan_sources: tailwindcss_oxide::scanner: enter
2026-01-08T09:25:40.249657Z  INFO scan_sources: tailwindcss_oxide::scanner: Discovering "C:\\Users\\Lenovo\\Documents\\GitHub\\NON\\nonnaja\\app"
2026-01-08T09:25:40.250113Z  INFO scan_sources: tailwindcss_oxide::scanner: Discovering "C:\\Users\\Lenovo\\Documents\\GitHub\\NON\\nonnaja\\app\\api"
2026-01-08T09:25:40.250455Z  INFO scan_sources: tailwindcss_oxide::scanner: Discovering "C:\\Users\\Lenovo\\Documents\\GitHub\\NON\\nonnaja\\app\\api\\drive-image"
2026-01-08T09:25:40.250893Z  INFO scan_sources: tailwindcss_oxide::scanner: Discovering "C:\\Users\\Lenovo\\Documents\\GitHub\\NON\\nonnaja\\app\\api\\sheets"
2026-01-08T09:25:40.251234Z  INFO scan_sources: tailwindcss_oxide::scanner: Discovering "C:\\Users\\Lenovo\\Documents\\GitHub\\NON\\nonnaja\\app\\api\\sheets\\delete"
2026-01-08T09:25:40.251680Z  INFO scan_sources: tailwindcss_oxide::scanner: Discovering "C:\\Users\\Lenovo\\Documents\\GitHub\\NON\\nonnaja\\app\\api\\sheets\\update"
2026-01-08T09:25:40.251942Z  INFO scan_sources: tailwindcss_oxide::scanner: Discovering "C:\\Users\\Lenovo\\Documents\\GitHub\\NON\\nonnaja\\app\\api\\sheets\\update\\route.ts"
2026-01-08T09:25:40.252237Z  INFO scan_sources: tailwindcss_oxide::scanner: Discovering "C:\\Users\\Lenovo\\Documents\\GitHub\\NON\\nonnaja\\app\\components"
2026-01-08T09:25:40.252533Z  INFO scan_sources: tailwindcss_oxide::scanner: Discovering "C:\\Users\\Lenovo\\Documents\\GitHub\\NON\\nonnaja\\app\\components\\SheetData.tsx"
2026-01-08T09:25:40.253035Z  INFO scan_sources: tailwindcss_oxide::scanner: Discovering "C:\\Users\\Lenovo\\Documents\\GitHub\\NON\\nonnaja\\app\\pages"
2026-01-08T09:25:40.253412Z  INFO scan_sources: tailwindcss_oxide::scanner: Discovering "C:\\Users\\Lenovo\\Documents\\GitHub\\NON\\nonnaja\\app\\pages\\after"
2026-01-08T09:25:40.253824Z  INFO scan_sources: tailwindcss_oxide::scanner: Discovering "C:\\Users\\Lenovo\\Documents\\GitHub\\NON\\nonnaja\\app\\pages\\alert"
2026-01-08T09:25:40.254228Z  INFO scan_sources: tailwindcss_oxide::scanner: Discovering "C:\\Users\\Lenovo\\Documents\\GitHub\\NON\\nonnaja\\app\\pages\\before"
2026-01-08T09:25:40.255391Z  INFO scan_sources: tailwindcss_oxide::scanner: Discovering "C:\\Users\\Lenovo\\Documents\\GitHub\\NON\\nonnaja\\public"
2026-01-08T09:25:40.256481Z  INFO scan_sources: tailwindcss_oxide::scanner: exit
2026-01-08T09:25:40.256506Z  INFO extract_candidates: tailwindcss_oxide::scanner: enter
2026-01-08T09:25:40.256518Z  INFO extract_candidates:read_all_files: tailwindcss_oxide::scanner: enter
2026-01-08T09:25:40.256523Z  INFO extract_candidates:read_all_files: tailwindcss_oxide::scanner: Reading 2 file(s)
2026-01-08T09:25:40.256788Z  INFO tailwindcss_oxide::scanner: Reading "C:\\Users\\Lenovo\\Documents\\GitHub\\NON\\nonnaja\\app\\components\\SheetData.tsx"
2026-01-08T09:25:40.256789Z  INFO tailwindcss_oxide::scanner: Reading "C:\\Users\\Lenovo\\Documents\\GitHub\\NON\\nonnaja\\app\\api\\sheets\\update\\route.ts"
2026-01-08T09:25:40.256860Z  INFO extract_candidates:read_all_files: tailwindcss_oxide::scanner: exit
2026-01-08T09:25:40.256883Z  INFO extract_candidates:parse_all_blobs: tailwindcss_oxide::scanner: enter
2026-01-08T09:25:40.256893Z  INFO extract_candidates:parse_all_blobs:extract: tailwindcss_oxide::scanner: enter
2026-01-08T09:25:40.257475Z  INFO extract_candidates:parse_all_blobs:extract: tailwindcss_oxide::scanner: exit
2026-01-08T09:25:40.257506Z  INFO extract_candidates:parse_all_blobs: tailwindcss_oxide::scanner: exit
2026-01-08T09:25:40.257654Z  INFO extract_candidates: tailwindcss_oxide::scanner: exit
2026-01-08T09:25:40.258212Z  INFO get_files: tailwindcss_oxide::scanner: enter
2026-01-08T09:25:40.258227Z  INFO get_files:scan_sources: tailwindcss_oxide::scanner: enter
2026-01-08T09:25:40.262028Z  INFO get_files:scan_sources: tailwindcss_oxide::scanner: Discovering "C:\\Users\\Lenovo\\Documents\\GitHub\\NON\\nonnaja\\app"
2026-01-08T09:25:40.262483Z  INFO get_files:scan_sources: tailwindcss_oxide::scanner: Discovering "C:\\Users\\Lenovo\\Documents\\GitHub\\NON\\nonnaja\\app\\api"
2026-01-08T09:25:40.262858Z  INFO get_files:scan_sources: tailwindcss_oxide::scanner: Discovering "C:\\Users\\Lenovo\\Documents\\GitHub\\NON\\nonnaja\\app\\api\\drive-image"
2026-01-08T09:25:40.263349Z  INFO get_files:scan_sources: tailwindcss_oxide::scanner: Discovering "C:\\Users\\Lenovo\\Documents\\GitHub\\NON\\nonnaja\\app\\api\\sheets"
2026-01-08T09:25:40.263742Z  INFO get_files:scan_sources: tailwindcss_oxide::scanner: Discovering "C:\\Users\\Lenovo\\Documents\\GitHub\\NON\\nonnaja\\app\\api\\sheets\\delete"
2026-01-08T09:25:40.264347Z  INFO get_files:scan_sources: tailwindcss_oxide::scanner: Discovering "C:\\Users\\Lenovo\\Documents\\GitHub\\NON\\nonnaja\\app\\api\\sheets\\update"
2026-01-08T09:25:40.264867Z  INFO get_files:scan_sources: tailwindcss_oxide::scanner: Discovering "C:\\Users\\Lenovo\\Documents\\GitHub\\NON\\nonnaja\\app\\components"
2026-01-08T09:25:40.265832Z  INFO get_files:scan_sources: tailwindcss_oxide::scanner: Discovering "C:\\Users\\Lenovo\\Documents\\GitHub\\NON\\nonnaja\\app\\pages"
2026-01-08T09:25:40.266404Z  INFO get_files:scan_sources: tailwindcss_oxide::scanner: Discovering "C:\\Users\\Lenovo\\Documents\\GitHub\\NON\\nonnaja\\app\\pages\\after"
2026-01-08T09:25:40.267157Z  INFO get_files:scan_sources: tailwindcss_oxide::scanner: Discovering "C:\\Users\\Lenovo\\Documents\\GitHub\\NON\\nonnaja\\app\\pages\\alert"
2026-01-08T09:25:40.267861Z  INFO get_files:scan_sources: tailwindcss_oxide::scanner: Discovering "C:\\Users\\Lenovo\\Documents\\GitHub\\NON\\nonnaja\\app\\pages\\before"
2026-01-08T09:25:40.269633Z  INFO get_files:scan_sources: tailwindcss_oxide::scanner: Discovering "C:\\Users\\Lenovo\\Documents\\GitHub\\NON\\nonnaja\\public"
2026-01-08T09:25:40.271061Z  INFO get_files:scan_sources: tailwindcss_oxide::scanner: exit
2026-01-08T09:25:40.271245Z  INFO get_files: tailwindcss_oxide::scanner: exit
2026-01-08T09:25:40.271592Z  INFO get_globs: tailwindcss_oxide::scanner: enter
2026-01-08T09:25:40.271610Z  INFO get_globs: tailwindcss_oxide::scanner: exit
2026-01-08T09:27:33.202359Z  INFO scan_sources: tailwindcss_oxide::scanner: enter
2026-01-08T09:27:33.204371Z  INFO scan_sources: tailwindcss_oxide::scanner: Discovering "C:\\Users\\Lenovo\\Documents\\GitHub\\NON\\nonnaja\\app"
2026-01-08T09:27:33.204637Z  INFO scan_sources: tailwindcss_oxide::scanner: Discovering "C:\\Users\\Lenovo\\Documents\\GitHub\\NON\\nonnaja\\app\\api"
2026-01-08T09:27:33.204880Z  INFO scan_sources: tailwindcss_oxide::scanner: Discovering "C:\\Users\\Lenovo\\Documents\\GitHub\\NON\\nonnaja\\app\\api\\drive-image"
2026-01-08T09:27:33.205207Z  INFO scan_sources: tailwindcss_oxide::scanner: Discovering "C:\\Users\\Lenovo\\Documents\\GitHub\\NON\\nonnaja\\app\\api\\sheets"
2026-01-08T09:27:33.205448Z  INFO scan_sources: tailwindcss_oxide::scanner: Discovering "C:\\Users\\Lenovo\\Documents\\GitHub\\NON\\nonnaja\\app\\api\\sheets\\delete"
2026-01-08T09:27:33.205799Z  INFO scan_sources: tailwindcss_oxide::scanner: Discovering "C:\\Users\\Lenovo\\Documents\\GitHub\\NON\\nonnaja\\app\\api\\sheets\\update"
2026-01-08T09:27:33.205978Z  INFO scan_sources: tailwindcss_oxide::scanner: Discovering "C:\\Users\\Lenovo\\Documents\\GitHub\\NON\\nonnaja\\app\\api\\sheets\\update\\route.ts"
2026-01-08T09:27:33.206190Z  INFO scan_sources: tailwindcss_oxide::scanner: Discovering "C:\\Users\\Lenovo\\Documents\\GitHub\\NON\\nonnaja\\app\\components"
2026-01-08T09:27:33.206418Z  INFO scan_sources: tailwindcss_oxide::scanner: Discovering "C:\\Users\\Lenovo\\Documents\\GitHub\\NON\\nonnaja\\app\\components\\SheetData.tsx"
2026-01-08T09:27:33.206755Z  INFO scan_sources: tailwindcss_oxide::scanner: Discovering "C:\\Users\\Lenovo\\Documents\\GitHub\\NON\\nonnaja\\app\\pages"
2026-01-08T09:27:33.207018Z  INFO scan_sources: tailwindcss_oxide::scanner: Discovering "C:\\Users\\Lenovo\\Documents\\GitHub\\NON\\nonnaja\\app\\pages\\after"
2026-01-08T09:27:33.207328Z  INFO scan_sources: tailwindcss_oxide::scanner: Discovering "C:\\Users\\Lenovo\\Documents\\GitHub\\NON\\nonnaja\\app\\pages\\alert"
2026-01-08T09:27:33.207655Z  INFO scan_sources: tailwindcss_oxide::scanner: Discovering "C:\\Users\\Lenovo\\Documents\\GitHub\\NON\\nonnaja\\app\\pages\\before"
2026-01-08T09:27:33.208581Z  INFO scan_sources: tailwindcss_oxide::scanner: Discovering "C:\\Users\\Lenovo\\Documents\\GitHub\\NON\\nonnaja\\public"
2026-01-08T09:27:33.209684Z  INFO scan_sources: tailwindcss_oxide::scanner: exit
2026-01-08T09:27:33.209719Z  INFO extract_candidates: tailwindcss_oxide::scanner: enter
2026-01-08T09:27:33.209730Z  INFO extract_candidates:read_all_files: tailwindcss_oxide::scanner: enter
2026-01-08T09:27:33.209737Z  INFO extract_candidates:read_all_files: tailwindcss_oxide::scanner: Reading 2 file(s)
2026-01-08T09:27:33.210160Z  INFO tailwindcss_oxide::scanner: Reading "C:\\Users\\Lenovo\\Documents\\GitHub\\NON\\nonnaja\\app\\api\\sheets\\update\\route.ts"
2026-01-08T09:27:33.210235Z  INFO tailwindcss_oxide::scanner: Reading "C:\\Users\\Lenovo\\Documents\\GitHub\\NON\\nonnaja\\app\\components\\SheetData.tsx"
2026-01-08T09:27:33.210362Z  INFO extract_candidates:read_all_files: tailwindcss_oxide::scanner: exit
2026-01-08T09:27:33.210376Z  INFO extract_candidates:parse_all_blobs: tailwindcss_oxide::scanner: enter
2026-01-08T09:27:33.210384Z  INFO extract_candidates:parse_all_blobs:extract: tailwindcss_oxide::scanner: enter
2026-01-08T09:27:33.210904Z  INFO extract_candidates:parse_all_blobs:extract: tailwindcss_oxide::scanner: exit
2026-01-08T09:27:33.210924Z  INFO extract_candidates:parse_all_blobs: tailwindcss_oxide::scanner: exit
2026-01-08T09:27:33.211022Z  INFO extract_candidates: tailwindcss_oxide::scanner: exit
2026-01-08T09:27:33.211641Z  INFO get_files: tailwindcss_oxide::scanner: enter
2026-01-08T09:27:33.211655Z  INFO get_files:scan_sources: tailwindcss_oxide::scanner: enter
2026-01-08T09:27:33.215518Z  INFO get_files:scan_sources: tailwindcss_oxide::scanner: Discovering "C:\\Users\\Lenovo\\Documents\\GitHub\\NON\\nonnaja\\app"
2026-01-08T09:27:33.215984Z  INFO get_files:scan_sources: tailwindcss_oxide::scanner: Discovering "C:\\Users\\Lenovo\\Documents\\GitHub\\NON\\nonnaja\\app\\api"
2026-01-08T09:27:33.216399Z  INFO get_files:scan_sources: tailwindcss_oxide::scanner: Discovering "C:\\Users\\Lenovo\\Documents\\GitHub\\NON\\nonnaja\\app\\api\\drive-image"
2026-01-08T09:27:33.217192Z  INFO get_files:scan_sources: tailwindcss_oxide::scanner: Discovering "C:\\Users\\Lenovo\\Documents\\GitHub\\NON\\nonnaja\\app\\api\\sheets"
2026-01-08T09:27:33.217623Z  INFO get_files:scan_sources: tailwindcss_oxide::scanner: Discovering "C:\\Users\\Lenovo\\Documents\\GitHub\\NON\\nonnaja\\app\\api\\sheets\\delete"
2026-01-08T09:27:33.218109Z  INFO get_files:scan_sources: tailwindcss_oxide::scanner: Discovering "C:\\Users\\Lenovo\\Documents\\GitHub\\NON\\nonnaja\\app\\api\\sheets\\update"
2026-01-08T09:27:33.218598Z  INFO get_files:scan_sources: tailwindcss_oxide::scanner: Discovering "C:\\Users\\Lenovo\\Documents\\GitHub\\NON\\nonnaja\\app\\components"
2026-01-08T09:27:33.219301Z  INFO get_files:scan_sources: tailwindcss_oxide::scanner: Discovering "C:\\Users\\Lenovo\\Documents\\GitHub\\NON\\nonnaja\\app\\pages"
2026-01-08T09:27:33.219639Z  INFO get_files:scan_sources: tailwindcss_oxide::scanner: Discovering "C:\\Users\\Lenovo\\Documents\\GitHub\\NON\\nonnaja\\app\\pages\\after"
2026-01-08T09:27:33.220073Z  INFO get_files:scan_sources: tailwindcss_oxide::scanner: Discovering "C:\\Users\\Lenovo\\Documents\\GitHub\\NON\\nonnaja\\app\\pages\\alert"
2026-01-08T09:27:33.220552Z  INFO get_files:scan_sources: tailwindcss_oxide::scanner: Discovering "C:\\Users\\Lenovo\\Documents\\GitHub\\NON\\nonnaja\\app\\pages\\before"
2026-01-08T09:27:33.221838Z  INFO get_files:scan_sources: tailwindcss_oxide::scanner: Discovering "C:\\Users\\Lenovo\\Documents\\GitHub\\NON\\nonnaja\\public"
2026-01-08T09:27:33.222606Z  INFO get_files:scan_sources: tailwindcss_oxide::scanner: exit
2026-01-08T09:27:33.222716Z  INFO get_files: tailwindcss_oxide::scanner: exit
2026-01-08T09:27:33.222889Z  INFO get_globs: tailwindcss_oxide::scanner: enter
2026-01-08T09:27:33.222899Z  INFO get_globs: tailwindcss_oxide::scanner: exit
2026-01-08T09:27:39.621006Z  INFO scan_sources: tailwindcss_oxide::scanner: enter
2026-01-08T09:27:39.624370Z  INFO scan_sources: tailwindcss_oxide::scanner: Discovering "C:\\Users\\Lenovo\\Documents\\GitHub\\NON\\nonnaja\\app"
2026-01-08T09:27:39.624794Z  INFO scan_sources: tailwindcss_oxide::scanner: Discovering "C:\\Users\\Lenovo\\Documents\\GitHub\\NON\\nonnaja\\app\\api"
2026-01-08T09:27:39.625236Z  INFO scan_sources: tailwindcss_oxide::scanner: Discovering "C:\\Users\\Lenovo\\Documents\\GitHub\\NON\\nonnaja\\app\\api\\drive-image"
2026-01-08T09:27:39.625841Z  INFO scan_sources: tailwindcss_oxide::scanner: Discovering "C:\\Users\\Lenovo\\Documents\\GitHub\\NON\\nonnaja\\app\\api\\sheets"
2026-01-08T09:27:39.626321Z  INFO scan_sources: tailwindcss_oxide::scanner: Discovering "C:\\Users\\Lenovo\\Documents\\GitHub\\NON\\nonnaja\\app\\api\\sheets\\delete"
2026-01-08T09:27:39.626711Z  INFO scan_sources: tailwindcss_oxide::scanner: Discovering "C:\\Users\\Lenovo\\Documents\\GitHub\\NON\\nonnaja\\app\\api\\sheets\\delete\\route.ts"
2026-01-08T09:27:39.627157Z  INFO scan_sources: tailwindcss_oxide::scanner: Discovering "C:\\Users\\Lenovo\\Documents\\GitHub\\NON\\nonnaja\\app\\api\\sheets\\update"
2026-01-08T09:27:39.627830Z  INFO scan_sources: tailwindcss_oxide::scanner: Discovering "C:\\Users\\Lenovo\\Documents\\GitHub\\NON\\nonnaja\\app\\components"
2026-01-08T09:27:39.628645Z  INFO scan_sources: tailwindcss_oxide::scanner: Discovering "C:\\Users\\Lenovo\\Documents\\GitHub\\NON\\nonnaja\\app\\pages"
2026-01-08T09:27:39.628958Z  INFO scan_sources: tailwindcss_oxide::scanner: Discovering "C:\\Users\\Lenovo\\Documents\\GitHub\\NON\\nonnaja\\app\\pages\\after"
2026-01-08T09:27:39.629327Z  INFO scan_sources: tailwindcss_oxide::scanner: Discovering "C:\\Users\\Lenovo\\Documents\\GitHub\\NON\\nonnaja\\app\\pages\\alert"
2026-01-08T09:27:39.629727Z  INFO scan_sources: tailwindcss_oxide::scanner: Discovering "C:\\Users\\Lenovo\\Documents\\GitHub\\NON\\nonnaja\\app\\pages\\before"
2026-01-08T09:27:39.630697Z  INFO scan_sources: tailwindcss_oxide::scanner: Discovering "C:\\Users\\Lenovo\\Documents\\GitHub\\NON\\nonnaja\\public"
2026-01-08T09:27:39.631677Z  INFO scan_sources: tailwindcss_oxide::scanner: exit
2026-01-08T09:27:39.631703Z  INFO extract_candidates: tailwindcss_oxide::scanner: enter
2026-01-08T09:27:39.631712Z  INFO extract_candidates:read_all_files: tailwindcss_oxide::scanner: enter
2026-01-08T09:27:39.631717Z  INFO extract_candidates:read_all_files: tailwindcss_oxide::scanner: Reading 1 file(s)
2026-01-08T09:27:39.631827Z  INFO extract_candidates:read_all_files: tailwindcss_oxide::scanner: Reading "C:\\Users\\Lenovo\\Documents\\GitHub\\NON\\nonnaja\\app\\api\\sheets\\delete\\route.ts"
2026-01-08T09:27:39.631843Z  INFO extract_candidates:read_all_files: tailwindcss_oxide::scanner: exit
2026-01-08T09:27:39.631848Z  INFO extract_candidates:parse_all_blobs: tailwindcss_oxide::scanner: enter
2026-01-08T09:27:39.631853Z  INFO extract_candidates:parse_all_blobs:extract: tailwindcss_oxide::scanner: enter
2026-01-08T09:27:39.632395Z  INFO extract_candidates:parse_all_blobs:extract: tailwindcss_oxide::scanner: exit
2026-01-08T09:27:39.632414Z  INFO extract_candidates:parse_all_blobs: tailwindcss_oxide::scanner: exit
2026-01-08T09:27:39.632687Z  INFO extract_candidates: tailwindcss_oxide::scanner: exit
2026-01-08T09:27:39.633286Z  INFO get_files: tailwindcss_oxide::scanner: enter
2026-01-08T09:27:39.633403Z  INFO get_files:scan_sources: tailwindcss_oxide::scanner: enter
2026-01-08T09:27:39.635817Z  INFO get_files:scan_sources: tailwindcss_oxide::scanner: Discovering "C:\\Users\\Lenovo\\Documents\\GitHub\\NON\\nonnaja\\app"
2026-01-08T09:27:39.636088Z  INFO get_files:scan_sources: tailwindcss_oxide::scanner: Discovering "C:\\Users\\Lenovo\\Documents\\GitHub\\NON\\nonnaja\\app\\api"
2026-01-08T09:27:39.636341Z  INFO get_files:scan_sources: tailwindcss_oxide::scanner: Discovering "C:\\Users\\Lenovo\\Documents\\GitHub\\NON\\nonnaja\\app\\api\\drive-image"
2026-01-08T09:27:39.636704Z  INFO get_files:scan_sources: tailwindcss_oxide::scanner: Discovering "C:\\Users\\Lenovo\\Documents\\GitHub\\NON\\nonnaja\\app\\api\\sheets"
2026-01-08T09:27:39.636964Z  INFO get_files:scan_sources: tailwindcss_oxide::scanner: Discovering "C:\\Users\\Lenovo\\Documents\\GitHub\\NON\\nonnaja\\app\\api\\sheets\\delete"
2026-01-08T09:27:39.637350Z  INFO get_files:scan_sources: tailwindcss_oxide::scanner: Discovering "C:\\Users\\Lenovo\\Documents\\GitHub\\NON\\nonnaja\\app\\api\\sheets\\update"
2026-01-08T09:27:39.637745Z  INFO get_files:scan_sources: tailwindcss_oxide::scanner: Discovering "C:\\Users\\Lenovo\\Documents\\GitHub\\NON\\nonnaja\\app\\components"
2026-01-08T09:27:39.638364Z  INFO get_files:scan_sources: tailwindcss_oxide::scanner: Discovering "C:\\Users\\Lenovo\\Documents\\GitHub\\NON\\nonnaja\\app\\pages"
2026-01-08T09:27:39.638616Z  INFO get_files:scan_sources: tailwindcss_oxide::scanner: Discovering "C:\\Users\\Lenovo\\Documents\\GitHub\\NON\\nonnaja\\app\\pages\\after"
2026-01-08T09:27:39.639010Z  INFO get_files:scan_sources: tailwindcss_oxide::scanner: Discovering "C:\\Users\\Lenovo\\Documents\\GitHub\\NON\\nonnaja\\app\\pages\\alert"
2026-01-08T09:27:39.639401Z  INFO get_files:scan_sources: tailwindcss_oxide::scanner: Discovering "C:\\Users\\Lenovo\\Documents\\GitHub\\NON\\nonnaja\\app\\pages\\before"
2026-01-08T09:27:39.640361Z  INFO get_files:scan_sources: tailwindcss_oxide::scanner: Discovering "C:\\Users\\Lenovo\\Documents\\GitHub\\NON\\nonnaja\\public"
2026-01-08T09:27:39.641147Z  INFO get_files:scan_sources: tailwindcss_oxide::scanner: exit
2026-01-08T09:27:39.641285Z  INFO get_files: tailwindcss_oxide::scanner: exit
2026-01-08T09:27:39.641573Z  INFO get_globs: tailwindcss_oxide::scanner: enter
2026-01-08T09:27:39.641586Z  INFO get_globs: tailwindcss_oxide::scanner: exit
2026-01-08T09:28:20.648728Z  INFO scan_sources: tailwindcss_oxide::scanner: enter
2026-01-08T09:28:20.652573Z  INFO scan_sources: tailwindcss_oxide::scanner: Discovering "C:\\Users\\Lenovo\\Documents\\GitHub\\NON\\nonnaja\\app"
2026-01-08T09:28:20.653032Z  INFO scan_sources: tailwindcss_oxide::scanner: Discovering "C:\\Users\\Lenovo\\Documents\\GitHub\\NON\\nonnaja\\app\\api"
2026-01-08T09:28:20.653472Z  INFO scan_sources: tailwindcss_oxide::scanner: Discovering "C:\\Users\\Lenovo\\Documents\\GitHub\\NON\\nonnaja\\app\\api\\drive-image"
2026-01-08T09:28:20.654061Z  INFO scan_sources: tailwindcss_oxide::scanner: Discovering "C:\\Users\\Lenovo\\Documents\\GitHub\\NON\\nonnaja\\app\\api\\sheets"
2026-01-08T09:28:20.654479Z  INFO scan_sources: tailwindcss_oxide::scanner: Discovering "C:\\Users\\Lenovo\\Documents\\GitHub\\NON\\nonnaja\\app\\api\\sheets\\delete"
2026-01-08T09:28:20.654811Z  INFO scan_sources: tailwindcss_oxide::scanner: Discovering "C:\\Users\\Lenovo\\Documents\\GitHub\\NON\\nonnaja\\app\\api\\sheets\\delete\\route.ts"
2026-01-08T09:28:20.655185Z  INFO scan_sources: tailwindcss_oxide::scanner: Discovering "C:\\Users\\Lenovo\\Documents\\GitHub\\NON\\nonnaja\\app\\api\\sheets\\update"
2026-01-08T09:28:20.655476Z  INFO scan_sources: tailwindcss_oxide::scanner: Discovering "C:\\Users\\Lenovo\\Documents\\GitHub\\NON\\nonnaja\\app\\api\\sheets\\update\\route.ts"
2026-01-08T09:28:20.655812Z  INFO scan_sources: tailwindcss_oxide::scanner: Discovering "C:\\Users\\Lenovo\\Documents\\GitHub\\NON\\nonnaja\\app\\components"
2026-01-08T09:28:20.656527Z  INFO scan_sources: tailwindcss_oxide::scanner: Discovering "C:\\Users\\Lenovo\\Documents\\GitHub\\NON\\nonnaja\\app\\pages"
2026-01-08T09:28:20.657174Z  INFO scan_sources: tailwindcss_oxide::scanner: Discovering "C:\\Users\\Lenovo\\Documents\\GitHub\\NON\\nonnaja\\app\\pages\\after"
2026-01-08T09:28:20.657756Z  INFO scan_sources: tailwindcss_oxide::scanner: Discovering "C:\\Users\\Lenovo\\Documents\\GitHub\\NON\\nonnaja\\app\\pages\\alert"
2026-01-08T09:28:20.658291Z  INFO scan_sources: tailwindcss_oxide::scanner: Discovering "C:\\Users\\Lenovo\\Documents\\GitHub\\NON\\nonnaja\\app\\pages\\before"
2026-01-08T09:28:20.659650Z  INFO scan_sources: tailwindcss_oxide::scanner: Discovering "C:\\Users\\Lenovo\\Documents\\GitHub\\NON\\nonnaja\\public"
2026-01-08T09:28:20.660902Z  INFO scan_sources: tailwindcss_oxide::scanner: exit
2026-01-08T09:28:20.660949Z  INFO extract_candidates: tailwindcss_oxide::scanner: enter
2026-01-08T09:28:20.660959Z  INFO extract_candidates:read_all_files: tailwindcss_oxide::scanner: enter
2026-01-08T09:28:20.660966Z  INFO extract_candidates:read_all_files: tailwindcss_oxide::scanner: Reading 2 file(s)
2026-01-08T09:28:20.661674Z  INFO tailwindcss_oxide::scanner: Reading "C:\\Users\\Lenovo\\Documents\\GitHub\\NON\\nonnaja\\app\\api\\sheets\\update\\route.ts"
2026-01-08T09:28:20.661674Z  INFO tailwindcss_oxide::scanner: Reading "C:\\Users\\Lenovo\\Documents\\GitHub\\NON\\nonnaja\\app\\api\\sheets\\delete\\route.ts"
2026-01-08T09:28:20.661746Z  INFO extract_candidates:read_all_files: tailwindcss_oxide::scanner: exit
2026-01-08T09:28:20.661767Z  INFO extract_candidates:parse_all_blobs: tailwindcss_oxide::scanner: enter
2026-01-08T09:28:20.661776Z  INFO extract_candidates:parse_all_blobs:extract: tailwindcss_oxide::scanner: enter
2026-01-08T09:28:20.666773Z  INFO extract_candidates:parse_all_blobs:extract: tailwindcss_oxide::scanner: exit
2026-01-08T09:28:20.666852Z  INFO extract_candidates:parse_all_blobs: tailwindcss_oxide::scanner: exit
2026-01-08T09:28:20.667732Z  INFO extract_candidates: tailwindcss_oxide::scanner: exit
2026-01-08T09:28:20.668418Z  INFO get_files: tailwindcss_oxide::scanner: enter
2026-01-08T09:28:20.668455Z  INFO get_files:scan_sources: tailwindcss_oxide::scanner: enter
2026-01-08T09:28:20.671767Z  INFO get_files:scan_sources: tailwindcss_oxide::scanner: Discovering "C:\\Users\\Lenovo\\Documents\\GitHub\\NON\\nonnaja\\app"
2026-01-08T09:28:20.672356Z  INFO get_files:scan_sources: tailwindcss_oxide::scanner: Discovering "C:\\Users\\Lenovo\\Documents\\GitHub\\NON\\nonnaja\\app\\api"
2026-01-08T09:28:20.675604Z  INFO get_files:scan_sources: tailwindcss_oxide::scanner: Discovering "C:\\Users\\Lenovo\\Documents\\GitHub\\NON\\nonnaja\\app\\api\\drive-image"
2026-01-08T09:28:20.676233Z  INFO get_files:scan_sources: tailwindcss_oxide::scanner: Discovering "C:\\Users\\Lenovo\\Documents\\GitHub\\NON\\nonnaja\\app\\api\\sheets"
2026-01-08T09:28:20.676774Z  INFO get_files:scan_sources: tailwindcss_oxide::scanner: Discovering "C:\\Users\\Lenovo\\Documents\\GitHub\\NON\\nonnaja\\app\\api\\sheets\\delete"
2026-01-08T09:28:20.677490Z  INFO get_files:scan_sources: tailwindcss_oxide::scanner: Discovering "C:\\Users\\Lenovo\\Documents\\GitHub\\NON\\nonnaja\\app\\api\\sheets\\update"
2026-01-08T09:28:20.678198Z  INFO get_files:scan_sources: tailwindcss_oxide::scanner: Discovering "C:\\Users\\Lenovo\\Documents\\GitHub\\NON\\nonnaja\\app\\components"
2026-01-08T09:28:20.679327Z  INFO get_files:scan_sources: tailwindcss_oxide::scanner: Discovering "C:\\Users\\Lenovo\\Documents\\GitHub\\NON\\nonnaja\\app\\components\\Navbar.tsx"
2026-01-08T09:28:20.680223Z  INFO get_files:scan_sources: tailwindcss_oxide::scanner: Discovering "C:\\Users\\Lenovo\\Documents\\GitHub\\NON\\nonnaja\\app\\pages"
2026-01-08T09:28:20.680660Z  INFO get_files:scan_sources: tailwindcss_oxide::scanner: Discovering "C:\\Users\\Lenovo\\Documents\\GitHub\\NON\\nonnaja\\app\\pages\\after"
2026-01-08T09:28:20.681249Z  INFO get_files:scan_sources: tailwindcss_oxide::scanner: Discovering "C:\\Users\\Lenovo\\Documents\\GitHub\\NON\\nonnaja\\app\\pages\\alert"
2026-01-08T09:28:20.681876Z  INFO get_files:scan_sources: tailwindcss_oxide::scanner: Discovering "C:\\Users\\Lenovo\\Documents\\GitHub\\NON\\nonnaja\\app\\pages\\before"
2026-01-08T09:28:20.683434Z  INFO get_files:scan_sources: tailwindcss_oxide::scanner: Discovering "C:\\Users\\Lenovo\\Documents\\GitHub\\NON\\nonnaja\\public"
2026-01-08T09:28:20.684696Z  INFO get_files:scan_sources: tailwindcss_oxide::scanner: exit
2026-01-08T09:28:20.685612Z  INFO get_files: tailwindcss_oxide::scanner: exit
2026-01-08T09:28:20.685966Z  INFO get_globs: tailwindcss_oxide::scanner: enter
2026-01-08T09:28:20.685992Z  INFO get_globs: tailwindcss_oxide::scanner: exit
