2026-01-08T09:19:31.620999Z  INFO tailwindcss_oxide::scanner: Provided sources:
2026-01-08T09:19:31.621171Z  INFO tailwindcss_oxide::scanner: Source: PublicSourceEntry { base: "C:\\Users\\Lenovo\\Documents\\GitHub\\NON\\nonnaja", pattern: "**/*", negated: false }
2026-01-08T09:19:31.621520Z  INFO tailwindcss_oxide::scanner: Optimized sources:
2026-01-08T09:19:31.621565Z  INFO tailwindcss_oxide::scanner: Source: Auto { base: "C:\\Users\\Lenovo\\Documents\\GitHub\\NON\\nonnaja" }
2026-01-08T09:19:31.623918Z  INFO scan_sources: tailwindcss_oxide::scanner: enter
2026-01-08T09:19:31.628109Z  INFO scan_sources: tailwindcss_oxide::scanner: Discovering "C:\\Users\\Lenovo\\Documents\\GitHub\\NON\\nonnaja\\app"
2026-01-08T09:19:31.628875Z  INFO scan_sources: tailwindcss_oxide::scanner: Discovering "C:\\Users\\Lenovo\\Documents\\GitHub\\NON\\nonnaja\\app\\api"
2026-01-08T09:19:31.629226Z  INFO scan_sources: tailwindcss_oxide::scanner: Discovering "C:\\Users\\Lenovo\\Documents\\GitHub\\NON\\nonnaja\\app\\api\\drive-image"
2026-01-08T09:19:31.629508Z  INFO scan_sources: tailwindcss_oxide::scanner: Discovering "C:\\Users\\Lenovo\\Documents\\GitHub\\NON\\nonnaja\\app\\api\\drive-image\\route.ts"
2026-01-08T09:19:31.629983Z  INFO scan_sources: tailwindcss_oxide::scanner: Discovering "C:\\Users\\Lenovo\\Documents\\GitHub\\NON\\nonnaja\\app\\api\\sheets"
2026-01-08T09:19:31.630552Z  INFO scan_sources: tailwindcss_oxide::scanner: Discovering "C:\\Users\\Lenovo\\Documents\\GitHub\\NON\\nonnaja\\app\\api\\sheets\\route.ts"
2026-01-08T09:19:31.630783Z  INFO scan_sources: tailwindcss_oxide::scanner: Discovering "C:\\Users\\Lenovo\\Documents\\GitHub\\NON\\nonnaja\\app\\components"
2026-01-08T09:19:31.630997Z  INFO scan_sources: tailwindcss_oxide::scanner: Discovering "C:\\Users\\Lenovo\\Documents\\GitHub\\NON\\nonnaja\\app\\components\\Navbar.tsx"
2026-01-08T09:19:31.631104Z  INFO scan_sources: tailwindcss_oxide::scanner: Discovering "C:\\Users\\Lenovo\\Documents\\GitHub\\NON\\nonnaja\\app\\components\\SheetData.tsx"
2026-01-08T09:19:31.631260Z  INFO scan_sources: tailwindcss_oxide::scanner: Discovering "C:\\Users\\Lenovo\\Documents\\GitHub\\NON\\nonnaja\\app\\globals.css"
2026-01-08T09:19:31.631352Z  INFO scan_sources: tailwindcss_oxide::scanner: Discovering "C:\\Users\\Lenovo\\Documents\\GitHub\\NON\\nonnaja\\app\\layout.tsx"
2026-01-08T09:19:31.631452Z  INFO scan_sources: tailwindcss_oxide::scanner: Discovering "C:\\Users\\Lenovo\\Documents\\GitHub\\NON\\nonnaja\\app\\page.tsx"
2026-01-08T09:19:31.631608Z  INFO scan_sources: tailwindcss_oxide::scanner: Discovering "C:\\Users\\Lenovo\\Documents\\GitHub\\NON\\nonnaja\\app\\pages"
2026-01-08T09:19:31.631867Z  INFO scan_sources: tailwindcss_oxide::scanner: Discovering "C:\\Users\\Lenovo\\Documents\\GitHub\\NON\\nonnaja\\app\\pages\\after"
2026-01-08T09:19:31.632067Z  INFO scan_sources: tailwindcss_oxide::scanner: Discovering "C:\\Users\\Lenovo\\Documents\\GitHub\\NON\\nonnaja\\app\\pages\\after\\page.tsx"
2026-01-08T09:19:31.632256Z  INFO scan_sources: tailwindcss_oxide::scanner: Discovering "C:\\Users\\Lenovo\\Documents\\GitHub\\NON\\nonnaja\\app\\pages\\alert"
2026-01-08T09:19:31.632451Z  INFO scan_sources: tailwindcss_oxide::scanner: Discovering "C:\\Users\\Lenovo\\Documents\\GitHub\\NON\\nonnaja\\app\\pages\\alert\\page.tsx"
2026-01-08T09:19:31.632633Z  INFO scan_sources: tailwindcss_oxide::scanner: Discovering "C:\\Users\\Lenovo\\Documents\\GitHub\\NON\\nonnaja\\app\\pages\\before"
2026-01-08T09:19:31.632827Z  INFO scan_sources: tailwindcss_oxide::scanner: Discovering "C:\\Users\\Lenovo\\Documents\\GitHub\\NON\\nonnaja\\app\\pages\\before\\page.tsx"
2026-01-08T09:19:31.633011Z  INFO scan_sources: tailwindcss_oxide::scanner: Discovering "C:\\Users\\Lenovo\\Documents\\GitHub\\NON\\nonnaja\\eslint.config.mjs"
2026-01-08T09:19:31.633112Z  INFO scan_sources: tailwindcss_oxide::scanner: Discovering "C:\\Users\\Lenovo\\Documents\\GitHub\\NON\\nonnaja\\GOOGLE_DRIVE_SETUP.md"
2026-01-08T09:19:31.633209Z  INFO scan_sources: tailwindcss_oxide::scanner: Discovering "C:\\Users\\Lenovo\\Documents\\GitHub\\NON\\nonnaja\\next.config.ts"
2026-01-08T09:19:31.633586Z  INFO scan_sources: tailwindcss_oxide::scanner: Discovering "C:\\Users\\Lenovo\\Documents\\GitHub\\NON\\nonnaja\\package.json"
2026-01-08T09:19:31.633686Z  INFO scan_sources: tailwindcss_oxide::scanner: Discovering "C:\\Users\\Lenovo\\Documents\\GitHub\\NON\\nonnaja\\postcss.config.mjs"
2026-01-08T09:19:31.633841Z  INFO scan_sources: tailwindcss_oxide::scanner: Discovering "C:\\Users\\Lenovo\\Documents\\GitHub\\NON\\nonnaja\\public"
2026-01-08T09:19:31.634034Z  INFO scan_sources: tailwindcss_oxide::scanner: Discovering "C:\\Users\\Lenovo\\Documents\\GitHub\\NON\\nonnaja\\public\\file.svg"
2026-01-08T09:19:31.634123Z  INFO scan_sources: tailwindcss_oxide::scanner: Discovering "C:\\Users\\Lenovo\\Documents\\GitHub\\NON\\nonnaja\\public\\globe.svg"
2026-01-08T09:19:31.634216Z  INFO scan_sources: tailwindcss_oxide::scanner: Discovering "C:\\Users\\Lenovo\\Documents\\GitHub\\NON\\nonnaja\\public\\next.svg"
2026-01-08T09:19:31.634312Z  INFO scan_sources: tailwindcss_oxide::scanner: Discovering "C:\\Users\\Lenovo\\Documents\\GitHub\\NON\\nonnaja\\public\\People-party.svg"
2026-01-08T09:19:31.634398Z  INFO scan_sources: tailwindcss_oxide::scanner: Discovering "C:\\Users\\Lenovo\\Documents\\GitHub\\NON\\nonnaja\\public\\vercel.svg"
2026-01-08T09:19:31.634492Z  INFO scan_sources: tailwindcss_oxide::scanner: Discovering "C:\\Users\\Lenovo\\Documents\\GitHub\\NON\\nonnaja\\public\\window.svg"
2026-01-08T09:19:31.634628Z  INFO scan_sources: tailwindcss_oxide::scanner: Discovering "C:\\Users\\Lenovo\\Documents\\GitHub\\NON\\nonnaja\\README.md"
2026-01-08T09:19:31.634712Z  INFO scan_sources: tailwindcss_oxide::scanner: Discovering "C:\\Users\\Lenovo\\Documents\\GitHub\\NON\\nonnaja\\SETUP_COMPLETE.md"
2026-01-08T09:19:31.634822Z  INFO scan_sources: tailwindcss_oxide::scanner: Discovering "C:\\Users\\Lenovo\\Documents\\GitHub\\NON\\nonnaja\\tsconfig.json"
2026-01-08T09:19:31.634986Z  INFO scan_sources: tailwindcss_oxide::scanner: exit
2026-01-08T09:19:31.635000Z  INFO extract_candidates: tailwindcss_oxide::scanner: enter
2026-01-08T09:19:31.635008Z  INFO extract_candidates:read_all_files: tailwindcss_oxide::scanner: enter
2026-01-08T09:19:31.635014Z  INFO extract_candidates:read_all_files: tailwindcss_oxide::scanner: Reading 23 file(s)
2026-01-08T09:19:31.635906Z  INFO tailwindcss_oxide::scanner: Reading "C:\\Users\\Lenovo\\Documents\\GitHub\\NON\\nonnaja\\next.config.ts"
2026-01-08T09:19:31.635976Z  INFO tailwindcss_oxide::scanner: Reading "C:\\Users\\Lenovo\\Documents\\GitHub\\NON\\nonnaja\\public\\file.svg"
2026-01-08T09:19:31.636087Z  INFO tailwindcss_oxide::scanner: Reading "C:\\Users\\Lenovo\\Documents\\GitHub\\NON\\nonnaja\\package.json"
2026-01-08T09:19:31.636101Z  INFO tailwindcss_oxide::scanner: Reading "C:\\Users\\Lenovo\\Documents\\GitHub\\NON\\nonnaja\\public\\globe.svg"
2026-01-08T09:19:31.636106Z  INFO tailwindcss_oxide::scanner: Reading "C:\\Users\\Lenovo\\Documents\\GitHub\\NON\\nonnaja\\public\\window.svg"
2026-01-08T09:19:31.635905Z  INFO tailwindcss_oxide::scanner: Reading "C:\\Users\\Lenovo\\Documents\\GitHub\\NON\\nonnaja\\public\\vercel.svg"
2026-01-08T09:19:31.636116Z  INFO tailwindcss_oxide::scanner: Reading "C:\\Users\\Lenovo\\Documents\\GitHub\\NON\\nonnaja\\app\\page.tsx"
2026-01-08T09:19:31.636112Z  INFO tailwindcss_oxide::scanner: Reading "C:\\Users\\Lenovo\\Documents\\GitHub\\NON\\nonnaja\\app\\api\\drive-image\\route.ts"
2026-01-08T09:19:31.636216Z  INFO tailwindcss_oxide::scanner: Reading "C:\\Users\\Lenovo\\Documents\\GitHub\\NON\\nonnaja\\SETUP_COMPLETE.md"
2026-01-08T09:19:31.636235Z  INFO tailwindcss_oxide::scanner: Reading "C:\\Users\\Lenovo\\Documents\\GitHub\\NON\\nonnaja\\app\\components\\Navbar.tsx"
2026-01-08T09:19:31.636246Z  INFO tailwindcss_oxide::scanner: Reading "C:\\Users\\Lenovo\\Documents\\GitHub\\NON\\nonnaja\\public\\next.svg"
2026-01-08T09:19:31.636259Z  INFO tailwindcss_oxide::scanner: Reading "C:\\Users\\Lenovo\\Documents\\GitHub\\NON\\nonnaja\\eslint.config.mjs"
2026-01-08T09:19:31.636269Z  INFO tailwindcss_oxide::scanner: Reading "C:\\Users\\Lenovo\\Documents\\GitHub\\NON\\nonnaja\\app\\pages\\before\\page.tsx"
2026-01-08T09:19:31.636354Z  INFO tailwindcss_oxide::scanner: Reading "C:\\Users\\Lenovo\\Documents\\GitHub\\NON\\nonnaja\\app\\pages\\alert\\page.tsx"
2026-01-08T09:19:31.636109Z  INFO tailwindcss_oxide::scanner: Reading "C:\\Users\\Lenovo\\Documents\\GitHub\\NON\\nonnaja\\public\\People-party.svg"
2026-01-08T09:19:31.636385Z  INFO tailwindcss_oxide::scanner: Reading "C:\\Users\\Lenovo\\Documents\\GitHub\\NON\\nonnaja\\app\\components\\SheetData.tsx"
2026-01-08T09:19:31.636389Z  INFO tailwindcss_oxide::scanner: Reading "C:\\Users\\Lenovo\\Documents\\GitHub\\NON\\nonnaja\\app\\layout.tsx"
2026-01-08T09:19:31.636295Z  INFO tailwindcss_oxide::scanner: Reading "C:\\Users\\Lenovo\\Documents\\GitHub\\NON\\nonnaja\\GOOGLE_DRIVE_SETUP.md"
2026-01-08T09:19:31.636129Z  INFO tailwindcss_oxide::scanner: Reading "C:\\Users\\Lenovo\\Documents\\GitHub\\NON\\nonnaja\\tsconfig.json"
2026-01-08T09:19:31.636314Z  INFO tailwindcss_oxide::scanner: Reading "C:\\Users\\Lenovo\\Documents\\GitHub\\NON\\nonnaja\\app\\api\\sheets\\route.ts"
2026-01-08T09:19:31.636258Z  INFO tailwindcss_oxide::scanner: Reading "C:\\Users\\Lenovo\\Documents\\GitHub\\NON\\nonnaja\\postcss.config.mjs"
2026-01-08T09:19:31.636269Z  INFO tailwindcss_oxide::scanner: Reading "C:\\Users\\Lenovo\\Documents\\GitHub\\NON\\nonnaja\\app\\pages\\after\\page.tsx"
2026-01-08T09:19:31.636291Z  INFO tailwindcss_oxide::scanner: Reading "C:\\Users\\Lenovo\\Documents\\GitHub\\NON\\nonnaja\\README.md"
2026-01-08T09:19:31.636540Z  INFO extract_candidates:read_all_files: tailwindcss_oxide::scanner: exit
2026-01-08T09:19:31.636558Z  INFO extract_candidates:parse_all_blobs: tailwindcss_oxide::scanner: enter
2026-01-08T09:19:31.636565Z  INFO extract_candidates:parse_all_blobs:extract: tailwindcss_oxide::scanner: enter
2026-01-08T09:19:31.637282Z  INFO extract_candidates:parse_all_blobs:extract: tailwindcss_oxide::scanner: exit
2026-01-08T09:19:31.637301Z  INFO extract_candidates:parse_all_blobs: tailwindcss_oxide::scanner: exit
2026-01-08T09:19:31.637308Z  INFO extract_candidates:read_all_files: tailwindcss_oxide::scanner: enter
2026-01-08T09:19:31.637312Z  INFO extract_candidates:read_all_files: tailwindcss_oxide::scanner: Reading 1 file(s)
2026-01-08T09:19:31.637454Z  INFO extract_candidates:read_all_files: tailwindcss_oxide::scanner: Reading "C:\\Users\\Lenovo\\Documents\\GitHub\\NON\\nonnaja\\app\\globals.css"
2026-01-08T09:19:31.637465Z  INFO extract_candidates:read_all_files: tailwindcss_oxide::scanner: exit
2026-01-08T09:19:31.637474Z  INFO extract_candidates:extract_css_variables: tailwindcss_oxide::scanner: enter
2026-01-08T09:19:31.637479Z  INFO extract_candidates:extract_css_variables:extract: tailwindcss_oxide::scanner: enter
2026-01-08T09:19:31.637520Z  INFO extract_candidates:extract_css_variables:extract: tailwindcss_oxide::scanner: exit
2026-01-08T09:19:31.637538Z  INFO extract_candidates:extract_css_variables: tailwindcss_oxide::scanner: exit
2026-01-08T09:19:31.637913Z  INFO extract_candidates: tailwindcss_oxide::scanner: exit
2026-01-08T09:19:31.638462Z  INFO get_files: tailwindcss_oxide::scanner: enter
2026-01-08T09:19:31.638475Z  INFO get_files:scan_sources: tailwindcss_oxide::scanner: enter
2026-01-08T09:19:31.641218Z  INFO get_files:scan_sources: tailwindcss_oxide::scanner: Discovering "C:\\Users\\Lenovo\\Documents\\GitHub\\NON\\nonnaja\\app"
2026-01-08T09:19:31.641513Z  INFO get_files:scan_sources: tailwindcss_oxide::scanner: Discovering "C:\\Users\\Lenovo\\Documents\\GitHub\\NON\\nonnaja\\app\\api"
2026-01-08T09:19:31.641893Z  INFO get_files:scan_sources: tailwindcss_oxide::scanner: Discovering "C:\\Users\\Lenovo\\Documents\\GitHub\\NON\\nonnaja\\app\\api\\drive-image"
2026-01-08T09:19:31.642432Z  INFO get_files:scan_sources: tailwindcss_oxide::scanner: Discovering "C:\\Users\\Lenovo\\Documents\\GitHub\\NON\\nonnaja\\app\\api\\sheets"
2026-01-08T09:19:31.642979Z  INFO get_files:scan_sources: tailwindcss_oxide::scanner: Discovering "C:\\Users\\Lenovo\\Documents\\GitHub\\NON\\nonnaja\\app\\components"
2026-01-08T09:19:31.644243Z  INFO get_files:scan_sources: tailwindcss_oxide::scanner: Discovering "C:\\Users\\Lenovo\\Documents\\GitHub\\NON\\nonnaja\\app\\pages"
2026-01-08T09:19:31.644568Z  INFO get_files:scan_sources: tailwindcss_oxide::scanner: Discovering "C:\\Users\\Lenovo\\Documents\\GitHub\\NON\\nonnaja\\app\\pages\\after"
2026-01-08T09:19:31.644971Z  INFO get_files:scan_sources: tailwindcss_oxide::scanner: Discovering "C:\\Users\\Lenovo\\Documents\\GitHub\\NON\\nonnaja\\app\\pages\\alert"
2026-01-08T09:19:31.645328Z  INFO get_files:scan_sources: tailwindcss_oxide::scanner: Discovering "C:\\Users\\Lenovo\\Documents\\GitHub\\NON\\nonnaja\\app\\pages\\before"
2026-01-08T09:19:31.646230Z  INFO get_files:scan_sources: tailwindcss_oxide::scanner: Discovering "C:\\Users\\Lenovo\\Documents\\GitHub\\NON\\nonnaja\\public"
2026-01-08T09:19:31.646982Z  INFO get_files:scan_sources: tailwindcss_oxide::scanner: exit
2026-01-08T09:19:31.647124Z  INFO get_files: tailwindcss_oxide::scanner: exit
2026-01-08T09:19:31.647449Z  INFO get_globs: tailwindcss_oxide::scanner: enter
2026-01-08T09:19:31.647463Z  INFO get_globs:scan_sources: tailwindcss_oxide::scanner: enter
2026-01-08T09:19:31.649886Z  INFO get_globs:scan_sources: tailwindcss_oxide::scanner: Discovering "C:\\Users\\Lenovo\\Documents\\GitHub\\NON\\nonnaja\\app"
2026-01-08T09:19:31.650197Z  INFO get_globs:scan_sources: tailwindcss_oxide::scanner: Discovering "C:\\Users\\Lenovo\\Documents\\GitHub\\NON\\nonnaja\\app\\api"
2026-01-08T09:19:31.650503Z  INFO get_globs:scan_sources: tailwindcss_oxide::scanner: Discovering "C:\\Users\\Lenovo\\Documents\\GitHub\\NON\\nonnaja\\app\\api\\drive-image"
2026-01-08T09:19:31.650851Z  INFO get_globs:scan_sources: tailwindcss_oxide::scanner: Discovering "C:\\Users\\Lenovo\\Documents\\GitHub\\NON\\nonnaja\\app\\api\\sheets"
2026-01-08T09:19:31.651206Z  INFO get_globs:scan_sources: tailwindcss_oxide::scanner: Discovering "C:\\Users\\Lenovo\\Documents\\GitHub\\NON\\nonnaja\\app\\components"
2026-01-08T09:19:31.651736Z  INFO get_globs:scan_sources: tailwindcss_oxide::scanner: Discovering "C:\\Users\\Lenovo\\Documents\\GitHub\\NON\\nonnaja\\app\\pages"
2026-01-08T09:19:31.651987Z  INFO get_globs:scan_sources: tailwindcss_oxide::scanner: Discovering "C:\\Users\\Lenovo\\Documents\\GitHub\\NON\\nonnaja\\app\\pages\\after"
2026-01-08T09:19:31.652293Z  INFO get_globs:scan_sources: tailwindcss_oxide::scanner: Discovering "C:\\Users\\Lenovo\\Documents\\GitHub\\NON\\nonnaja\\app\\pages\\alert"
2026-01-08T09:19:31.652610Z  INFO get_globs:scan_sources: tailwindcss_oxide::scanner: Discovering "C:\\Users\\Lenovo\\Documents\\GitHub\\NON\\nonnaja\\app\\pages\\before"
2026-01-08T09:19:31.653491Z  INFO get_globs:scan_sources: tailwindcss_oxide::scanner: Discovering "C:\\Users\\Lenovo\\Documents\\GitHub\\NON\\nonnaja\\public"
2026-01-08T09:19:31.654468Z  INFO get_globs:scan_sources: tailwindcss_oxide::scanner: exit
2026-01-08T09:19:31.664082Z  INFO get_globs: tailwindcss_oxide::scanner: exit
2026-01-08T09:19:40.117845Z  INFO scan_sources: tailwindcss_oxide::scanner: enter
2026-01-08T09:19:40.122821Z  INFO scan_sources: tailwindcss_oxide::scanner: Discovering "C:\\Users\\Lenovo\\Documents\\GitHub\\NON\\nonnaja\\app"
2026-01-08T09:19:40.123196Z  INFO scan_sources: tailwindcss_oxide::scanner: Discovering "C:\\Users\\Lenovo\\Documents\\GitHub\\NON\\nonnaja\\app\\api"
2026-01-08T09:19:40.123448Z  INFO scan_sources: tailwindcss_oxide::scanner: Discovering "C:\\Users\\Lenovo\\Documents\\GitHub\\NON\\nonnaja\\app\\api\\drive-image"
2026-01-08T09:19:40.123775Z  INFO scan_sources: tailwindcss_oxide::scanner: Discovering "C:\\Users\\Lenovo\\Documents\\GitHub\\NON\\nonnaja\\app\\api\\sheets"
2026-01-08T09:19:40.124117Z  INFO scan_sources: tailwindcss_oxide::scanner: Discovering "C:\\Users\\Lenovo\\Documents\\GitHub\\NON\\nonnaja\\app\\components"
2026-01-08T09:19:40.124630Z  INFO scan_sources: tailwindcss_oxide::scanner: Discovering "C:\\Users\\Lenovo\\Documents\\GitHub\\NON\\nonnaja\\app\\pages"
2026-01-08T09:19:40.124877Z  INFO scan_sources: tailwindcss_oxide::scanner: Discovering "C:\\Users\\Lenovo\\Documents\\GitHub\\NON\\nonnaja\\app\\pages\\after"
2026-01-08T09:19:40.125249Z  INFO scan_sources: tailwindcss_oxide::scanner: Discovering "C:\\Users\\Lenovo\\Documents\\GitHub\\NON\\nonnaja\\app\\pages\\alert"
2026-01-08T09:19:40.125563Z  INFO scan_sources: tailwindcss_oxide::scanner: Discovering "C:\\Users\\Lenovo\\Documents\\GitHub\\NON\\nonnaja\\app\\pages\\before"
2026-01-08T09:19:40.126332Z  INFO scan_sources: tailwindcss_oxide::scanner: Discovering "C:\\Users\\Lenovo\\Documents\\GitHub\\NON\\nonnaja\\public"
2026-01-08T09:19:40.126824Z  INFO scan_sources: tailwindcss_oxide::scanner: Discovering "C:\\Users\\Lenovo\\Documents\\GitHub\\NON\\nonnaja\\QUICK_FIX.md"
2026-01-08T09:19:40.127104Z  INFO scan_sources: tailwindcss_oxide::scanner: exit
2026-01-08T09:19:40.127115Z  INFO extract_candidates: tailwindcss_oxide::scanner: enter
2026-01-08T09:19:40.127121Z  INFO extract_candidates:read_all_files: tailwindcss_oxide::scanner: enter
2026-01-08T09:19:40.127126Z  INFO extract_candidates:read_all_files: tailwindcss_oxide::scanner: Reading 1 file(s)
2026-01-08T09:19:40.127224Z  INFO extract_candidates:read_all_files: tailwindcss_oxide::scanner: Reading "C:\\Users\\Lenovo\\Documents\\GitHub\\NON\\nonnaja\\QUICK_FIX.md"
2026-01-08T09:19:40.127244Z  INFO extract_candidates:read_all_files: tailwindcss_oxide::scanner: exit
2026-01-08T09:19:40.127249Z  INFO extract_candidates:parse_all_blobs: tailwindcss_oxide::scanner: enter
2026-01-08T09:19:40.127253Z  INFO extract_candidates:parse_all_blobs:extract: tailwindcss_oxide::scanner: enter
2026-01-08T09:19:40.127399Z  INFO extract_candidates:parse_all_blobs:extract: tailwindcss_oxide::scanner: exit
2026-01-08T09:19:40.127419Z  INFO extract_candidates:parse_all_blobs: tailwindcss_oxide::scanner: exit
2026-01-08T09:19:40.127492Z  INFO extract_candidates: tailwindcss_oxide::scanner: exit
2026-01-08T09:19:40.127862Z  INFO get_files: tailwindcss_oxide::scanner: enter
2026-01-08T09:19:40.127872Z  INFO get_files:scan_sources: tailwindcss_oxide::scanner: enter
2026-01-08T09:19:40.130728Z  INFO get_files:scan_sources: tailwindcss_oxide::scanner: Discovering "C:\\Users\\Lenovo\\Documents\\GitHub\\NON\\nonnaja\\app"
2026-01-08T09:19:40.131041Z  INFO get_files:scan_sources: tailwindcss_oxide::scanner: Discovering "C:\\Users\\Lenovo\\Documents\\GitHub\\NON\\nonnaja\\app\\api"
2026-01-08T09:19:40.131320Z  INFO get_files:scan_sources: tailwindcss_oxide::scanner: Discovering "C:\\Users\\Lenovo\\Documents\\GitHub\\NON\\nonnaja\\app\\api\\drive-image"
2026-01-08T09:19:40.131797Z  INFO get_files:scan_sources: tailwindcss_oxide::scanner: Discovering "C:\\Users\\Lenovo\\Documents\\GitHub\\NON\\nonnaja\\app\\api\\sheets"
2026-01-08T09:19:40.132206Z  INFO get_files:scan_sources: tailwindcss_oxide::scanner: Discovering "C:\\Users\\Lenovo\\Documents\\GitHub\\NON\\nonnaja\\app\\components"
2026-01-08T09:19:40.133256Z  INFO get_files:scan_sources: tailwindcss_oxide::scanner: Discovering "C:\\Users\\Lenovo\\Documents\\GitHub\\NON\\nonnaja\\app\\pages"
2026-01-08T09:19:40.133708Z  INFO get_files:scan_sources: tailwindcss_oxide::scanner: Discovering "C:\\Users\\Lenovo\\Documents\\GitHub\\NON\\nonnaja\\app\\pages\\after"
2026-01-08T09:19:40.134273Z  INFO get_files:scan_sources: tailwindcss_oxide::scanner: Discovering "C:\\Users\\Lenovo\\Documents\\GitHub\\NON\\nonnaja\\app\\pages\\alert"
2026-01-08T09:19:40.134777Z  INFO get_files:scan_sources: tailwindcss_oxide::scanner: Discovering "C:\\Users\\Lenovo\\Documents\\GitHub\\NON\\nonnaja\\app\\pages\\before"
2026-01-08T09:19:40.135919Z  INFO get_files:scan_sources: tailwindcss_oxide::scanner: Discovering "C:\\Users\\Lenovo\\Documents\\GitHub\\NON\\nonnaja\\public"
2026-01-08T09:19:40.137145Z  INFO get_files:scan_sources: tailwindcss_oxide::scanner: exit
2026-01-08T09:19:40.137499Z  INFO get_files: tailwindcss_oxide::scanner: exit
2026-01-08T09:19:40.138171Z  INFO get_globs: tailwindcss_oxide::scanner: enter
2026-01-08T09:19:40.138188Z  INFO get_globs: tailwindcss_oxide::scanner: exit
2026-01-08T09:19:41.831213Z  INFO scan_sources: tailwindcss_oxide::scanner: enter
2026-01-08T09:19:41.834029Z  INFO scan_sources: tailwindcss_oxide::scanner: Discovering "C:\\Users\\Lenovo\\Documents\\GitHub\\NON\\nonnaja\\app"
2026-01-08T09:19:41.834324Z  INFO scan_sources: tailwindcss_oxide::scanner: Discovering "C:\\Users\\Lenovo\\Documents\\GitHub\\NON\\nonnaja\\app\\api"
2026-01-08T09:19:41.834584Z  INFO scan_sources: tailwindcss_oxide::scanner: Discovering "C:\\Users\\Lenovo\\Documents\\GitHub\\NON\\nonnaja\\app\\api\\drive-image"
2026-01-08T09:19:41.834905Z  INFO scan_sources: tailwindcss_oxide::scanner: Discovering "C:\\Users\\Lenovo\\Documents\\GitHub\\NON\\nonnaja\\app\\api\\sheets"
2026-01-08T09:19:41.835251Z  INFO scan_sources: tailwindcss_oxide::scanner: Discovering "C:\\Users\\Lenovo\\Documents\\GitHub\\NON\\nonnaja\\app\\components"
2026-01-08T09:19:41.835779Z  INFO scan_sources: tailwindcss_oxide::scanner: Discovering "C:\\Users\\Lenovo\\Documents\\GitHub\\NON\\nonnaja\\app\\pages"
2026-01-08T09:19:41.836043Z  INFO scan_sources: tailwindcss_oxide::scanner: Discovering "C:\\Users\\Lenovo\\Documents\\GitHub\\NON\\nonnaja\\app\\pages\\after"
2026-01-08T09:19:41.836459Z  INFO scan_sources: tailwindcss_oxide::scanner: Discovering "C:\\Users\\Lenovo\\Documents\\GitHub\\NON\\nonnaja\\app\\pages\\alert"
2026-01-08T09:19:41.836902Z  INFO scan_sources: tailwindcss_oxide::scanner: Discovering "C:\\Users\\Lenovo\\Documents\\GitHub\\NON\\nonnaja\\app\\pages\\before"
2026-01-08T09:19:41.837792Z  INFO scan_sources: tailwindcss_oxide::scanner: Discovering "C:\\Users\\Lenovo\\Documents\\GitHub\\NON\\nonnaja\\public"
2026-01-08T09:19:41.838585Z  INFO scan_sources: tailwindcss_oxide::scanner: exit
2026-01-08T09:19:41.838598Z  INFO extract_candidates: tailwindcss_oxide::scanner: enter
2026-01-08T09:19:41.838604Z  INFO extract_candidates:read_all_files: tailwindcss_oxide::scanner: enter
2026-01-08T09:19:41.838609Z  INFO extract_candidates:read_all_files: tailwindcss_oxide::scanner: Reading 0 file(s)
2026-01-08T09:19:41.838615Z  INFO extract_candidates:read_all_files: tailwindcss_oxide::scanner: exit
2026-01-08T09:19:41.838619Z  INFO extract_candidates:parse_all_blobs: tailwindcss_oxide::scanner: enter
2026-01-08T09:19:41.838623Z  INFO extract_candidates:parse_all_blobs:extract: tailwindcss_oxide::scanner: enter
2026-01-08T09:19:41.838628Z  INFO extract_candidates:parse_all_blobs:extract: tailwindcss_oxide::scanner: exit
2026-01-08T09:19:41.838632Z  INFO extract_candidates:parse_all_blobs: tailwindcss_oxide::scanner: exit
2026-01-08T09:19:41.838638Z  INFO extract_candidates: tailwindcss_oxide::scanner: exit
2026-01-08T09:19:41.839104Z  INFO get_files: tailwindcss_oxide::scanner: enter
2026-01-08T09:19:41.839113Z  INFO get_files:scan_sources: tailwindcss_oxide::scanner: enter
2026-01-08T09:19:41.841147Z  INFO get_files:scan_sources: tailwindcss_oxide::scanner: Discovering "C:\\Users\\Lenovo\\Documents\\GitHub\\NON\\nonnaja\\app"
2026-01-08T09:19:41.841390Z  INFO get_files:scan_sources: tailwindcss_oxide::scanner: Discovering "C:\\Users\\Lenovo\\Documents\\GitHub\\NON\\nonnaja\\app\\api"
2026-01-08T09:19:41.841650Z  INFO get_files:scan_sources: tailwindcss_oxide::scanner: Discovering "C:\\Users\\Lenovo\\Documents\\GitHub\\NON\\nonnaja\\app\\api\\drive-image"
2026-01-08T09:19:41.841972Z  INFO get_files:scan_sources: tailwindcss_oxide::scanner: Discovering "C:\\Users\\Lenovo\\Documents\\GitHub\\NON\\nonnaja\\app\\api\\sheets"
2026-01-08T09:19:41.842306Z  INFO get_files:scan_sources: tailwindcss_oxide::scanner: Discovering "C:\\Users\\Lenovo\\Documents\\GitHub\\NON\\nonnaja\\app\\components"
2026-01-08T09:19:41.842800Z  INFO get_files:scan_sources: tailwindcss_oxide::scanner: Discovering "C:\\Users\\Lenovo\\Documents\\GitHub\\NON\\nonnaja\\app\\pages"
2026-01-08T09:19:41.843037Z  INFO get_files:scan_sources: tailwindcss_oxide::scanner: Discovering "C:\\Users\\Lenovo\\Documents\\GitHub\\NON\\nonnaja\\app\\pages\\after"
2026-01-08T09:19:41.843344Z  INFO get_files:scan_sources: tailwindcss_oxide::scanner: Discovering "C:\\Users\\Lenovo\\Documents\\GitHub\\NON\\nonnaja\\app\\pages\\alert"
2026-01-08T09:19:41.843731Z  INFO get_files:scan_sources: tailwindcss_oxide::scanner: Discovering "C:\\Users\\Lenovo\\Documents\\GitHub\\NON\\nonnaja\\app\\pages\\before"
2026-01-08T09:19:41.844839Z  INFO get_files:scan_sources: tailwindcss_oxide::scanner: Discovering "C:\\Users\\Lenovo\\Documents\\GitHub\\NON\\nonnaja\\public"
2026-01-08T09:19:41.845908Z  INFO get_files:scan_sources: tailwindcss_oxide::scanner: exit
2026-01-08T09:19:41.846032Z  INFO get_files: tailwindcss_oxide::scanner: exit
2026-01-08T09:19:41.846273Z  INFO get_globs: tailwindcss_oxide::scanner: enter
2026-01-08T09:19:41.846288Z  INFO get_globs: tailwindcss_oxide::scanner: exit
2026-01-08T09:22:08.385904Z  INFO scan_sources: tailwindcss_oxide::scanner: enter
2026-01-08T09:22:08.387892Z  INFO scan_sources: tailwindcss_oxide::scanner: Discovering "C:\\Users\\Lenovo\\Documents\\GitHub\\NON\\nonnaja\\app"
2026-01-08T09:22:08.388159Z  INFO scan_sources: tailwindcss_oxide::scanner: Discovering "C:\\Users\\Lenovo\\Documents\\GitHub\\NON\\nonnaja\\app\\api"
2026-01-08T09:22:08.388408Z  INFO scan_sources: tailwindcss_oxide::scanner: Discovering "C:\\Users\\Lenovo\\Documents\\GitHub\\NON\\nonnaja\\app\\api\\drive-image"
2026-01-08T09:22:08.388765Z  INFO scan_sources: tailwindcss_oxide::scanner: Discovering "C:\\Users\\Lenovo\\Documents\\GitHub\\NON\\nonnaja\\app\\api\\sheets"
2026-01-08T09:22:08.389060Z  INFO scan_sources: tailwindcss_oxide::scanner: Discovering "C:\\Users\\Lenovo\\Documents\\GitHub\\NON\\nonnaja\\app\\api\\sheets\\update"
2026-01-08T09:22:08.389246Z  INFO scan_sources: tailwindcss_oxide::scanner: Discovering "C:\\Users\\Lenovo\\Documents\\GitHub\\NON\\nonnaja\\app\\api\\sheets\\update\\route.ts"
2026-01-08T09:22:08.389459Z  INFO scan_sources: tailwindcss_oxide::scanner: Discovering "C:\\Users\\Lenovo\\Documents\\GitHub\\NON\\nonnaja\\app\\components"
2026-01-08T09:22:08.389962Z  INFO scan_sources: tailwindcss_oxide::scanner: Discovering "C:\\Users\\Lenovo\\Documents\\GitHub\\NON\\nonnaja\\app\\pages"
2026-01-08T09:22:08.390269Z  INFO scan_sources: tailwindcss_oxide::scanner: Discovering "C:\\Users\\Lenovo\\Documents\\GitHub\\NON\\nonnaja\\app\\pages\\after"
2026-01-08T09:22:08.390600Z  INFO scan_sources: tailwindcss_oxide::scanner: Discovering "C:\\Users\\Lenovo\\Documents\\GitHub\\NON\\nonnaja\\app\\pages\\alert"
2026-01-08T09:22:08.390913Z  INFO scan_sources: tailwindcss_oxide::scanner: Discovering "C:\\Users\\Lenovo\\Documents\\GitHub\\NON\\nonnaja\\app\\pages\\before"
2026-01-08T09:22:08.391644Z  INFO scan_sources: tailwindcss_oxide::scanner: Discovering "C:\\Users\\Lenovo\\Documents\\GitHub\\NON\\nonnaja\\public"
2026-01-08T09:22:08.392325Z  INFO scan_sources: tailwindcss_oxide::scanner: exit
2026-01-08T09:22:08.392340Z  INFO extract_candidates: tailwindcss_oxide::scanner: enter
2026-01-08T09:22:08.392347Z  INFO extract_candidates:read_all_files: tailwindcss_oxide::scanner: enter
2026-01-08T09:22:08.392351Z  INFO extract_candidates:read_all_files: tailwindcss_oxide::scanner: Reading 1 file(s)
2026-01-08T09:22:08.392414Z  INFO extract_candidates:read_all_files: tailwindcss_oxide::scanner: Reading "C:\\Users\\Lenovo\\Documents\\GitHub\\NON\\nonnaja\\app\\api\\sheets\\update\\route.ts"
2026-01-08T09:22:08.392426Z  INFO extract_candidates:read_all_files: tailwindcss_oxide::scanner: exit
2026-01-08T09:22:08.392430Z  INFO extract_candidates:parse_all_blobs: tailwindcss_oxide::scanner: enter
2026-01-08T09:22:08.392434Z  INFO extract_candidates:parse_all_blobs:extract: tailwindcss_oxide::scanner: enter
2026-01-08T09:22:08.392440Z  INFO extract_candidates:parse_all_blobs:extract: tailwindcss_oxide::scanner: exit
2026-01-08T09:22:08.392444Z  INFO extract_candidates:parse_all_blobs: tailwindcss_oxide::scanner: exit
2026-01-08T09:22:08.392449Z  INFO extract_candidates: tailwindcss_oxide::scanner: exit
2026-01-08T09:22:08.392740Z  INFO get_files: tailwindcss_oxide::scanner: enter
2026-01-08T09:22:08.392748Z  INFO get_files:scan_sources: tailwindcss_oxide::scanner: enter
2026-01-08T09:22:08.394441Z  INFO get_files:scan_sources: tailwindcss_oxide::scanner: Discovering "C:\\Users\\Lenovo\\Documents\\GitHub\\NON\\nonnaja\\app"
2026-01-08T09:22:08.394766Z  INFO get_files:scan_sources: tailwindcss_oxide::scanner: Discovering "C:\\Users\\Lenovo\\Documents\\GitHub\\NON\\nonnaja\\app\\api"
2026-01-08T09:22:08.395021Z  INFO get_files:scan_sources: tailwindcss_oxide::scanner: Discovering "C:\\Users\\Lenovo\\Documents\\GitHub\\NON\\nonnaja\\app\\api\\drive-image"
2026-01-08T09:22:08.395359Z  INFO get_files:scan_sources: tailwindcss_oxide::scanner: Discovering "C:\\Users\\Lenovo\\Documents\\GitHub\\NON\\nonnaja\\app\\api\\sheets"
2026-01-08T09:22:08.395652Z  INFO get_files:scan_sources: tailwindcss_oxide::scanner: Discovering "C:\\Users\\Lenovo\\Documents\\GitHub\\NON\\nonnaja\\app\\api\\sheets\\update"
2026-01-08T09:22:08.396033Z  INFO get_files:scan_sources: tailwindcss_oxide::scanner: Discovering "C:\\Users\\Lenovo\\Documents\\GitHub\\NON\\nonnaja\\app\\components"
2026-01-08T09:22:08.396564Z  INFO get_files:scan_sources: tailwindcss_oxide::scanner: Discovering "C:\\Users\\Lenovo\\Documents\\GitHub\\NON\\nonnaja\\app\\pages"
2026-01-08T09:22:08.396863Z  INFO get_files:scan_sources: tailwindcss_oxide::scanner: Discovering "C:\\Users\\Lenovo\\Documents\\GitHub\\NON\\nonnaja\\app\\pages\\after"
2026-01-08T09:22:08.397327Z  INFO get_files:scan_sources: tailwindcss_oxide::scanner: Discovering "C:\\Users\\Lenovo\\Documents\\GitHub\\NON\\nonnaja\\app\\pages\\alert"
2026-01-08T09:22:08.397909Z  INFO get_files:scan_sources: tailwindcss_oxide::scanner: Discovering "C:\\Users\\Lenovo\\Documents\\GitHub\\NON\\nonnaja\\app\\pages\\before"
2026-01-08T09:22:08.399144Z  INFO get_files:scan_sources: tailwindcss_oxide::scanner: Discovering "C:\\Users\\Lenovo\\Documents\\GitHub\\NON\\nonnaja\\public"
2026-01-08T09:22:08.400379Z  INFO get_files:scan_sources: tailwindcss_oxide::scanner: exit
2026-01-08T09:22:08.400593Z  INFO get_files: tailwindcss_oxide::scanner: exit
2026-01-08T09:22:08.401006Z  INFO get_globs: tailwindcss_oxide::scanner: enter
2026-01-08T09:22:08.401021Z  INFO get_globs: tailwindcss_oxide::scanner: exit
2026-01-08T09:22:08.574136Z  INFO scan_sources: tailwindcss_oxide::scanner: enter
2026-01-08T09:22:08.577146Z  INFO scan_sources: tailwindcss_oxide::scanner: Discovering "C:\\Users\\Lenovo\\Documents\\GitHub\\NON\\nonnaja\\app"
2026-01-08T09:22:08.577531Z  INFO scan_sources: tailwindcss_oxide::scanner: Discovering "C:\\Users\\Lenovo\\Documents\\GitHub\\NON\\nonnaja\\app\\api"
2026-01-08T09:22:08.577922Z  INFO scan_sources: tailwindcss_oxide::scanner: Discovering "C:\\Users\\Lenovo\\Documents\\GitHub\\NON\\nonnaja\\app\\api\\drive-image"
2026-01-08T09:22:08.578425Z  INFO scan_sources: tailwindcss_oxide::scanner: Discovering "C:\\Users\\Lenovo\\Documents\\GitHub\\NON\\nonnaja\\app\\api\\sheets"
2026-01-08T09:22:08.578850Z  INFO scan_sources: tailwindcss_oxide::scanner: Discovering "C:\\Users\\Lenovo\\Documents\\GitHub\\NON\\nonnaja\\app\\api\\sheets\\update"
2026-01-08T09:22:08.579131Z  INFO scan_sources: tailwindcss_oxide::scanner: Discovering "C:\\Users\\Lenovo\\Documents\\GitHub\\NON\\nonnaja\\app\\api\\sheets\\update\\route.ts"
2026-01-08T09:22:08.579528Z  INFO scan_sources: tailwindcss_oxide::scanner: Discovering "C:\\Users\\Lenovo\\Documents\\GitHub\\NON\\nonnaja\\app\\components"
2026-01-08T09:22:08.580518Z  INFO scan_sources: tailwindcss_oxide::scanner: Discovering "C:\\Users\\Lenovo\\Documents\\GitHub\\NON\\nonnaja\\app\\pages"
2026-01-08T09:22:08.580794Z  INFO scan_sources: tailwindcss_oxide::scanner: Discovering "C:\\Users\\Lenovo\\Documents\\GitHub\\NON\\nonnaja\\app\\pages\\after"
2026-01-08T09:22:08.581201Z  INFO scan_sources: tailwindcss_oxide::scanner: Discovering "C:\\Users\\Lenovo\\Documents\\GitHub\\NON\\nonnaja\\app\\pages\\alert"
2026-01-08T09:22:08.581638Z  INFO scan_sources: tailwindcss_oxide::scanner: Discovering "C:\\Users\\Lenovo\\Documents\\GitHub\\NON\\nonnaja\\app\\pages\\before"
2026-01-08T09:22:08.582774Z  INFO scan_sources: tailwindcss_oxide::scanner: Discovering "C:\\Users\\Lenovo\\Documents\\GitHub\\NON\\nonnaja\\public"
2026-01-08T09:22:08.583519Z  INFO scan_sources: tailwindcss_oxide::scanner: exit
2026-01-08T09:22:08.583540Z  INFO extract_candidates: tailwindcss_oxide::scanner: enter
2026-01-08T09:22:08.583550Z  INFO extract_candidates:read_all_files: tailwindcss_oxide::scanner: enter
2026-01-08T09:22:08.583555Z  INFO extract_candidates:read_all_files: tailwindcss_oxide::scanner: Reading 1 file(s)
2026-01-08T09:22:08.583672Z  INFO extract_candidates:read_all_files: tailwindcss_oxide::scanner: Reading "C:\\Users\\Lenovo\\Documents\\GitHub\\NON\\nonnaja\\app\\api\\sheets\\update\\route.ts"
2026-01-08T09:22:08.583688Z  INFO extract_candidates:read_all_files: tailwindcss_oxide::scanner: exit
2026-01-08T09:22:08.583694Z  INFO extract_candidates:parse_all_blobs: tailwindcss_oxide::scanner: enter
2026-01-08T09:22:08.583698Z  INFO extract_candidates:parse_all_blobs:extract: tailwindcss_oxide::scanner: enter
2026-01-08T09:22:08.583953Z  INFO extract_candidates:parse_all_blobs:extract: tailwindcss_oxide::scanner: exit
2026-01-08T09:22:08.583977Z  INFO extract_candidates:parse_all_blobs: tailwindcss_oxide::scanner: exit
2026-01-08T09:22:08.584089Z  INFO extract_candidates: tailwindcss_oxide::scanner: exit
2026-01-08T09:22:08.584865Z  INFO get_files: tailwindcss_oxide::scanner: enter
2026-01-08T09:22:08.584900Z  INFO get_files:scan_sources: tailwindcss_oxide::scanner: enter
2026-01-08T09:22:08.588534Z  INFO get_files:scan_sources: tailwindcss_oxide::scanner: Discovering "C:\\Users\\Lenovo\\Documents\\GitHub\\NON\\nonnaja\\app"
2026-01-08T09:22:08.588824Z  INFO get_files:scan_sources: tailwindcss_oxide::scanner: Discovering "C:\\Users\\Lenovo\\Documents\\GitHub\\NON\\nonnaja\\app\\api"
2026-01-08T09:22:08.589096Z  INFO get_files:scan_sources: tailwindcss_oxide::scanner: Discovering "C:\\Users\\Lenovo\\Documents\\GitHub\\NON\\nonnaja\\app\\api\\drive-image"
2026-01-08T09:22:08.589457Z  INFO get_files:scan_sources: tailwindcss_oxide::scanner: Discovering "C:\\Users\\Lenovo\\Documents\\GitHub\\NON\\nonnaja\\app\\api\\sheets"
2026-01-08T09:22:08.589956Z  INFO get_files:scan_sources: tailwindcss_oxide::scanner: Discovering "C:\\Users\\Lenovo\\Documents\\GitHub\\NON\\nonnaja\\app\\api\\sheets\\update"
2026-01-08T09:22:08.590608Z  INFO get_files:scan_sources: tailwindcss_oxide::scanner: Discovering "C:\\Users\\Lenovo\\Documents\\GitHub\\NON\\nonnaja\\app\\components"
2026-01-08T09:22:08.591230Z  INFO get_files:scan_sources: tailwindcss_oxide::scanner: Discovering "C:\\Users\\Lenovo\\Documents\\GitHub\\NON\\nonnaja\\app\\pages"
2026-01-08T09:22:08.591516Z  INFO get_files:scan_sources: tailwindcss_oxide::scanner: Discovering "C:\\Users\\Lenovo\\Documents\\GitHub\\NON\\nonnaja\\app\\pages\\after"
2026-01-08T09:22:08.592091Z  INFO get_files:scan_sources: tailwindcss_oxide::scanner: Discovering "C:\\Users\\Lenovo\\Documents\\GitHub\\NON\\nonnaja\\app\\pages\\alert"
2026-01-08T09:22:08.592504Z  INFO get_files:scan_sources: tailwindcss_oxide::scanner: Discovering "C:\\Users\\Lenovo\\Documents\\GitHub\\NON\\nonnaja\\app\\pages\\before"
2026-01-08T09:22:08.593990Z  INFO get_files:scan_sources: tailwindcss_oxide::scanner: Discovering "C:\\Users\\Lenovo\\Documents\\GitHub\\NON\\nonnaja\\public"
2026-01-08T09:22:08.594724Z  INFO get_files:scan_sources: tailwindcss_oxide::scanner: exit
2026-01-08T09:22:08.594836Z  INFO get_files: tailwindcss_oxide::scanner: exit
2026-01-08T09:22:08.594977Z  INFO get_globs: tailwindcss_oxide::scanner: enter
2026-01-08T09:22:08.594987Z  INFO get_globs: tailwindcss_oxide::scanner: exit
2026-01-08T09:22:16.549791Z  INFO scan_sources: tailwindcss_oxide::scanner: enter
2026-01-08T09:22:16.551909Z  INFO scan_sources: tailwindcss_oxide::scanner: Discovering "C:\\Users\\Lenovo\\Documents\\GitHub\\NON\\nonnaja\\app"
2026-01-08T09:22:16.552178Z  INFO scan_sources: tailwindcss_oxide::scanner: Discovering "C:\\Users\\Lenovo\\Documents\\GitHub\\NON\\nonnaja\\app\\api"
2026-01-08T09:22:16.552431Z  INFO scan_sources: tailwindcss_oxide::scanner: Discovering "C:\\Users\\Lenovo\\Documents\\GitHub\\NON\\nonnaja\\app\\api\\drive-image"
2026-01-08T09:22:16.552775Z  INFO scan_sources: tailwindcss_oxide::scanner: Discovering "C:\\Users\\Lenovo\\Documents\\GitHub\\NON\\nonnaja\\app\\api\\sheets"
2026-01-08T09:22:16.553111Z  INFO scan_sources: tailwindcss_oxide::scanner: Discovering "C:\\Users\\Lenovo\\Documents\\GitHub\\NON\\nonnaja\\app\\api\\sheets\\delete"
2026-01-08T09:22:16.553333Z  INFO scan_sources: tailwindcss_oxide::scanner: Discovering "C:\\Users\\Lenovo\\Documents\\GitHub\\NON\\nonnaja\\app\\api\\sheets\\delete\\route.ts"
2026-01-08T09:22:16.553661Z  INFO scan_sources: tailwindcss_oxide::scanner: Discovering "C:\\Users\\Lenovo\\Documents\\GitHub\\NON\\nonnaja\\app\\api\\sheets\\update"
2026-01-08T09:22:16.554166Z  INFO scan_sources: tailwindcss_oxide::scanner: Discovering "C:\\Users\\Lenovo\\Documents\\GitHub\\NON\\nonnaja\\app\\components"
2026-01-08T09:22:16.554819Z  INFO scan_sources: tailwindcss_oxide::scanner: Discovering "C:\\Users\\Lenovo\\Documents\\GitHub\\NON\\nonnaja\\app\\pages"
2026-01-08T09:22:16.555070Z  INFO scan_sources: tailwindcss_oxide::scanner: Discovering "C:\\Users\\Lenovo\\Documents\\GitHub\\NON\\nonnaja\\app\\pages\\after"
2026-01-08T09:22:16.555389Z  INFO scan_sources: tailwindcss_oxide::scanner: Discovering "C:\\Users\\Lenovo\\Documents\\GitHub\\NON\\nonnaja\\app\\pages\\alert"
2026-01-08T09:22:16.555757Z  INFO scan_sources: tailwindcss_oxide::scanner: Discovering "C:\\Users\\Lenovo\\Documents\\GitHub\\NON\\nonnaja\\app\\pages\\before"
2026-01-08T09:22:16.556697Z  INFO scan_sources: tailwindcss_oxide::scanner: Discovering "C:\\Users\\Lenovo\\Documents\\GitHub\\NON\\nonnaja\\public"
2026-01-08T09:22:16.557487Z  INFO scan_sources: tailwindcss_oxide::scanner: exit
2026-01-08T09:22:16.557501Z  INFO extract_candidates: tailwindcss_oxide::scanner: enter
2026-01-08T09:22:16.557507Z  INFO extract_candidates:read_all_files: tailwindcss_oxide::scanner: enter
2026-01-08T09:22:16.557511Z  INFO extract_candidates:read_all_files: tailwindcss_oxide::scanner: Reading 1 file(s)
2026-01-08T09:22:16.557584Z  INFO extract_candidates:read_all_files: tailwindcss_oxide::scanner: Reading "C:\\Users\\Lenovo\\Documents\\GitHub\\NON\\nonnaja\\app\\api\\sheets\\delete\\route.ts"
2026-01-08T09:22:16.557596Z  INFO extract_candidates:read_all_files: tailwindcss_oxide::scanner: exit
2026-01-08T09:22:16.557601Z  INFO extract_candidates:parse_all_blobs: tailwindcss_oxide::scanner: enter
2026-01-08T09:22:16.557606Z  INFO extract_candidates:parse_all_blobs:extract: tailwindcss_oxide::scanner: enter
2026-01-08T09:22:16.557612Z  INFO extract_candidates:parse_all_blobs:extract: tailwindcss_oxide::scanner: exit
2026-01-08T09:22:16.557616Z  INFO extract_candidates:parse_all_blobs: tailwindcss_oxide::scanner: exit
2026-01-08T09:22:16.557622Z  INFO extract_candidates: tailwindcss_oxide::scanner: exit
2026-01-08T09:22:16.557968Z  INFO get_files: tailwindcss_oxide::scanner: enter
2026-01-08T09:22:16.557978Z  INFO get_files:scan_sources: tailwindcss_oxide::scanner: enter
2026-01-08T09:22:16.560491Z  INFO get_files:scan_sources: tailwindcss_oxide::scanner: Discovering "C:\\Users\\Lenovo\\Documents\\GitHub\\NON\\nonnaja\\app"
2026-01-08T09:22:16.560853Z  INFO get_files:scan_sources: tailwindcss_oxide::scanner: Discovering "C:\\Users\\Lenovo\\Documents\\GitHub\\NON\\nonnaja\\app\\api"
2026-01-08T09:22:16.561120Z  INFO get_files:scan_sources: tailwindcss_oxide::scanner: Discovering "C:\\Users\\Lenovo\\Documents\\GitHub\\NON\\nonnaja\\app\\api\\drive-image"
2026-01-08T09:22:16.561474Z  INFO get_files:scan_sources: tailwindcss_oxide::scanner: Discovering "C:\\Users\\Lenovo\\Documents\\GitHub\\NON\\nonnaja\\app\\api\\sheets"
2026-01-08T09:22:16.561735Z  INFO get_files:scan_sources: tailwindcss_oxide::scanner: Discovering "C:\\Users\\Lenovo\\Documents\\GitHub\\NON\\nonnaja\\app\\api\\sheets\\delete"
2026-01-08T09:22:16.562189Z  INFO get_files:scan_sources: tailwindcss_oxide::scanner: Discovering "C:\\Users\\Lenovo\\Documents\\GitHub\\NON\\nonnaja\\app\\api\\sheets\\update"
2026-01-08T09:22:16.562597Z  INFO get_files:scan_sources: tailwindcss_oxide::scanner: Discovering "C:\\Users\\Lenovo\\Documents\\GitHub\\NON\\nonnaja\\app\\components"
2026-01-08T09:22:16.563378Z  INFO get_files:scan_sources: tailwindcss_oxide::scanner: Discovering "C:\\Users\\Lenovo\\Documents\\GitHub\\NON\\nonnaja\\app\\pages"
2026-01-08T09:22:16.563796Z  INFO get_files:scan_sources: tailwindcss_oxide::scanner: Discovering "C:\\Users\\Lenovo\\Documents\\GitHub\\NON\\nonnaja\\app\\pages\\after"
2026-01-08T09:22:16.564273Z  INFO get_files:scan_sources: tailwindcss_oxide::scanner: Discovering "C:\\Users\\Lenovo\\Documents\\GitHub\\NON\\nonnaja\\app\\pages\\alert"
2026-01-08T09:22:16.564734Z  INFO get_files:scan_sources: tailwindcss_oxide::scanner: Discovering "C:\\Users\\Lenovo\\Documents\\GitHub\\NON\\nonnaja\\app\\pages\\before"
2026-01-08T09:22:16.565977Z  INFO get_files:scan_sources: tailwindcss_oxide::scanner: Discovering "C:\\Users\\Lenovo\\Documents\\GitHub\\NON\\nonnaja\\public"
2026-01-08T09:22:16.567183Z  INFO get_files:scan_sources: tailwindcss_oxide::scanner: exit
2026-01-08T09:22:16.570218Z  INFO get_files: tailwindcss_oxide::scanner: exit
2026-01-08T09:22:16.570440Z  INFO get_globs: tailwindcss_oxide::scanner: enter
2026-01-08T09:22:16.570456Z  INFO get_globs: tailwindcss_oxide::scanner: exit
2026-01-08T09:22:16.861450Z  INFO scan_sources: tailwindcss_oxide::scanner: enter
2026-01-08T09:22:16.865377Z  INFO scan_sources: tailwindcss_oxide::scanner: Discovering "C:\\Users\\Lenovo\\Documents\\GitHub\\NON\\nonnaja\\app"
2026-01-08T09:22:16.865773Z  INFO scan_sources: tailwindcss_oxide::scanner: Discovering "C:\\Users\\Lenovo\\Documents\\GitHub\\NON\\nonnaja\\app\\api"
2026-01-08T09:22:16.866113Z  INFO scan_sources: tailwindcss_oxide::scanner: Discovering "C:\\Users\\Lenovo\\Documents\\GitHub\\NON\\nonnaja\\app\\api\\drive-image"
2026-01-08T09:22:16.866602Z  INFO scan_sources: tailwindcss_oxide::scanner: Discovering "C:\\Users\\Lenovo\\Documents\\GitHub\\NON\\nonnaja\\app\\api\\sheets"
2026-01-08T09:22:16.867225Z  INFO scan_sources: tailwindcss_oxide::scanner: Discovering "C:\\Users\\Lenovo\\Documents\\GitHub\\NON\\nonnaja\\app\\api\\sheets\\delete"
2026-01-08T09:22:16.867561Z  INFO scan_sources: tailwindcss_oxide::scanner: Discovering "C:\\Users\\Lenovo\\Documents\\GitHub\\NON\\nonnaja\\app\\api\\sheets\\delete\\route.ts"
2026-01-08T09:22:16.867858Z  INFO scan_sources: tailwindcss_oxide::scanner: Discovering "C:\\Users\\Lenovo\\Documents\\GitHub\\NON\\nonnaja\\app\\api\\sheets\\update"
2026-01-08T09:22:16.868392Z  INFO scan_sources: tailwindcss_oxide::scanner: Discovering "C:\\Users\\Lenovo\\Documents\\GitHub\\NON\\nonnaja\\app\\components"
2026-01-08T09:22:16.869114Z  INFO scan_sources: tailwindcss_oxide::scanner: Discovering "C:\\Users\\Lenovo\\Documents\\GitHub\\NON\\nonnaja\\app\\pages"
2026-01-08T09:22:16.869572Z  INFO scan_sources: tailwindcss_oxide::scanner: Discovering "C:\\Users\\Lenovo\\Documents\\GitHub\\NON\\nonnaja\\app\\pages\\after"
2026-01-08T09:22:16.869973Z  INFO scan_sources: tailwindcss_oxide::scanner: Discovering "C:\\Users\\Lenovo\\Documents\\GitHub\\NON\\nonnaja\\app\\pages\\alert"
2026-01-08T09:22:16.870391Z  INFO scan_sources: tailwindcss_oxide::scanner: Discovering "C:\\Users\\Lenovo\\Documents\\GitHub\\NON\\nonnaja\\app\\pages\\before"
2026-01-08T09:22:16.871308Z  INFO scan_sources: tailwindcss_oxide::scanner: Discovering "C:\\Users\\Lenovo\\Documents\\GitHub\\NON\\nonnaja\\public"
2026-01-08T09:22:16.872239Z  INFO scan_sources: tailwindcss_oxide::scanner: exit
2026-01-08T09:22:16.872264Z  INFO extract_candidates: tailwindcss_oxide::scanner: enter
2026-01-08T09:22:16.872275Z  INFO extract_candidates:read_all_files: tailwindcss_oxide::scanner: enter
2026-01-08T09:22:16.872280Z  INFO extract_candidates:read_all_files: tailwindcss_oxide::scanner: Reading 1 file(s)
2026-01-08T09:22:16.872429Z  INFO extract_candidates:read_all_files: tailwindcss_oxide::scanner: Reading "C:\\Users\\Lenovo\\Documents\\GitHub\\NON\\nonnaja\\app\\api\\sheets\\delete\\route.ts"
2026-01-08T09:22:16.872447Z  INFO extract_candidates:read_all_files: tailwindcss_oxide::scanner: exit
2026-01-08T09:22:16.872453Z  INFO extract_candidates:parse_all_blobs: tailwindcss_oxide::scanner: enter
2026-01-08T09:22:16.872473Z  INFO extract_candidates:parse_all_blobs:extract: tailwindcss_oxide::scanner: enter
2026-01-08T09:22:16.872681Z  INFO extract_candidates:parse_all_blobs:extract: tailwindcss_oxide::scanner: exit
2026-01-08T09:22:16.872704Z  INFO extract_candidates:parse_all_blobs: tailwindcss_oxide::scanner: exit
2026-01-08T09:22:16.872774Z  INFO extract_candidates: tailwindcss_oxide::scanner: exit
2026-01-08T09:22:16.873430Z  INFO get_files: tailwindcss_oxide::scanner: enter
2026-01-08T09:22:16.873442Z  INFO get_files:scan_sources: tailwindcss_oxide::scanner: enter
2026-01-08T09:22:16.876368Z  INFO get_files:scan_sources: tailwindcss_oxide::scanner: Discovering "C:\\Users\\Lenovo\\Documents\\GitHub\\NON\\nonnaja\\app"
2026-01-08T09:22:16.876692Z  INFO get_files:scan_sources: tailwindcss_oxide::scanner: Discovering "C:\\Users\\Lenovo\\Documents\\GitHub\\NON\\nonnaja\\app\\api"
2026-01-08T09:22:16.877253Z  INFO get_files:scan_sources: tailwindcss_oxide::scanner: Discovering "C:\\Users\\Lenovo\\Documents\\GitHub\\NON\\nonnaja\\app\\api\\drive-image"
2026-01-08T09:22:16.877699Z  INFO get_files:scan_sources: tailwindcss_oxide::scanner: Discovering "C:\\Users\\Lenovo\\Documents\\GitHub\\NON\\nonnaja\\app\\api\\sheets"
2026-01-08T09:22:16.877993Z  INFO get_files:scan_sources: tailwindcss_oxide::scanner: Discovering "C:\\Users\\Lenovo\\Documents\\GitHub\\NON\\nonnaja\\app\\api\\sheets\\delete"
2026-01-08T09:22:16.878436Z  INFO get_files:scan_sources: tailwindcss_oxide::scanner: Discovering "C:\\Users\\Lenovo\\Documents\\GitHub\\NON\\nonnaja\\app\\api\\sheets\\update"
2026-01-08T09:22:16.878891Z  INFO get_files:scan_sources: tailwindcss_oxide::scanner: Discovering "C:\\Users\\Lenovo\\Documents\\GitHub\\NON\\nonnaja\\app\\components"
2026-01-08T09:22:16.879438Z  INFO get_files:scan_sources: tailwindcss_oxide::scanner: Discovering "C:\\Users\\Lenovo\\Documents\\GitHub\\NON\\nonnaja\\app\\pages"
2026-01-08T09:22:16.879695Z  INFO get_files:scan_sources: tailwindcss_oxide::scanner: Discovering "C:\\Users\\Lenovo\\Documents\\GitHub\\NON\\nonnaja\\app\\pages\\after"
2026-01-08T09:22:16.880022Z  INFO get_files:scan_sources: tailwindcss_oxide::scanner: Discovering "C:\\Users\\Lenovo\\Documents\\GitHub\\NON\\nonnaja\\app\\pages\\alert"
2026-01-08T09:22:16.880392Z  INFO get_files:scan_sources: tailwindcss_oxide::scanner: Discovering "C:\\Users\\Lenovo\\Documents\\GitHub\\NON\\nonnaja\\app\\pages\\before"
2026-01-08T09:22:16.881628Z  INFO get_files:scan_sources: tailwindcss_oxide::scanner: Discovering "C:\\Users\\Lenovo\\Documents\\GitHub\\NON\\nonnaja\\public"
2026-01-08T09:22:16.882524Z  INFO get_files:scan_sources: tailwindcss_oxide::scanner: exit
2026-01-08T09:22:16.882769Z  INFO get_files: tailwindcss_oxide::scanner: exit
2026-01-08T09:22:16.882985Z  INFO get_globs: tailwindcss_oxide::scanner: enter
2026-01-08T09:22:16.882997Z  INFO get_globs: tailwindcss_oxide::scanner: exit
